<?xml version="1.0" encoding="UTF-8"?>
<coverage generated="1643021540531" clover="3.2.0">
  <project timestamp="1643021540532" name="All files">
    <metrics statements="667" coveredstatements="667" conditionals="296" coveredconditionals="296" methods="191" coveredmethods="191" elements="1154" coveredelements="1154" complexity="0" loc="667" ncloc="667" packages="27" files="59" classes="59">
      <package name="01-algorithms-and-their-complexities">
        <metrics statements="20" coveredstatements="20" conditionals="2" coveredconditionals="2" methods="6" coveredmethods="6"/>
        <file name="factorial.js" path="/home/node/app/src/01-algorithms-and-their-complexities/factorial.js">
          <metrics statements="3" coveredstatements="3" conditionals="2" coveredconditionals="2" methods="1" coveredmethods="1"/>
          <line num="12" count="21" type="cond" truecount="2" falsecount="0"/>
          <line num="13" count="6" type="stmt"/>
          <line num="16" count="15" type="stmt"/>
        </file>
        <file name="fastPower.js" path="/home/node/app/src/01-algorithms-and-their-complexities/fastPower.js">
          <metrics statements="1" coveredstatements="1" conditionals="0" coveredconditionals="0" methods="1" coveredmethods="1"/>
          <line num="14" count="9" type="stmt"/>
        </file>
        <file name="iterativePower.js" path="/home/node/app/src/01-algorithms-and-their-complexities/iterativePower.js">
          <metrics statements="4" coveredstatements="4" conditionals="0" coveredconditionals="0" methods="1" coveredmethods="1"/>
          <line num="14" count="9" type="stmt"/>
          <line num="16" count="9" type="stmt"/>
          <line num="17" count="16" type="stmt"/>
          <line num="20" count="9" type="stmt"/>
        </file>
        <file name="multiplyArray.js" path="/home/node/app/src/01-algorithms-and-their-complexities/multiplyArray.js">
          <metrics statements="4" coveredstatements="4" conditionals="0" coveredconditionals="0" methods="1" coveredmethods="1"/>
          <line num="15" count="3" type="stmt"/>
          <line num="17" count="3" type="stmt"/>
          <line num="18" count="12" type="stmt"/>
          <line num="21" count="3" type="stmt"/>
        </file>
        <file name="multiplyArrayInPlace.js" path="/home/node/app/src/01-algorithms-and-their-complexities/multiplyArrayInPlace.js">
          <metrics statements="3" coveredstatements="3" conditionals="0" coveredconditionals="0" methods="1" coveredmethods="1"/>
          <line num="14" count="3" type="stmt"/>
          <line num="15" count="12" type="stmt"/>
          <line num="18" count="3" type="stmt"/>
        </file>
        <file name="pairs.js" path="/home/node/app/src/01-algorithms-and-their-complexities/pairs.js">
          <metrics statements="5" coveredstatements="5" conditionals="0" coveredconditionals="0" methods="1" coveredmethods="1"/>
          <line num="12" count="2" type="stmt"/>
          <line num="14" count="2" type="stmt"/>
          <line num="15" count="5" type="stmt"/>
          <line num="16" count="13" type="stmt"/>
          <line num="20" count="2" type="stmt"/>
        </file>
      </package>
      <package name="02-linked-list">
        <metrics statements="72" coveredstatements="72" conditionals="37" coveredconditionals="37" methods="12" coveredmethods="12"/>
        <file name="LinkedList.js" path="/home/node/app/src/02-linked-list/LinkedList.js">
          <metrics statements="69" coveredstatements="69" conditionals="34" coveredconditionals="34" methods="10" coveredmethods="10"/>
          <line num="6" count="297" type="stmt"/>
          <line num="9" count="297" type="stmt"/>
          <line num="18" count="15" type="stmt"/>
          <line num="19" count="15" type="stmt"/>
          <line num="22" count="15" type="cond" truecount="2" falsecount="0"/>
          <line num="23" count="7" type="stmt"/>
          <line num="26" count="15" type="stmt"/>
          <line num="34" count="208" type="stmt"/>
          <line num="37" count="208" type="cond" truecount="2" falsecount="0"/>
          <line num="38" count="102" type="stmt"/>
          <line num="39" count="102" type="stmt"/>
          <line num="41" count="102" type="stmt"/>
          <line num="44" count="106" type="stmt"/>
          <line num="45" count="106" type="stmt"/>
          <line num="47" count="106" type="stmt"/>
          <line num="49" count="106" type="stmt"/>
          <line num="57" count="15" type="cond" truecount="2" falsecount="0"/>
          <line num="58" count="1" type="stmt"/>
          <line num="61" count="14" type="stmt"/>
          <line num="65" count="14" type="cond" truecount="2" falsecount="0"/>
          <line num="66" count="11" type="stmt"/>
          <line num="67" count="11" type="stmt"/>
          <line num="70" count="14" type="stmt"/>
          <line num="72" count="14" type="cond" truecount="2" falsecount="0"/>
          <line num="73" count="11" type="stmt"/>
          <line num="74" count="16" type="cond" truecount="2" falsecount="0"/>
          <line num="76" count="5" type="stmt"/>
          <line num="77" count="5" type="stmt"/>
          <line num="79" count="11" type="stmt"/>
          <line num="85" count="14" type="cond" truecount="2" falsecount="0"/>
          <line num="86" count="5" type="stmt"/>
          <line num="89" count="14" type="stmt"/>
          <line num="96" count="3" type="stmt"/>
          <line num="98" count="3" type="cond" truecount="2" falsecount="0"/>
          <line num="100" count="1" type="stmt"/>
          <line num="101" count="1" type="stmt"/>
          <line num="103" count="1" type="stmt"/>
          <line num="108" count="2" type="stmt"/>
          <line num="109" count="2" type="stmt"/>
          <line num="110" count="3" type="cond" truecount="2" falsecount="0"/>
          <line num="111" count="2" type="stmt"/>
          <line num="113" count="1" type="stmt"/>
          <line num="117" count="2" type="stmt"/>
          <line num="119" count="2" type="stmt"/>
          <line num="126" count="49" type="cond" truecount="2" falsecount="0"/>
          <line num="127" count="3" type="stmt"/>
          <line num="130" count="46" type="stmt"/>
          <line num="132" count="46" type="cond" truecount="2" falsecount="0"/>
          <line num="133" count="30" type="stmt"/>
          <line num="135" count="16" type="stmt"/>
          <line num="136" count="16" type="stmt"/>
          <line num="139" count="46" type="stmt"/>
          <line num="149" count="67" type="cond" truecount="2" falsecount="0"/>
          <line num="150" count="20" type="stmt"/>
          <line num="153" count="47" type="stmt"/>
          <line num="155" count="47" type="stmt"/>
          <line num="157" count="56" type="cond" truecount="4" falsecount="0"/>
          <line num="158" count="28" type="stmt"/>
          <line num="162" count="28" type="cond" truecount="4" falsecount="0"/>
          <line num="163" count="2" type="stmt"/>
          <line num="166" count="26" type="stmt"/>
          <line num="169" count="17" type="stmt"/>
          <line num="176" count="104" type="stmt"/>
          <line num="178" count="104" type="stmt"/>
          <line num="179" count="104" type="stmt"/>
          <line num="180" count="174" type="stmt"/>
          <line num="181" count="174" type="stmt"/>
          <line num="184" count="104" type="stmt"/>
          <line num="192" count="42" type="stmt"/>
        </file>
        <file name="LinkedListNode.js" path="/home/node/app/src/02-linked-list/LinkedListNode.js">
          <metrics statements="3" coveredstatements="3" conditionals="3" coveredconditionals="3" methods="2" coveredmethods="2"/>
          <line num="3" count="229" type="stmt"/>
          <line num="4" count="229" type="stmt"/>
          <line num="8" count="65" type="cond" truecount="2" falsecount="0"/>
        </file>
      </package>
      <package name="03-queue">
        <metrics statements="9" coveredstatements="9" conditionals="4" coveredconditionals="4" methods="6" coveredmethods="6"/>
        <file name="Queue.js" path="/home/node/app/src/03-queue/Queue.js">
          <metrics statements="9" coveredstatements="9" conditionals="4" coveredconditionals="4" methods="6" coveredmethods="6"/>
          <line num="6" count="12" type="stmt"/>
          <line num="14" count="44" type="stmt"/>
          <line num="21" count="5" type="cond" truecount="2" falsecount="0"/>
          <line num="23" count="1" type="stmt"/>
          <line num="27" count="4" type="stmt"/>
          <line num="37" count="45" type="stmt"/>
          <line num="46" count="41" type="stmt"/>
          <line num="47" count="41" type="cond" truecount="2" falsecount="0"/>
          <line num="56" count="5" type="stmt"/>
        </file>
      </package>
      <package name="04-stack">
        <metrics statements="11" coveredstatements="11" conditionals="4" coveredconditionals="4" methods="8" coveredmethods="8"/>
        <file name="Stack.js" path="/home/node/app/src/04-stack/Stack.js">
          <metrics statements="11" coveredstatements="11" conditionals="4" coveredconditionals="4" methods="8" coveredmethods="8"/>
          <line num="8" count="7" type="stmt"/>
          <line num="16" count="7" type="stmt"/>
          <line num="23" count="4" type="cond" truecount="2" falsecount="0"/>
          <line num="25" count="2" type="stmt"/>
          <line num="29" count="2" type="stmt"/>
          <line num="38" count="12" type="stmt"/>
          <line num="47" count="5" type="stmt"/>
          <line num="48" count="5" type="cond" truecount="2" falsecount="0"/>
          <line num="55" count="1" type="stmt"/>
          <line num="57" count="3" type="stmt"/>
          <line num="65" count="2" type="stmt"/>
        </file>
      </package>
      <package name="05-hash-table">
        <metrics statements="27" coveredstatements="27" conditionals="7" coveredconditionals="7" methods="10" coveredmethods="10"/>
        <file name="HashTable.js" path="/home/node/app/src/05-hash-table/HashTable.js">
          <metrics statements="23" coveredstatements="23" conditionals="7" coveredconditionals="7" methods="9" coveredmethods="9"/>
          <line num="7" count="1" type="stmt"/>
          <line num="15" count="166" type="stmt"/>
          <line num="25" count="37" type="stmt"/>
          <line num="28" count="37" type="stmt"/>
          <line num="29" count="66" type="stmt"/>
          <line num="33" count="37" type="stmt"/>
          <line num="44" count="12" type="stmt"/>
          <line num="46" count="12" type="stmt"/>
          <line num="48" count="12" type="stmt"/>
          <line num="51" count="12" type="cond" truecount="2" falsecount="0"/>
          <line num="53" count="9" type="stmt"/>
          <line num="56" count="3" type="stmt"/>
          <line num="68" count="15" type="stmt"/>
          <line num="70" count="15" type="stmt"/>
          <line num="72" count="16" type="stmt"/>
          <line num="75" count="15" type="cond" truecount="2" falsecount="0"/>
          <line num="86" count="3" type="stmt"/>
          <line num="88" count="3" type="stmt"/>
          <line num="90" count="3" type="stmt"/>
          <line num="93" count="3" type="cond" truecount="2" falsecount="0"/>
          <line num="94" count="2" type="stmt"/>
          <line num="96" count="2" type="stmt"/>
          <line num="99" count="1" type="stmt"/>
        </file>
        <file name="hash.js" path="/home/node/app/src/05-hash-table/hash.js">
          <metrics statements="4" coveredstatements="4" conditionals="0" coveredconditionals="0" methods="1" coveredmethods="1"/>
          <line num="14" count="3" type="stmt"/>
          <line num="16" count="3" type="stmt"/>
          <line num="17" count="4" type="stmt"/>
          <line num="21" count="3" type="stmt"/>
        </file>
      </package>
      <package name="06-binary-search-tree">
        <metrics statements="116" coveredstatements="116" conditionals="78" coveredconditionals="78" methods="27" coveredmethods="27"/>
        <file name="BinarySearchTree.js" path="/home/node/app/src/06-binary-search-tree/BinarySearchTree.js">
          <metrics statements="8" coveredstatements="8" conditionals="1" coveredconditionals="1" methods="8" coveredmethods="8"/>
          <line num="5" count="8" type="stmt"/>
          <line num="14" count="5" type="stmt"/>
          <line num="22" count="4" type="stmt"/>
          <line num="30" count="3" type="stmt"/>
          <line num="40" count="28" type="stmt"/>
          <line num="49" count="2" type="stmt"/>
          <line num="58" count="3" type="stmt"/>
          <line num="66" count="6" type="stmt"/>
        </file>
        <file name="BinarySearchTreeNode.js" path="/home/node/app/src/06-binary-search-tree/BinarySearchTreeNode.js">
          <metrics statements="101" coveredstatements="101" conditionals="76" coveredconditionals="76" methods="16" coveredmethods="16"/>
          <line num="7" count="100" type="stmt"/>
          <line num="8" count="100" type="stmt"/>
          <line num="9" count="100" type="stmt"/>
          <line num="10" count="100" type="stmt"/>
          <line num="11" count="100" type="stmt"/>
          <line num="19" count="7" type="stmt"/>
          <line num="21" count="7" type="stmt"/>
          <line num="29" count="2" type="stmt"/>
          <line num="31" count="2" type="stmt"/>
          <line num="40" count="35" type="cond" truecount="2" falsecount="0"/>
          <line num="41" count="2" type="stmt"/>
          <line num="45" count="35" type="stmt"/>
          <line num="48" count="35" type="cond" truecount="2" falsecount="0"/>
          <line num="49" count="33" type="stmt"/>
          <line num="52" count="35" type="stmt"/>
          <line num="61" count="41" type="cond" truecount="2" falsecount="0"/>
          <line num="62" count="5" type="stmt"/>
          <line num="66" count="41" type="stmt"/>
          <line num="69" count="41" type="cond" truecount="2" falsecount="0"/>
          <line num="70" count="38" type="stmt"/>
          <line num="73" count="41" type="stmt"/>
          <line num="81" count="12" type="cond" truecount="4" falsecount="0"/>
          <line num="82" count="8" type="stmt"/>
          <line num="83" count="8" type="stmt"/>
          <line num="86" count="4" type="cond" truecount="4" falsecount="0"/>
          <line num="87" count="3" type="stmt"/>
          <line num="88" count="3" type="stmt"/>
          <line num="91" count="1" type="stmt"/>
          <line num="100" count="7" type="cond" truecount="4" falsecount="0"/>
          <line num="101" count="1" type="stmt"/>
          <line num="104" count="6" type="cond" truecount="4" falsecount="0"/>
          <line num="105" count="2" type="stmt"/>
          <line num="106" count="2" type="stmt"/>
          <line num="109" count="4" type="cond" truecount="4" falsecount="0"/>
          <line num="110" count="3" type="stmt"/>
          <line num="111" count="3" type="stmt"/>
          <line num="114" count="1" type="stmt"/>
          <line num="122" count="2" type="stmt"/>
          <line num="123" count="2" type="stmt"/>
          <line num="124" count="2" type="stmt"/>
          <line num="125" count="2" type="stmt"/>
          <line num="134" count="94" type="cond" truecount="2" falsecount="0"/>
          <line num="135" count="13" type="stmt"/>
          <line num="136" count="13" type="stmt"/>
          <line num="138" count="13" type="stmt"/>
          <line num="141" count="81" type="cond" truecount="2" falsecount="0"/>
          <line num="143" count="33" type="cond" truecount="2" falsecount="0"/>
          <line num="144" count="9" type="stmt"/>
          <line num="147" count="24" type="stmt"/>
          <line num="148" count="24" type="stmt"/>
          <line num="150" count="24" type="stmt"/>
          <line num="153" count="48" type="cond" truecount="2" falsecount="0"/>
          <line num="155" count="47" type="cond" truecount="2" falsecount="0"/>
          <line num="156" count="20" type="stmt"/>
          <line num="159" count="27" type="stmt"/>
          <line num="160" count="27" type="stmt"/>
          <line num="162" count="27" type="stmt"/>
          <line num="165" count="1" type="stmt"/>
          <line num="174" count="92" type="cond" truecount="2" falsecount="0"/>
          <line num="175" count="33" type="stmt"/>
          <line num="178" count="59" type="cond" truecount="4" falsecount="0"/>
          <line num="180" count="17" type="stmt"/>
          <line num="183" count="42" type="cond" truecount="4" falsecount="0"/>
          <line num="185" count="31" type="stmt"/>
          <line num="188" count="11" type="stmt"/>
          <line num="196" count="16" type="stmt"/>
          <line num="203" count="18" type="cond" truecount="2" falsecount="0"/>
          <line num="204" count="9" type="stmt"/>
          <line num="207" count="9" type="stmt"/>
          <line num="214" count="8" type="cond" truecount="2" falsecount="0"/>
          <line num="215" count="3" type="stmt"/>
          <line num="218" count="5" type="stmt"/>
          <line num="226" count="17" type="stmt"/>
          <line num="228" count="17" type="cond" truecount="2" falsecount="0"/>
          <line num="229" count="1" type="stmt"/>
          <line num="232" count="16" type="stmt"/>
          <line num="234" count="16" type="cond" truecount="4" falsecount="0"/>
          <line num="236" count="10" type="cond" truecount="2" falsecount="0"/>
          <line num="238" count="9" type="stmt"/>
          <line num="241" count="1" type="stmt"/>
          <line num="243" count="6" type="cond" truecount="4" falsecount="0"/>
          <line num="247" count="3" type="stmt"/>
          <line num="248" count="3" type="cond" truecount="2" falsecount="0"/>
          <line num="249" count="1" type="stmt"/>
          <line num="250" count="1" type="stmt"/>
          <line num="254" count="2" type="stmt"/>
          <line num="255" count="2" type="stmt"/>
          <line num="261" count="3" type="cond" truecount="2" falsecount="0"/>
          <line num="263" count="3" type="cond" truecount="2" falsecount="0"/>
          <line num="264" count="2" type="stmt"/>
          <line num="266" count="1" type="stmt"/>
          <line num="271" count="16" type="stmt"/>
          <line num="273" count="16" type="stmt"/>
          <line num="280" count="136" type="stmt"/>
          <line num="283" count="136" type="cond" truecount="2" falsecount="0"/>
          <line num="284" count="43" type="stmt"/>
          <line num="288" count="136" type="stmt"/>
          <line num="291" count="136" type="cond" truecount="2" falsecount="0"/>
          <line num="292" count="47" type="stmt"/>
          <line num="295" count="136" type="stmt"/>
          <line num="302" count="35" type="stmt"/>
        </file>
        <file name="BinaryTreeNode.js" path="/home/node/app/src/06-binary-search-tree/BinaryTreeNode.js">
          <metrics statements="7" coveredstatements="7" conditionals="1" coveredconditionals="1" methods="3" coveredmethods="3"/>
          <line num="6" count="31" type="stmt"/>
          <line num="7" count="31" type="stmt"/>
          <line num="8" count="31" type="stmt"/>
          <line num="15" count="11" type="stmt"/>
          <line num="16" count="11" type="stmt"/>
          <line num="23" count="11" type="stmt"/>
          <line num="24" count="11" type="stmt"/>
        </file>
      </package>
      <package name="07-heap">
        <metrics statements="64" coveredstatements="64" conditionals="28" coveredconditionals="28" methods="21" coveredmethods="21"/>
        <file name="MinHeap.js" path="/home/node/app/src/07-heap/MinHeap.js">
          <metrics statements="64" coveredstatements="64" conditionals="28" coveredconditionals="28" methods="21" coveredmethods="21"/>
          <line num="14" count="22" type="stmt"/>
          <line num="17" count="22" type="stmt"/>
          <line num="21" count="22" type="stmt"/>
          <line num="29" count="132" type="stmt"/>
          <line num="37" count="58" type="stmt"/>
          <line num="45" count="397" type="stmt"/>
          <line num="53" count="170" type="stmt"/>
          <line num="61" count="84" type="stmt"/>
          <line num="69" count="34" type="stmt"/>
          <line num="77" count="19" type="stmt"/>
          <line num="85" count="19" type="stmt"/>
          <line num="93" count="139" type="stmt"/>
          <line num="101" count="66" type="stmt"/>
          <line num="102" count="66" type="stmt"/>
          <line num="103" count="66" type="stmt"/>
          <line num="112" count="57" type="stmt"/>
          <line num="114" count="57" type="stmt"/>
          <line num="115" count="253" type="cond" truecount="2" falsecount="0"/>
          <line num="116" count="59" type="stmt"/>
          <line num="120" count="57" type="stmt"/>
          <line num="128" count="57" type="stmt"/>
          <line num="138" count="126" type="cond" truecount="2" falsecount="0"/>
          <line num="140" count="126" type="stmt"/>
          <line num="144" count="44" type="stmt"/>
          <line num="145" count="44" type="stmt"/>
          <line num="156" count="43" type="stmt"/>
          <line num="157" count="43" type="stmt"/>
          <line num="159" count="43" type="stmt"/>
          <line num="160" count="34" type="cond" truecount="2" falsecount="0"/>
          <line num="164" count="5" type="stmt"/>
          <line num="166" count="29" type="stmt"/>
          <line num="169" count="34" type="cond" truecount="2" falsecount="0"/>
          <line num="173" count="12" type="stmt"/>
          <line num="176" count="22" type="stmt"/>
          <line num="177" count="22" type="stmt"/>
          <line num="186" count="22" type="cond" truecount="2" falsecount="0"/>
          <line num="188" count="2" type="stmt"/>
          <line num="192" count="20" type="stmt"/>
          <line num="199" count="51" type="cond" truecount="2" falsecount="0"/>
          <line num="201" count="1" type="stmt"/>
          <line num="204" count="50" type="cond" truecount="2" falsecount="0"/>
          <line num="206" count="13" type="stmt"/>
          <line num="210" count="37" type="stmt"/>
          <line num="213" count="37" type="stmt"/>
          <line num="216" count="37" type="stmt"/>
          <line num="218" count="37" type="stmt"/>
          <line num="227" count="113" type="stmt"/>
          <line num="230" count="113" type="stmt"/>
          <line num="234" count="113" type="stmt"/>
          <line num="236" count="113" type="stmt"/>
          <line num="246" count="27" type="stmt"/>
          <line num="249" count="27" type="stmt"/>
          <line num="251" count="27" type="stmt"/>
          <line num="254" count="27" type="stmt"/>
          <line num="258" count="27" type="cond" truecount="2" falsecount="0"/>
          <line num="259" count="8" type="stmt"/>
          <line num="262" count="19" type="stmt"/>
          <line num="265" count="19" type="stmt"/>
          <line num="269" count="19" type="cond" truecount="2" falsecount="0"/>
          <line num="276" count="6" type="stmt"/>
          <line num="278" count="13" type="stmt"/>
          <line num="283" count="27" type="stmt"/>
          <line num="290" count="25" type="stmt"/>
          <line num="297" count="37" type="stmt"/>
        </file>
      </package>
      <package name="07-priority-queue">
        <metrics statements="18" coveredstatements="18" conditionals="9" coveredconditionals="9" methods="6" coveredmethods="6"/>
        <file name="PriorityQueue.js" path="/home/node/app/src/07-priority-queue/PriorityQueue.js">
          <metrics statements="18" coveredstatements="18" conditionals="9" coveredconditionals="9" methods="6" coveredmethods="6"/>
          <line num="15" count="99" type="cond" truecount="2" falsecount="0"/>
          <line num="16" count="10" type="stmt"/>
          <line num="18" count="89" type="cond" truecount="2" falsecount="0"/>
          <line num="28" count="64" type="cond" truecount="2" falsecount="0"/>
          <line num="29" count="22" type="stmt"/>
          <line num="31" count="42" type="cond" truecount="2" falsecount="0"/>
          <line num="36" count="13" type="stmt"/>
          <line num="39" count="13" type="stmt"/>
          <line num="43" count="13" type="stmt"/>
          <line num="53" count="66" type="stmt"/>
          <line num="54" count="66" type="stmt"/>
          <line num="55" count="66" type="stmt"/>
          <line num="65" count="11" type="stmt"/>
          <line num="66" count="11" type="stmt"/>
          <line num="67" count="11" type="stmt"/>
          <line num="77" count="11" type="stmt"/>
          <line num="78" count="11" type="stmt"/>
          <line num="79" count="11" type="stmt"/>
        </file>
      </package>
      <package name="08-graph">
        <metrics statements="70" coveredstatements="70" conditionals="22" coveredconditionals="22" methods="29" coveredmethods="29"/>
        <file name="Graph.js" path="/home/node/app/src/08-graph/Graph.js">
          <metrics statements="36" coveredstatements="36" conditionals="13" coveredconditionals="13" methods="9" coveredmethods="9"/>
          <line num="7" count="17" type="stmt"/>
          <line num="8" count="17" type="stmt"/>
          <line num="9" count="17" type="stmt"/>
          <line num="18" count="75" type="stmt"/>
          <line num="20" count="75" type="stmt"/>
          <line num="29" count="241" type="stmt"/>
          <line num="37" count="24" type="stmt"/>
          <line num="45" count="5" type="stmt"/>
          <line num="55" count="76" type="stmt"/>
          <line num="56" count="76" type="stmt"/>
          <line num="59" count="76" type="cond" truecount="2" falsecount="0"/>
          <line num="60" count="16" type="stmt"/>
          <line num="61" count="16" type="stmt"/>
          <line num="65" count="76" type="cond" truecount="2" falsecount="0"/>
          <line num="66" count="51" type="stmt"/>
          <line num="67" count="51" type="stmt"/>
          <line num="71" count="76" type="cond" truecount="2" falsecount="0"/>
          <line num="72" count="1" type="stmt"/>
          <line num="74" count="75" type="stmt"/>
          <line num="78" count="75" type="cond" truecount="2" falsecount="0"/>
          <line num="80" count="30" type="stmt"/>
          <line num="83" count="45" type="stmt"/>
          <line num="84" count="45" type="stmt"/>
          <line num="87" count="75" type="stmt"/>
          <line num="96" count="2" type="cond" truecount="2" falsecount="0"/>
          <line num="97" count="1" type="stmt"/>
          <line num="99" count="1" type="stmt"/>
          <line num="103" count="1" type="stmt"/>
          <line num="104" count="1" type="stmt"/>
          <line num="106" count="1" type="stmt"/>
          <line num="107" count="1" type="stmt"/>
          <line num="117" count="11" type="stmt"/>
          <line num="119" count="11" type="cond" truecount="2" falsecount="0"/>
          <line num="120" count="2" type="stmt"/>
          <line num="123" count="9" type="stmt"/>
          <line num="131" count="5" type="stmt"/>
        </file>
        <file name="GraphEdge.js" path="/home/node/app/src/08-graph/GraphEdge.js">
          <metrics statements="7" coveredstatements="7" conditionals="1" coveredconditionals="1" methods="3" coveredmethods="3"/>
          <line num="9" count="89" type="stmt"/>
          <line num="10" count="89" type="stmt"/>
          <line num="11" count="89" type="stmt"/>
          <line num="19" count="164" type="stmt"/>
          <line num="20" count="164" type="stmt"/>
          <line num="22" count="164" type="stmt"/>
          <line num="30" count="5" type="stmt"/>
        </file>
        <file name="GraphVertex.js" path="/home/node/app/src/08-graph/GraphVertex.js">
          <metrics statements="27" coveredstatements="27" conditionals="8" coveredconditionals="8" methods="17" coveredmethods="17"/>
          <line num="10" count="103" type="stmt"/>
          <line num="11" count="103" type="stmt"/>
          <line num="20" count="131" type="stmt"/>
          <line num="22" count="131" type="stmt"/>
          <line num="30" count="6" type="stmt"/>
          <line num="38" count="66" type="stmt"/>
          <line num="41" count="66" type="stmt"/>
          <line num="42" count="116" type="stmt"/>
          <line num="43" count="116" type="cond" truecount="2" falsecount="0"/>
          <line num="47" count="116" type="stmt"/>
          <line num="49" count="116" type="stmt"/>
          <line num="54" count="66" type="stmt"/>
          <line num="62" count="13" type="stmt"/>
          <line num="71" count="18" type="stmt"/>
          <line num="72" count="9" type="stmt"/>
          <line num="75" count="18" type="stmt"/>
          <line num="84" count="2" type="stmt"/>
          <line num="85" count="2" type="cond" truecount="2" falsecount="0"/>
          <line num="88" count="2" type="stmt"/>
          <line num="97" count="11" type="stmt"/>
          <line num="98" count="10" type="cond" truecount="2" falsecount="0"/>
          <line num="101" count="11" type="stmt"/>
          <line num="103" count="11" type="cond" truecount="2" falsecount="0"/>
          <line num="111" count="975" type="stmt"/>
          <line num="119" count="2" type="stmt"/>
          <line num="121" count="1" type="stmt"/>
          <line num="129" count="13" type="stmt"/>
        </file>
      </package>
      <package name="09-bit-manipulation">
        <metrics statements="42" coveredstatements="42" conditionals="14" coveredconditionals="14" methods="19" coveredmethods="19"/>
        <file name="bitLength.js" path="/home/node/app/src/09-bit-manipulation/bitLength.js">
          <metrics statements="4" coveredstatements="4" conditionals="0" coveredconditionals="0" methods="1" coveredmethods="1"/>
          <line num="8" count="8" type="stmt"/>
          <line num="10" count="8" type="stmt"/>
          <line num="11" count="29" type="stmt"/>
          <line num="14" count="8" type="stmt"/>
        </file>
        <file name="bitsDiff.js" path="/home/node/app/src/09-bit-manipulation/bitsDiff.js">
          <metrics statements="1" coveredstatements="1" conditionals="0" coveredconditionals="0" methods="1" coveredmethods="1"/>
          <line num="12" count="7" type="stmt"/>
        </file>
        <file name="clearBit.js" path="/home/node/app/src/09-bit-manipulation/clearBit.js">
          <metrics statements="2" coveredstatements="2" conditionals="0" coveredconditionals="0" methods="1" coveredmethods="1"/>
          <line num="7" count="6" type="stmt"/>
          <line num="9" count="6" type="stmt"/>
        </file>
        <file name="countSetBits.js" path="/home/node/app/src/09-bit-manipulation/countSetBits.js">
          <metrics statements="6" coveredstatements="6" conditionals="0" coveredconditionals="0" methods="1" coveredmethods="1"/>
          <line num="6" count="16" type="stmt"/>
          <line num="7" count="16" type="stmt"/>
          <line num="9" count="16" type="stmt"/>
          <line num="11" count="40" type="stmt"/>
          <line num="14" count="40" type="stmt"/>
          <line num="17" count="16" type="stmt"/>
        </file>
        <file name="divideByTwo.js" path="/home/node/app/src/09-bit-manipulation/divideByTwo.js">
          <metrics statements="1" coveredstatements="1" conditionals="0" coveredconditionals="0" methods="1" coveredmethods="1"/>
          <line num="6" count="32" type="stmt"/>
        </file>
        <file name="getBit.js" path="/home/node/app/src/09-bit-manipulation/getBit.js">
          <metrics statements="1" coveredstatements="1" conditionals="0" coveredconditionals="0" methods="1" coveredmethods="1"/>
          <line num="7" count="10" type="stmt"/>
        </file>
        <file name="isEven.js" path="/home/node/app/src/09-bit-manipulation/isEven.js">
          <metrics statements="1" coveredstatements="1" conditionals="0" coveredconditionals="0" methods="1" coveredmethods="1"/>
          <line num="6" count="39" type="stmt"/>
        </file>
        <file name="isPositive.js" path="/home/node/app/src/09-bit-manipulation/isPositive.js">
          <metrics statements="3" coveredstatements="3" conditionals="2" coveredconditionals="2" methods="1" coveredmethods="1"/>
          <line num="7" count="27" type="cond" truecount="2" falsecount="0"/>
          <line num="8" count="2" type="stmt"/>
          <line num="12" count="25" type="stmt"/>
        </file>
        <file name="isPowerOfTwo.js" path="/home/node/app/src/09-bit-manipulation/isPowerOfTwo.js">
          <metrics statements="1" coveredstatements="1" conditionals="0" coveredconditionals="0" methods="1" coveredmethods="1"/>
          <line num="6" count="14" type="stmt"/>
        </file>
        <file name="multiply.js" path="/home/node/app/src/09-bit-manipulation/multiply.js">
          <metrics statements="7" coveredstatements="7" conditionals="8" coveredconditionals="8" methods="5" coveredmethods="5"/>
          <line num="29" count="38" type="cond" truecount="4" falsecount="0"/>
          <line num="30" count="12" type="stmt"/>
          <line num="34" count="26" type="stmt"/>
          <line num="35" count="26" type="stmt"/>
          <line num="37" count="26" type="stmt"/>
          <line num="38" count="26" type="cond" truecount="2" falsecount="0"/>
          <line num="40" count="26" type="cond" truecount="2" falsecount="0"/>
        </file>
        <file name="multiplyByTwo.js" path="/home/node/app/src/09-bit-manipulation/multiplyByTwo.js">
          <metrics statements="1" coveredstatements="1" conditionals="0" coveredconditionals="0" methods="1" coveredmethods="1"/>
          <line num="6" count="32" type="stmt"/>
        </file>
        <file name="multiplyUnsigned.js" path="/home/node/app/src/09-bit-manipulation/multiplyUnsigned.js">
          <metrics statements="9" coveredstatements="9" conditionals="2" coveredconditionals="2" methods="1" coveredmethods="1"/>
          <line num="20" count="9" type="stmt"/>
          <line num="23" count="9" type="stmt"/>
          <line num="26" count="9" type="stmt"/>
          <line num="29" count="9" type="stmt"/>
          <line num="31" count="30" type="cond" truecount="2" falsecount="0"/>
          <line num="35" count="14" type="stmt"/>
          <line num="38" count="30" type="stmt"/>
          <line num="39" count="30" type="stmt"/>
          <line num="42" count="9" type="stmt"/>
        </file>
        <file name="setBit.js" path="/home/node/app/src/09-bit-manipulation/setBit.js">
          <metrics statements="1" coveredstatements="1" conditionals="0" coveredconditionals="0" methods="1" coveredmethods="1"/>
          <line num="7" count="6" type="stmt"/>
        </file>
        <file name="switchSign.js" path="/home/node/app/src/09-bit-manipulation/switchSign.js">
          <metrics statements="1" coveredstatements="1" conditionals="0" coveredconditionals="0" methods="1" coveredmethods="1"/>
          <line num="7" count="7" type="stmt"/>
        </file>
        <file name="updateBit.js" path="/home/node/app/src/09-bit-manipulation/updateBit.js">
          <metrics statements="3" coveredstatements="3" conditionals="2" coveredconditionals="2" methods="1" coveredmethods="1"/>
          <line num="9" count="10" type="cond" truecount="2" falsecount="0"/>
          <line num="12" count="10" type="stmt"/>
          <line num="15" count="10" type="stmt"/>
        </file>
      </package>
      <package name="10-factorial">
        <metrics statements="5" coveredstatements="5" conditionals="2" coveredconditionals="2" methods="2" coveredmethods="2"/>
        <file name="factorial.js" path="/home/node/app/src/10-factorial/factorial.js">
          <metrics statements="4" coveredstatements="4" conditionals="0" coveredconditionals="0" methods="1" coveredmethods="1"/>
          <line num="6" count="14" type="stmt"/>
          <line num="8" count="14" type="stmt"/>
          <line num="9" count="62" type="stmt"/>
          <line num="12" count="14" type="stmt"/>
        </file>
        <file name="factorialRecursive.js" path="/home/node/app/src/10-factorial/factorialRecursive.js">
          <metrics statements="1" coveredstatements="1" conditionals="2" coveredconditionals="2" methods="1" coveredmethods="1"/>
          <line num="6" count="25" type="cond" truecount="2" falsecount="0"/>
        </file>
      </package>
      <package name="11-fibonacci">
        <metrics statements="28" coveredstatements="28" conditionals="8" coveredconditionals="8" methods="3" coveredmethods="3"/>
        <file name="fibonacci.js" path="/home/node/app/src/11-fibonacci/fibonacci.js">
          <metrics statements="12" coveredstatements="12" conditionals="2" coveredconditionals="2" methods="1" coveredmethods="1"/>
          <line num="8" count="10" type="stmt"/>
          <line num="10" count="10" type="stmt"/>
          <line num="11" count="10" type="stmt"/>
          <line num="13" count="10" type="cond" truecount="2" falsecount="0"/>
          <line num="14" count="1" type="stmt"/>
          <line num="17" count="9" type="stmt"/>
          <line num="19" count="9" type="stmt"/>
          <line num="20" count="45" type="stmt"/>
          <line num="21" count="45" type="stmt"/>
          <line num="23" count="45" type="stmt"/>
          <line num="25" count="45" type="stmt"/>
          <line num="28" count="9" type="stmt"/>
        </file>
        <file name="fibonacciNth.js" path="/home/node/app/src/11-fibonacci/fibonacciNth.js">
          <metrics statements="10" coveredstatements="10" conditionals="2" coveredconditionals="2" methods="1" coveredmethods="1"/>
          <line num="8" count="19" type="stmt"/>
          <line num="9" count="19" type="stmt"/>
          <line num="11" count="19" type="cond" truecount="2" falsecount="0"/>
          <line num="12" count="1" type="stmt"/>
          <line num="15" count="18" type="stmt"/>
          <line num="17" count="18" type="stmt"/>
          <line num="18" count="722" type="stmt"/>
          <line num="19" count="722" type="stmt"/>
          <line num="21" count="722" type="stmt"/>
          <line num="24" count="18" type="stmt"/>
        </file>
        <file name="fibonacciNthClosedForm.js" path="/home/node/app/src/11-fibonacci/fibonacciNthClosedForm.js">
          <metrics statements="6" coveredstatements="6" conditionals="4" coveredconditionals="4" methods="1" coveredmethods="1"/>
          <line num="9" count="14" type="stmt"/>
          <line num="12" count="14" type="cond" truecount="4" falsecount="0"/>
          <line num="13" count="1" type="stmt"/>
          <line num="17" count="13" type="stmt"/>
          <line num="19" count="13" type="stmt"/>
          <line num="22" count="13" type="stmt"/>
        </file>
      </package>
      <package name="12-primality-test">
        <metrics statements="13" coveredstatements="13" conditionals="10" coveredconditionals="10" methods="1" coveredmethods="1"/>
        <file name="trialDivision.js" path="/home/node/app/src/12-primality-test/trialDivision.js">
          <metrics statements="13" coveredstatements="13" conditionals="10" coveredconditionals="10" methods="1" coveredmethods="1"/>
          <line num="7" count="21" type="cond" truecount="2" falsecount="0"/>
          <line num="8" count="3" type="stmt"/>
          <line num="11" count="18" type="cond" truecount="2" falsecount="0"/>
          <line num="13" count="3" type="stmt"/>
          <line num="16" count="15" type="cond" truecount="2" falsecount="0"/>
          <line num="18" count="2" type="stmt"/>
          <line num="22" count="13" type="cond" truecount="2" falsecount="0"/>
          <line num="23" count="7" type="stmt"/>
          <line num="27" count="6" type="stmt"/>
          <line num="28" count="6" type="stmt"/>
          <line num="29" count="21" type="cond" truecount="2" falsecount="0"/>
          <line num="30" count="1" type="stmt"/>
          <line num="34" count="5" type="stmt"/>
        </file>
      </package>
      <package name="14-is-power-of-two">
        <metrics statements="11" coveredstatements="11" conditionals="6" coveredconditionals="6" methods="2" coveredmethods="2"/>
        <file name="isPowerOfTwo.js" path="/home/node/app/src/14-is-power-of-two/isPowerOfTwo.js">
          <metrics statements="8" coveredstatements="8" conditionals="4" coveredconditionals="4" methods="1" coveredmethods="1"/>
          <line num="7" count="17" type="cond" truecount="2" falsecount="0"/>
          <line num="8" count="2" type="stmt"/>
          <line num="13" count="15" type="stmt"/>
          <line num="14" count="15" type="stmt"/>
          <line num="15" count="38" type="cond" truecount="2" falsecount="0"/>
          <line num="18" count="8" type="stmt"/>
          <line num="21" count="30" type="stmt"/>
          <line num="24" count="7" type="stmt"/>
        </file>
        <file name="isPowerOfTwoBitwise.js" path="/home/node/app/src/14-is-power-of-two/isPowerOfTwoBitwise.js">
          <metrics statements="3" coveredstatements="3" conditionals="2" coveredconditionals="2" methods="1" coveredmethods="1"/>
          <line num="7" count="17" type="cond" truecount="2" falsecount="0"/>
          <line num="8" count="2" type="stmt"/>
          <line num="25" count="15" type="stmt"/>
        </file>
      </package>
      <package name="15-linear-search">
        <metrics statements="6" coveredstatements="6" conditionals="2" coveredconditionals="2" methods="2" coveredmethods="2"/>
        <file name="linearSearch.js" path="/home/node/app/src/15-linear-search/linearSearch.js">
          <metrics statements="6" coveredstatements="6" conditionals="2" coveredconditionals="2" methods="2" coveredmethods="2"/>
          <line num="12" count="11" type="stmt"/>
          <line num="13" count="11" type="stmt"/>
          <line num="15" count="11" type="stmt"/>
          <line num="16" count="44" type="cond" truecount="2" falsecount="0"/>
          <line num="17" count="11" type="stmt"/>
          <line num="21" count="11" type="stmt"/>
        </file>
      </package>
      <package name="16-binary-search">
        <metrics statements="11" coveredstatements="11" conditionals="4" coveredconditionals="4" methods="1" coveredmethods="1"/>
        <file name="binarySearch.js" path="/home/node/app/src/16-binary-search/binarySearch.js">
          <metrics statements="11" coveredstatements="11" conditionals="4" coveredconditionals="4" methods="1" coveredmethods="1"/>
          <line num="15" count="18" type="stmt"/>
          <line num="18" count="18" type="stmt"/>
          <line num="19" count="18" type="stmt"/>
          <line num="23" count="18" type="stmt"/>
          <line num="25" count="36" type="stmt"/>
          <line num="28" count="36" type="cond" truecount="2" falsecount="0"/>
          <line num="29" count="13" type="stmt"/>
          <line num="33" count="23" type="cond" truecount="2" falsecount="0"/>
          <line num="35" count="11" type="stmt"/>
          <line num="38" count="12" type="stmt"/>
          <line num="43" count="5" type="stmt"/>
        </file>
      </package>
      <package name="17-cartesian-product">
        <metrics statements="7" coveredstatements="7" conditionals="6" coveredconditionals="6" methods="1" coveredmethods="1"/>
        <file name="cartesianProduct.js" path="/home/node/app/src/17-cartesian-product/cartesianProduct.js">
          <metrics statements="7" coveredstatements="7" conditionals="6" coveredconditionals="6" methods="1" coveredmethods="1"/>
          <line num="10" count="5" type="cond" truecount="6" falsecount="0"/>
          <line num="11" count="2" type="stmt"/>
          <line num="15" count="3" type="stmt"/>
          <line num="18" count="3" type="stmt"/>
          <line num="19" count="16" type="stmt"/>
          <line num="21" count="57" type="stmt"/>
          <line num="26" count="3" type="stmt"/>
        </file>
      </package>
      <package name="18-power-set">
        <metrics statements="15" coveredstatements="15" conditionals="5" coveredconditionals="5" methods="2" coveredmethods="2"/>
        <file name="btPowerSet.js" path="/home/node/app/src/18-power-set/btPowerSet.js">
          <metrics statements="6" coveredstatements="6" conditionals="3" coveredconditionals="3" methods="1" coveredmethods="1"/>
          <line num="19" count="10" type="stmt"/>
          <line num="21" count="8" type="stmt"/>
          <line num="27" count="8" type="stmt"/>
          <line num="31" count="8" type="stmt"/>
          <line num="34" count="8" type="stmt"/>
          <line num="38" count="10" type="stmt"/>
        </file>
        <file name="bwPowerSet.js" path="/home/node/app/src/18-power-set/bwPowerSet.js">
          <metrics statements="9" coveredstatements="9" conditionals="2" coveredconditionals="2" methods="1" coveredmethods="1"/>
          <line num="8" count="3" type="stmt"/>
          <line num="13" count="3" type="stmt"/>
          <line num="19" count="3" type="stmt"/>
          <line num="20" count="18" type="stmt"/>
          <line num="22" count="18" type="stmt"/>
          <line num="24" count="50" type="cond" truecount="2" falsecount="0"/>
          <line num="25" count="25" type="stmt"/>
          <line num="30" count="18" type="stmt"/>
          <line num="33" count="3" type="stmt"/>
        </file>
      </package>
      <package name="19-permutations">
        <metrics statements="20" coveredstatements="20" conditionals="5" coveredconditionals="5" methods="5" coveredmethods="5"/>
        <file name="permutateWithRepetitions.js" path="/home/node/app/src/19-permutations/permutateWithRepetitions.js">
          <metrics statements="8" coveredstatements="8" conditionals="3" coveredconditionals="3" methods="4" coveredmethods="4"/>
          <line num="12" count="13" type="cond" truecount="2" falsecount="0"/>
          <line num="13" count="13" type="stmt"/>
          <line num="17" count="8" type="stmt"/>
          <line num="20" count="8" type="stmt"/>
          <line num="26" count="8" type="stmt"/>
          <line num="28" count="26" type="stmt"/>
          <line num="29" count="412" type="stmt"/>
          <line num="34" count="8" type="stmt"/>
        </file>
        <file name="permutateWithoutRepetitions.js" path="/home/node/app/src/19-permutations/permutateWithoutRepetitions.js">
          <metrics statements="12" coveredstatements="12" conditionals="2" coveredconditionals="2" methods="1" coveredmethods="1"/>
          <line num="7" count="21" type="cond" truecount="2" falsecount="0"/>
          <line num="8" count="7" type="stmt"/>
          <line num="12" count="14" type="stmt"/>
          <line num="16" count="14" type="stmt"/>
          <line num="19" count="14" type="stmt"/>
          <line num="20" count="14" type="stmt"/>
          <line num="21" count="170" type="stmt"/>
          <line num="24" count="170" type="stmt"/>
          <line num="25" count="924" type="stmt"/>
          <line num="26" count="924" type="stmt"/>
          <line num="27" count="924" type="stmt"/>
          <line num="32" count="14" type="stmt"/>
        </file>
      </package>
      <package name="20-combinations">
        <metrics statements="16" coveredstatements="16" conditionals="4" coveredconditionals="4" methods="8" coveredmethods="8"/>
        <file name="combineWithRepetitions.js" path="/home/node/app/src/20-combinations/combineWithRepetitions.js">
          <metrics statements="8" coveredstatements="8" conditionals="2" coveredconditionals="2" methods="4" coveredmethods="4"/>
          <line num="8" count="205" type="cond" truecount="2" falsecount="0"/>
          <line num="9" count="376" type="stmt"/>
          <line num="13" count="59" type="stmt"/>
          <line num="17" count="59" type="stmt"/>
          <line num="19" count="197" type="stmt"/>
          <line num="25" count="197" type="stmt"/>
          <line num="26" count="1067" type="stmt"/>
          <line num="31" count="59" type="stmt"/>
        </file>
        <file name="combineWithoutRepetitions.js" path="/home/node/app/src/20-combinations/combineWithoutRepetitions.js">
          <metrics statements="8" coveredstatements="8" conditionals="2" coveredconditionals="2" methods="4" coveredmethods="4"/>
          <line num="8" count="156" type="cond" truecount="2" falsecount="0"/>
          <line num="9" count="102" type="stmt"/>
          <line num="13" count="63" type="stmt"/>
          <line num="17" count="63" type="stmt"/>
          <line num="19" count="146" type="stmt"/>
          <line num="25" count="146" type="stmt"/>
          <line num="26" count="264" type="stmt"/>
          <line num="31" count="63" type="stmt"/>
        </file>
      </package>
      <package name="21-quicksort">
        <metrics statements="18" coveredstatements="18" conditionals="7" coveredconditionals="7" methods="1" coveredmethods="1"/>
        <file name="quickSort.js" path="/home/node/app/src/21-quicksort/quickSort.js">
          <metrics statements="18" coveredstatements="18" conditionals="7" coveredconditionals="7" methods="1" coveredmethods="1"/>
          <line num="12" count="164" type="stmt"/>
          <line num="16" count="164" type="stmt"/>
          <line num="20" count="164" type="cond" truecount="2" falsecount="0"/>
          <line num="21" count="90" type="stmt"/>
          <line num="25" count="74" type="stmt"/>
          <line num="26" count="74" type="stmt"/>
          <line num="29" count="74" type="stmt"/>
          <line num="30" count="74" type="stmt"/>
          <line num="34" count="74" type="stmt"/>
          <line num="36" count="529" type="stmt"/>
          <line num="40" count="529" type="cond" truecount="2" falsecount="0"/>
          <line num="41" count="26" type="stmt"/>
          <line num="42" count="503" type="cond" truecount="2" falsecount="0"/>
          <line num="43" count="249" type="stmt"/>
          <line num="45" count="254" type="stmt"/>
          <line num="50" count="74" type="stmt"/>
          <line num="51" count="74" type="stmt"/>
          <line num="54" count="74" type="stmt"/>
        </file>
      </package>
      <package name="22-tree-depth-first-search">
        <metrics statements="5" coveredstatements="5" conditionals="5" coveredconditionals="5" methods="2" coveredmethods="2"/>
        <file name="depthFirstSearch.js" path="/home/node/app/src/22-tree-depth-first-search/depthFirstSearch.js">
          <metrics statements="5" coveredstatements="5" conditionals="5" coveredconditionals="5" methods="2" coveredmethods="2"/>
          <line num="9" count="19" type="stmt"/>
          <line num="12" count="19" type="cond" truecount="2" falsecount="0"/>
          <line num="13" count="8" type="stmt"/>
          <line num="17" count="19" type="cond" truecount="2" falsecount="0"/>
          <line num="18" count="8" type="stmt"/>
        </file>
      </package>
      <package name="23-tree-breadth-first-search">
        <metrics statements="9" coveredstatements="9" conditionals="5" coveredconditionals="5" methods="2" coveredmethods="2"/>
        <file name="breadthFirstSearch.js" path="/home/node/app/src/23-tree-breadth-first-search/breadthFirstSearch.js">
          <metrics statements="9" coveredstatements="9" conditionals="5" coveredconditionals="5" methods="2" coveredmethods="2"/>
          <line num="14" count="3" type="stmt"/>
          <line num="15" count="3" type="stmt"/>
          <line num="18" count="3" type="stmt"/>
          <line num="20" count="19" type="stmt"/>
          <line num="23" count="19" type="stmt"/>
          <line num="26" count="19" type="cond" truecount="2" falsecount="0"/>
          <line num="27" count="8" type="stmt"/>
          <line num="31" count="19" type="cond" truecount="2" falsecount="0"/>
          <line num="32" count="8" type="stmt"/>
        </file>
      </package>
      <package name="24-graph-depth-first-search">
        <metrics statements="9" coveredstatements="9" conditionals="2" coveredconditionals="2" methods="3" coveredmethods="3"/>
        <file name="depthFirstSearch.js" path="/home/node/app/src/24-graph-depth-first-search/depthFirstSearch.js">
          <metrics statements="9" coveredstatements="9" conditionals="2" coveredconditionals="2" methods="3" coveredmethods="3"/>
          <line num="11" count="2" type="stmt"/>
          <line num="14" count="2" type="stmt"/>
          <line num="21" count="2" type="stmt"/>
          <line num="23" count="14" type="stmt"/>
          <line num="26" count="14" type="stmt"/>
          <line num="30" count="22" type="cond" truecount="2" falsecount="0"/>
          <line num="32" count="12" type="stmt"/>
          <line num="34" count="12" type="stmt"/>
          <line num="40" count="2" type="stmt"/>
        </file>
      </package>
      <package name="25-graph-breadth-first-search">
        <metrics statements="11" coveredstatements="11" conditionals="2" coveredconditionals="2" methods="2" coveredmethods="2"/>
        <file name="breadthFirstSearch.js" path="/home/node/app/src/25-graph-breadth-first-search/breadthFirstSearch.js">
          <metrics statements="11" coveredstatements="11" conditionals="2" coveredconditionals="2" methods="2" coveredmethods="2"/>
          <line num="14" count="2" type="stmt"/>
          <line num="17" count="2" type="stmt"/>
          <line num="21" count="2" type="stmt"/>
          <line num="24" count="2" type="stmt"/>
          <line num="27" count="2" type="stmt"/>
          <line num="29" count="15" type="stmt"/>
          <line num="32" count="15" type="stmt"/>
          <line num="35" count="15" type="stmt"/>
          <line num="36" count="23" type="cond" truecount="2" falsecount="0"/>
          <line num="38" count="13" type="stmt"/>
          <line num="41" count="13" type="stmt"/>
        </file>
      </package>
      <package name="26-dijkstra">
        <metrics statements="25" coveredstatements="25" conditionals="8" coveredconditionals="8" methods="3" coveredmethods="3"/>
        <file name="dijkstra.js" path="/home/node/app/src/26-dijkstra/dijkstra.js">
          <metrics statements="25" coveredstatements="25" conditionals="8" coveredconditionals="8" methods="3" coveredmethods="3"/>
          <line num="18" count="3" type="stmt"/>
          <line num="19" count="3" type="stmt"/>
          <line num="20" count="3" type="stmt"/>
          <line num="21" count="3" type="stmt"/>
          <line num="25" count="3" type="stmt"/>
          <line num="26" count="22" type="stmt"/>
          <line num="27" count="22" type="stmt"/>
          <line num="31" count="3" type="stmt"/>
          <line num="34" count="3" type="stmt"/>
          <line num="37" count="3" type="stmt"/>
          <line num="39" count="20" type="stmt"/>
          <line num="42" count="20" type="stmt"/>
          <line num="43" count="52" type="cond" truecount="2" falsecount="0"/>
          <line num="44" count="29" type="stmt"/>
          <line num="45" count="29" type="stmt"/>
          <line num="46" count="29" type="stmt"/>
          <line num="49" count="29" type="cond" truecount="2" falsecount="0"/>
          <line num="50" count="22" type="stmt"/>
          <line num="53" count="22" type="cond" truecount="2" falsecount="0"/>
          <line num="54" count="5" type="stmt"/>
          <line num="58" count="22" type="stmt"/>
          <line num="62" count="29" type="cond" truecount="2" falsecount="0"/>
          <line num="63" count="17" type="stmt"/>
          <line num="69" count="20" type="stmt"/>
          <line num="73" count="3" type="stmt"/>
        </file>
      </package>
      <package name="utils.comparator">
        <metrics statements="9" coveredstatements="9" conditionals="10" coveredconditionals="10" methods="7" coveredmethods="7"/>
        <file name="Comparator.js" path="/home/node/app/src/utils/comparator/Comparator.js">
          <metrics statements="9" coveredstatements="9" conditionals="10" coveredconditionals="10" methods="7" coveredmethods="7"/>
          <line num="9" count="1351" type="cond" truecount="2" falsecount="0"/>
          <line num="10" count="86" type="stmt"/>
          <line num="13" count="1265" type="cond" truecount="2" falsecount="0"/>
          <line num="21" count="242" type="cond" truecount="2" falsecount="0"/>
          <line num="31" count="912" type="stmt"/>
          <line num="41" count="588" type="stmt"/>
          <line num="51" count="128" type="stmt"/>
          <line num="61" count="56" type="cond" truecount="2" falsecount="0"/>
          <line num="71" count="6" type="cond" truecount="2" falsecount="0"/>
        </file>
      </package>
    </metrics>
  </project>
</coverage>
