TN:
SF:/home/node/app/src/01-algorithms-and-their-complexities/factorial.js
FN:11,factorial
FNF:1
FNH:1
FNDA:21,factorial
DA:12,21
DA:13,6
DA:16,15
LF:3
LH:3
BRDA:12,0,0,6
BRDA:12,0,1,15
BRF:2
BRH:2
end_of_record
TN:
SF:/home/node/app/src/01-algorithms-and-their-complexities/fastPower.js
FN:13,fastPower
FNF:1
FNH:1
FNDA:9,fastPower
DA:14,9
LF:1
LH:1
BRF:0
BRH:0
end_of_record
TN:
SF:/home/node/app/src/01-algorithms-and-their-complexities/iterativePower.js
FN:13,iterativePower
FNF:1
FNH:1
FNDA:9,iterativePower
DA:14,9
DA:16,9
DA:17,16
DA:20,9
LF:4
LH:4
BRF:0
BRH:0
end_of_record
TN:
SF:/home/node/app/src/01-algorithms-and-their-complexities/multiplyArray.js
FN:14,multiplyArray
FNF:1
FNH:1
FNDA:3,multiplyArray
DA:15,3
DA:17,3
DA:18,12
DA:21,3
LF:4
LH:4
BRF:0
BRH:0
end_of_record
TN:
SF:/home/node/app/src/01-algorithms-and-their-complexities/multiplyArrayInPlace.js
FN:13,multiplyArrayInPlace
FNF:1
FNH:1
FNDA:3,multiplyArrayInPlace
DA:14,3
DA:15,12
DA:18,3
LF:3
LH:3
BRF:0
BRH:0
end_of_record
TN:
SF:/home/node/app/src/01-algorithms-and-their-complexities/pairs.js
FN:11,pairs
FNF:1
FNH:1
FNDA:2,pairs
DA:12,2
DA:14,2
DA:15,5
DA:16,13
DA:20,2
LF:5
LH:5
BRF:0
BRH:0
end_of_record
TN:
SF:/home/node/app/src/02-linked-list/LinkedList.js
FN:4,(anonymous_0)
FN:16,(anonymous_1)
FN:33,(anonymous_2)
FN:56,(anonymous_3)
FN:95,(anonymous_4)
FN:125,(anonymous_5)
FN:148,(anonymous_6)
FN:175,(anonymous_7)
FN:191,(anonymous_8)
FN:192,(anonymous_9)
FNF:10
FNH:10
FNDA:297,(anonymous_0)
FNDA:15,(anonymous_1)
FNDA:208,(anonymous_2)
FNDA:15,(anonymous_3)
FNDA:3,(anonymous_4)
FNDA:49,(anonymous_5)
FNDA:67,(anonymous_6)
FNDA:104,(anonymous_7)
FNDA:26,(anonymous_8)
FNDA:42,(anonymous_9)
DA:6,297
DA:9,297
DA:18,15
DA:19,15
DA:22,15
DA:23,7
DA:26,15
DA:34,208
DA:37,208
DA:38,102
DA:39,102
DA:41,102
DA:44,106
DA:45,106
DA:47,106
DA:49,106
DA:57,15
DA:58,1
DA:61,14
DA:65,14
DA:66,11
DA:67,11
DA:70,14
DA:72,14
DA:73,11
DA:74,16
DA:76,5
DA:77,5
DA:79,11
DA:85,14
DA:86,5
DA:89,14
DA:96,3
DA:98,3
DA:100,1
DA:101,1
DA:103,1
DA:108,2
DA:109,2
DA:110,3
DA:111,2
DA:113,1
DA:117,2
DA:119,2
DA:126,49
DA:127,3
DA:130,46
DA:132,46
DA:133,30
DA:135,16
DA:136,16
DA:139,46
DA:149,67
DA:150,20
DA:153,47
DA:155,47
DA:157,56
DA:158,28
DA:162,28
DA:163,2
DA:166,26
DA:169,17
DA:176,104
DA:178,104
DA:179,104
DA:180,174
DA:181,174
DA:184,104
DA:192,42
LF:69
LH:69
BRDA:22,0,0,7
BRDA:22,0,1,8
BRDA:37,1,0,102
BRDA:37,1,1,106
BRDA:57,2,0,1
BRDA:57,2,1,14
BRDA:65,3,0,25
BRDA:65,3,1,22
BRDA:72,4,0,11
BRDA:72,4,1,3
BRDA:74,5,0,5
BRDA:74,5,1,11
BRDA:85,6,0,5
BRDA:85,6,1,9
BRDA:98,7,0,1
BRDA:98,7,1,2
BRDA:110,8,0,2
BRDA:110,8,1,1
BRDA:126,9,0,3
BRDA:126,9,1,46
BRDA:132,10,0,30
BRDA:132,10,1,16
BRDA:148,11,0,63
BRDA:148,12,0,4
BRDA:149,13,0,20
BRDA:149,13,1,47
BRDA:157,14,0,28
BRDA:157,14,1,28
BRDA:157,15,0,56
BRDA:157,15,1,50
BRDA:162,16,0,2
BRDA:162,16,1,26
BRDA:162,17,0,28
BRDA:162,17,1,6
BRF:34
BRH:34
end_of_record
TN:
SF:/home/node/app/src/02-linked-list/LinkedListNode.js
FN:2,(anonymous_0)
FN:7,(anonymous_1)
FNF:2
FNH:2
FNDA:229,(anonymous_0)
FNDA:65,(anonymous_1)
DA:3,229
DA:4,229
DA:8,65
LF:3
LH:3
BRDA:2,0,0,213
BRDA:8,1,0,11
BRDA:8,1,1,54
BRF:3
BRH:3
end_of_record
TN:
SF:/home/node/app/src/03-queue/Queue.js
FN:4,(anonymous_0)
FN:12,(anonymous_1)
FN:20,(anonymous_2)
FN:33,(anonymous_3)
FN:43,(anonymous_4)
FN:54,(anonymous_5)
FNF:6
FNH:6
FNDA:12,(anonymous_0)
FNDA:44,(anonymous_1)
FNDA:5,(anonymous_2)
FNDA:45,(anonymous_3)
FNDA:41,(anonymous_4)
FNDA:5,(anonymous_5)
DA:6,12
DA:14,44
DA:21,5
DA:23,1
DA:27,4
DA:37,45
DA:46,41
DA:47,41
DA:56,5
LF:9
LH:9
BRDA:21,0,0,1
BRDA:21,0,1,4
BRDA:47,1,0,40
BRDA:47,1,1,1
BRF:4
BRH:4
end_of_record
TN:
SF:/home/node/app/src/04-stack/Stack.js
FN:4,(anonymous_0)
FN:14,(anonymous_1)
FN:22,(anonymous_2)
FN:35,(anonymous_3)
FN:44,(anonymous_4)
FN:54,(anonymous_5)
FN:57,(anonymous_6)
FN:64,(anonymous_7)
FNF:8
FNH:8
FNDA:7,(anonymous_0)
FNDA:7,(anonymous_1)
FNDA:4,(anonymous_2)
FNDA:12,(anonymous_3)
FNDA:5,(anonymous_4)
FNDA:1,(anonymous_5)
FNDA:3,(anonymous_6)
FNDA:2,(anonymous_7)
DA:8,7
DA:16,7
DA:23,4
DA:25,2
DA:29,2
DA:38,12
DA:47,5
DA:48,5
DA:55,1
DA:57,3
DA:65,2
LF:11
LH:11
BRDA:23,0,0,2
BRDA:23,0,1,2
BRDA:48,1,0,4
BRDA:48,1,1,1
BRF:4
BRH:4
end_of_record
TN:
SF:/home/node/app/src/05-hash-table/HashTable.js
FN:13,(anonymous_0)
FN:15,(anonymous_1)
FN:24,(anonymous_2)
FN:42,(anonymous_3)
FN:48,(anonymous_4)
FN:66,(anonymous_5)
FN:72,(anonymous_6)
FN:84,(anonymous_7)
FN:90,(anonymous_8)
FNF:9
FNH:9
FNDA:6,(anonymous_0)
FNDA:166,(anonymous_1)
FNDA:37,(anonymous_2)
FNDA:12,(anonymous_3)
FNDA:5,(anonymous_4)
FNDA:15,(anonymous_5)
FNDA:16,(anonymous_6)
FNDA:3,(anonymous_7)
FNDA:3,(anonymous_8)
DA:7,1
DA:15,166
DA:25,37
DA:28,37
DA:29,66
DA:33,37
DA:44,12
DA:46,12
DA:48,12
DA:51,12
DA:53,9
DA:56,3
DA:68,15
DA:70,15
DA:72,16
DA:75,15
DA:86,3
DA:88,3
DA:90,3
DA:93,3
DA:94,2
DA:96,2
DA:99,1
LF:23
LH:23
BRDA:13,0,0,3
BRDA:51,1,0,9
BRDA:51,1,1,3
BRDA:75,2,0,9
BRDA:75,2,1,6
BRDA:93,3,0,2
BRDA:93,3,1,1
BRF:7
BRH:7
end_of_record
TN:
SF:/home/node/app/src/05-hash-table/hash.js
FN:13,hash
FNF:1
FNH:1
FNDA:3,hash
DA:14,3
DA:16,3
DA:17,4
DA:21,3
LF:4
LH:4
BRF:0
BRH:0
end_of_record
TN:
SF:/home/node/app/src/06-binary-search-tree/BinarySearchTree.js
FN:4,(anonymous_0)
FN:13,(anonymous_1)
FN:21,(anonymous_2)
FN:29,(anonymous_3)
FN:39,(anonymous_4)
FN:48,(anonymous_5)
FN:57,(anonymous_6)
FN:65,(anonymous_7)
FNF:8
FNH:8
FNDA:8,(anonymous_0)
FNDA:5,(anonymous_1)
FNDA:4,(anonymous_2)
FNDA:3,(anonymous_3)
FNDA:28,(anonymous_4)
FNDA:2,(anonymous_5)
FNDA:3,(anonymous_6)
FNDA:6,(anonymous_7)
DA:5,8
DA:14,5
DA:22,4
DA:30,3
DA:40,28
DA:49,2
DA:58,3
DA:66,6
LF:8
LH:8
BRDA:39,0,0,20
BRF:1
BRH:1
end_of_record
TN:
SF:/home/node/app/src/06-binary-search-tree/BinarySearchTreeNode.js
FN:6,(anonymous_0)
FN:18,(anonymous_1)
FN:28,(anonymous_2)
FN:38,(anonymous_3)
FN:59,(anonymous_4)
FN:80,(anonymous_5)
FN:99,(anonymous_6)
FN:121,(anonymous_7)
FN:133,(anonymous_8)
FN:172,(anonymous_9)
FN:195,(anonymous_10)
FN:202,(anonymous_11)
FN:213,(anonymous_12)
FN:225,(anonymous_13)
FN:279,(anonymous_14)
FN:301,(anonymous_15)
FNF:16
FNH:16
FNDA:100,(anonymous_0)
FNDA:7,(anonymous_1)
FNDA:2,(anonymous_2)
FNDA:35,(anonymous_3)
FNDA:41,(anonymous_4)
FNDA:12,(anonymous_5)
FNDA:7,(anonymous_6)
FNDA:2,(anonymous_7)
FNDA:94,(anonymous_8)
FNDA:92,(anonymous_9)
FNDA:16,(anonymous_10)
FNDA:18,(anonymous_11)
FNDA:8,(anonymous_12)
FNDA:17,(anonymous_13)
FNDA:136,(anonymous_14)
FNDA:35,(anonymous_15)
DA:7,100
DA:8,100
DA:9,100
DA:10,100
DA:11,100
DA:19,7
DA:21,7
DA:29,2
DA:31,2
DA:40,35
DA:41,2
DA:45,35
DA:48,35
DA:49,33
DA:52,35
DA:61,41
DA:62,5
DA:66,41
DA:69,41
DA:70,38
DA:73,41
DA:81,12
DA:82,8
DA:83,8
DA:86,4
DA:87,3
DA:88,3
DA:91,1
DA:100,7
DA:101,1
DA:104,6
DA:105,2
DA:106,2
DA:109,4
DA:110,3
DA:111,3
DA:114,1
DA:122,2
DA:123,2
DA:124,2
DA:125,2
DA:134,94
DA:135,13
DA:136,13
DA:138,13
DA:141,81
DA:143,33
DA:144,9
DA:147,24
DA:148,24
DA:150,24
DA:153,48
DA:155,47
DA:156,20
DA:159,27
DA:160,27
DA:162,27
DA:165,1
DA:174,92
DA:175,33
DA:178,59
DA:180,17
DA:183,42
DA:185,31
DA:188,11
DA:196,16
DA:203,18
DA:204,9
DA:207,9
DA:214,8
DA:215,3
DA:218,5
DA:226,17
DA:228,17
DA:229,1
DA:232,16
DA:234,16
DA:236,10
DA:238,9
DA:241,1
DA:243,6
DA:247,3
DA:248,3
DA:249,1
DA:250,1
DA:254,2
DA:255,2
DA:261,3
DA:263,3
DA:264,2
DA:266,1
DA:271,16
DA:273,16
DA:280,136
DA:283,136
DA:284,43
DA:288,136
DA:291,136
DA:292,47
DA:295,136
DA:302,35
LF:101
LH:101
BRDA:6,0,0,9
BRDA:6,1,0,79
BRDA:40,2,0,2
BRDA:40,2,1,33
BRDA:48,3,0,33
BRDA:48,3,1,2
BRDA:61,4,0,5
BRDA:61,4,1,36
BRDA:69,5,0,38
BRDA:69,5,1,3
BRDA:81,6,0,8
BRDA:81,6,1,4
BRDA:81,7,0,12
BRDA:81,7,1,8
BRDA:86,8,0,3
BRDA:86,8,1,1
BRDA:86,9,0,4
BRDA:86,9,1,3
BRDA:100,10,0,1
BRDA:100,10,1,6
BRDA:100,11,0,7
BRDA:100,11,1,7
BRDA:104,12,0,2
BRDA:104,12,1,4
BRDA:104,13,0,6
BRDA:104,13,1,6
BRDA:109,14,0,3
BRDA:109,14,1,1
BRDA:109,15,0,4
BRDA:109,15,1,4
BRDA:134,16,0,13
BRDA:134,16,1,81
BRDA:141,17,0,33
BRDA:141,17,1,48
BRDA:143,18,0,9
BRDA:143,18,1,24
BRDA:153,19,0,47
BRDA:153,19,1,1
BRDA:155,20,0,20
BRDA:155,20,1,27
BRDA:174,21,0,33
BRDA:174,21,1,59
BRDA:178,22,0,17
BRDA:178,22,1,42
BRDA:178,23,0,59
BRDA:178,23,1,17
BRDA:183,24,0,31
BRDA:183,24,1,11
BRDA:183,25,0,42
BRDA:183,25,1,42
BRDA:203,26,0,9
BRDA:203,26,1,9
BRDA:214,27,0,3
BRDA:214,27,1,5
BRDA:228,28,0,1
BRDA:228,28,1,16
BRDA:234,29,0,10
BRDA:234,29,1,6
BRDA:234,30,0,16
BRDA:234,30,1,12
BRDA:236,31,0,9
BRDA:236,31,1,1
BRDA:243,32,0,3
BRDA:243,32,1,3
BRDA:243,33,0,6
BRDA:243,33,1,4
BRDA:248,34,0,1
BRDA:248,34,1,2
BRDA:261,35,0,3
BRDA:261,35,1,2
BRDA:263,36,0,2
BRDA:263,36,1,1
BRDA:283,37,0,43
BRDA:283,37,1,93
BRDA:291,38,0,47
BRDA:291,38,1,89
BRF:76
BRH:76
end_of_record
TN:
SF:/home/node/app/src/06-binary-search-tree/BinaryTreeNode.js
FN:5,(anonymous_0)
FN:14,(anonymous_1)
FN:22,(anonymous_2)
FNF:3
FNH:3
FNDA:31,(anonymous_0)
FNDA:11,(anonymous_1)
FNDA:11,(anonymous_2)
DA:6,31
DA:7,31
DA:8,31
DA:15,11
DA:16,11
DA:23,11
DA:24,11
LF:7
LH:7
BRDA:5,0,0,1
BRF:1
BRH:1
end_of_record
TN:
SF:/home/node/app/src/07-heap/MinHeap.js
FN:12,(anonymous_0)
FN:28,(anonymous_1)
FN:36,(anonymous_2)
FN:44,(anonymous_3)
FN:52,(anonymous_4)
FN:60,(anonymous_5)
FN:68,(anonymous_6)
FN:76,(anonymous_7)
FN:84,(anonymous_8)
FN:92,(anonymous_9)
FN:100,(anonymous_10)
FN:111,(anonymous_11)
FN:127,(anonymous_12)
FN:134,(anonymous_13)
FN:152,(anonymous_14)
FN:184,(anonymous_15)
FN:198,(anonymous_16)
FN:225,(anonymous_17)
FN:244,(anonymous_18)
FN:289,(anonymous_19)
FN:296,(anonymous_20)
FNF:21
FNH:21
FNDA:22,(anonymous_0)
FNDA:132,(anonymous_1)
FNDA:58,(anonymous_2)
FNDA:397,(anonymous_3)
FNDA:170,(anonymous_4)
FNDA:84,(anonymous_5)
FNDA:34,(anonymous_6)
FNDA:19,(anonymous_7)
FNDA:19,(anonymous_8)
FNDA:139,(anonymous_9)
FNDA:66,(anonymous_10)
FNDA:57,(anonymous_11)
FNDA:57,(anonymous_12)
FNDA:126,(anonymous_13)
FNDA:43,(anonymous_14)
FNDA:22,(anonymous_15)
FNDA:51,(anonymous_16)
FNDA:113,(anonymous_17)
FNDA:27,(anonymous_18)
FNDA:25,(anonymous_19)
FNDA:37,(anonymous_20)
DA:14,22
DA:17,22
DA:21,22
DA:29,132
DA:37,58
DA:45,397
DA:53,170
DA:61,84
DA:69,34
DA:77,19
DA:85,19
DA:93,139
DA:101,66
DA:102,66
DA:103,66
DA:112,57
DA:114,57
DA:115,253
DA:116,59
DA:120,57
DA:128,57
DA:138,126
DA:140,126
DA:144,44
DA:145,44
DA:156,43
DA:157,43
DA:159,43
DA:160,34
DA:164,5
DA:166,29
DA:169,34
DA:173,12
DA:176,22
DA:177,22
DA:186,22
DA:188,2
DA:192,20
DA:199,51
DA:201,1
DA:204,50
DA:206,13
DA:210,37
DA:213,37
DA:216,37
DA:218,37
DA:227,113
DA:230,113
DA:234,113
DA:236,113
DA:246,27
DA:249,27
DA:251,27
DA:254,27
DA:258,27
DA:259,8
DA:262,19
DA:265,19
DA:269,19
DA:276,6
DA:278,13
DA:283,27
DA:290,25
DA:297,37
LF:64
LH:64
BRDA:111,0,0,3
BRDA:115,1,0,59
BRDA:115,1,1,194
BRDA:138,2,0,126
BRDA:138,2,1,114
BRDA:141,3,0,170
BRDA:141,3,1,120
BRDA:152,4,0,37
BRDA:160,5,0,5
BRDA:160,5,1,29
BRDA:161,6,0,34
BRDA:161,6,1,19
BRDA:169,7,0,12
BRDA:169,7,1,22
BRDA:186,8,0,2
BRDA:186,8,1,20
BRDA:199,9,0,1
BRDA:199,9,1,50
BRDA:204,10,0,13
BRDA:204,10,1,37
BRDA:244,11,0,15
BRDA:258,12,0,8
BRDA:258,12,1,19
BRDA:269,13,0,6
BRDA:269,13,1,13
BRDA:270,14,0,19
BRDA:270,14,1,6
BRDA:270,14,2,2
BRF:28
BRH:28
end_of_record
TN:
SF:/home/node/app/src/07-priority-queue/PriorityQueue.js
FN:14,(anonymous_0)
FN:27,(anonymous_1)
FN:34,(anonymous_2)
FN:52,(anonymous_3)
FN:64,(anonymous_4)
FN:76,(anonymous_5)
FNF:6
FNH:6
FNDA:99,(anonymous_0)
FNDA:64,(anonymous_1)
FNDA:13,(anonymous_2)
FNDA:66,(anonymous_3)
FNDA:11,(anonymous_4)
FNDA:11,(anonymous_5)
DA:15,99
DA:16,10
DA:18,89
DA:28,64
DA:29,22
DA:31,42
DA:36,13
DA:39,13
DA:43,13
DA:53,66
DA:54,66
DA:55,66
DA:65,11
DA:66,11
DA:67,11
DA:77,11
DA:78,11
DA:79,11
LF:18
LH:18
BRDA:15,0,0,10
BRDA:15,0,1,89
BRDA:18,1,0,39
BRDA:18,1,1,50
BRDA:28,2,0,22
BRDA:28,2,1,42
BRDA:31,3,0,18
BRDA:31,3,1,24
BRDA:52,4,0,3
BRF:9
BRH:9
end_of_record
TN:
SF:/home/node/app/src/08-graph/Graph.js
FN:6,(anonymous_0)
FN:17,(anonymous_1)
FN:28,(anonymous_2)
FN:36,(anonymous_3)
FN:44,(anonymous_4)
FN:53,(anonymous_5)
FN:94,(anonymous_6)
FN:116,(anonymous_7)
FN:130,(anonymous_8)
FNF:9
FNH:9
FNDA:17,(anonymous_0)
FNDA:75,(anonymous_1)
FNDA:241,(anonymous_2)
FNDA:24,(anonymous_3)
FNDA:5,(anonymous_4)
FNDA:76,(anonymous_5)
FNDA:2,(anonymous_6)
FNDA:11,(anonymous_7)
FNDA:5,(anonymous_8)
DA:7,17
DA:8,17
DA:9,17
DA:18,75
DA:20,75
DA:29,241
DA:37,24
DA:45,5
DA:55,76
DA:56,76
DA:59,76
DA:60,16
DA:61,16
DA:65,76
DA:66,51
DA:67,51
DA:71,76
DA:72,1
DA:74,75
DA:78,75
DA:80,30
DA:83,45
DA:84,45
DA:87,75
DA:96,2
DA:97,1
DA:99,1
DA:103,1
DA:104,1
DA:106,1
DA:107,1
DA:117,11
DA:119,11
DA:120,2
DA:123,9
DA:131,5
LF:36
LH:36
BRDA:6,0,0,9
BRDA:59,1,0,16
BRDA:59,1,1,60
BRDA:65,2,0,51
BRDA:65,2,1,25
BRDA:71,3,0,1
BRDA:71,3,1,75
BRDA:78,4,0,30
BRDA:78,4,1,45
BRDA:96,5,0,1
BRDA:96,5,1,1
BRDA:119,6,0,2
BRDA:119,6,1,9
BRF:13
BRH:13
end_of_record
TN:
SF:/home/node/app/src/08-graph/GraphEdge.js
FN:8,(anonymous_0)
FN:18,(anonymous_1)
FN:29,(anonymous_2)
FNF:3
FNH:3
FNDA:89,(anonymous_0)
FNDA:164,(anonymous_1)
FNDA:5,(anonymous_2)
DA:9,89
DA:10,89
DA:11,89
DA:19,164
DA:20,164
DA:22,164
DA:30,5
LF:7
LH:7
BRDA:8,0,0,56
BRF:1
BRH:1
end_of_record
TN:
SF:/home/node/app/src/08-graph/GraphVertex.js
FN:9,(anonymous_0)
FN:19,(anonymous_1)
FN:29,(anonymous_2)
FN:37,(anonymous_3)
FN:41,(anonymous_4)
FN:61,(anonymous_5)
FN:62,(anonymous_6)
FN:70,(anonymous_7)
FN:72,(anonymous_8)
FN:83,(anonymous_9)
FN:85,(anonymous_10)
FN:96,(anonymous_11)
FN:97,(anonymous_12)
FN:110,(anonymous_13)
FN:118,(anonymous_14)
FN:119,(anonymous_15)
FN:128,(anonymous_16)
FNF:17
FNH:17
FNDA:103,(anonymous_0)
FNDA:131,(anonymous_1)
FNDA:6,(anonymous_2)
FNDA:66,(anonymous_3)
FNDA:116,(anonymous_4)
FNDA:11,(anonymous_5)
FNDA:13,(anonymous_6)
FNDA:18,(anonymous_7)
FNDA:9,(anonymous_8)
FNDA:2,(anonymous_9)
FNDA:2,(anonymous_10)
FNDA:11,(anonymous_11)
FNDA:10,(anonymous_12)
FNDA:975,(anonymous_13)
FNDA:1,(anonymous_14)
FNDA:2,(anonymous_15)
FNDA:13,(anonymous_16)
DA:10,103
DA:11,103
DA:20,131
DA:22,131
DA:30,6
DA:38,66
DA:41,66
DA:42,116
DA:43,116
DA:47,116
DA:49,116
DA:54,66
DA:62,13
DA:71,18
DA:72,9
DA:75,18
DA:84,2
DA:85,2
DA:88,2
DA:97,11
DA:98,10
DA:101,11
DA:103,11
DA:111,975
DA:119,2
DA:121,1
DA:129,13
LF:27
LH:27
BRDA:43,0,0,69
BRDA:43,0,1,47
BRDA:85,1,0,2
BRDA:85,1,1,2
BRDA:98,2,0,10
BRDA:98,2,1,9
BRDA:103,3,0,6
BRDA:103,3,1,5
BRF:8
BRH:8
end_of_record
TN:
SF:/home/node/app/src/09-bit-manipulation/bitLength.js
FN:7,bitLength
FNF:1
FNH:1
FNDA:8,bitLength
DA:8,8
DA:10,8
DA:11,29
DA:14,8
LF:4
LH:4
BRF:0
BRH:0
end_of_record
TN:
SF:/home/node/app/src/09-bit-manipulation/bitsDiff.js
FN:11,bitsDiff
FNF:1
FNH:1
FNDA:7,bitsDiff
DA:12,7
LF:1
LH:1
BRF:0
BRH:0
end_of_record
TN:
SF:/home/node/app/src/09-bit-manipulation/clearBit.js
FN:6,clearBit
FNF:1
FNH:1
FNDA:6,clearBit
DA:7,6
DA:9,6
LF:2
LH:2
BRF:0
BRH:0
end_of_record
TN:
SF:/home/node/app/src/09-bit-manipulation/countSetBits.js
FN:5,countSetBits
FNF:1
FNH:1
FNDA:16,countSetBits
DA:6,16
DA:7,16
DA:9,16
DA:11,40
DA:14,40
DA:17,16
LF:6
LH:6
BRF:0
BRH:0
end_of_record
TN:
SF:/home/node/app/src/09-bit-manipulation/divideByTwo.js
FN:5,divideByTwo
FNF:1
FNH:1
FNDA:32,divideByTwo
DA:6,32
LF:1
LH:1
BRF:0
BRH:0
end_of_record
TN:
SF:/home/node/app/src/09-bit-manipulation/getBit.js
FN:6,getBit
FNF:1
FNH:1
FNDA:10,getBit
DA:7,10
LF:1
LH:1
BRF:0
BRH:0
end_of_record
TN:
SF:/home/node/app/src/09-bit-manipulation/isEven.js
FN:5,isEven
FNF:1
FNH:1
FNDA:39,isEven
DA:6,39
LF:1
LH:1
BRF:0
BRH:0
end_of_record
TN:
SF:/home/node/app/src/09-bit-manipulation/isPositive.js
FN:5,isPositive
FNF:1
FNH:1
FNDA:27,isPositive
DA:7,27
DA:8,2
DA:12,25
LF:3
LH:3
BRDA:7,0,0,2
BRDA:7,0,1,25
BRF:2
BRH:2
end_of_record
TN:
SF:/home/node/app/src/09-bit-manipulation/isPowerOfTwo.js
FN:5,isPowerOfTwo
FNF:1
FNH:1
FNDA:14,isPowerOfTwo
DA:6,14
LF:1
LH:1
BRF:0
BRH:0
end_of_record
TN:
SF:/home/node/app/src/09-bit-manipulation/multiply.js
FN:27,multiply
FN:34,(anonymous_1)
FN:35,(anonymous_2)
FN:37,(anonymous_3)
FN:38,(anonymous_4)
FNF:5
FNH:5
FNDA:38,multiply
FNDA:11,(anonymous_1)
FNDA:4,(anonymous_2)
FNDA:11,(anonymous_3)
FNDA:15,(anonymous_4)
DA:29,38
DA:30,12
DA:34,26
DA:35,26
DA:37,26
DA:38,26
DA:40,26
LF:7
LH:7
BRDA:29,0,0,12
BRDA:29,0,1,26
BRDA:29,1,0,38
BRDA:29,1,1,27
BRDA:38,2,0,11
BRDA:38,2,1,4
BRDA:40,3,0,11
BRDA:40,3,1,15
BRF:8
BRH:8
end_of_record
TN:
SF:/home/node/app/src/09-bit-manipulation/multiplyByTwo.js
FN:5,multiplyByTwo
FNF:1
FNH:1
FNDA:32,multiplyByTwo
DA:6,32
LF:1
LH:1
BRF:0
BRH:0
end_of_record
TN:
SF:/home/node/app/src/09-bit-manipulation/multiplyUnsigned.js
FN:19,multiplyUnsigned
FNF:1
FNH:1
FNDA:9,multiplyUnsigned
DA:20,9
DA:23,9
DA:26,9
DA:29,9
DA:31,30
DA:35,14
DA:38,30
DA:39,30
DA:42,9
LF:9
LH:9
BRDA:31,0,0,14
BRDA:31,0,1,16
BRF:2
BRH:2
end_of_record
TN:
SF:/home/node/app/src/09-bit-manipulation/setBit.js
FN:6,setBit
FNF:1
FNH:1
FNDA:6,setBit
DA:7,6
LF:1
LH:1
BRF:0
BRH:0
end_of_record
TN:
SF:/home/node/app/src/09-bit-manipulation/switchSign.js
FN:6,switchSign
FNF:1
FNH:1
FNDA:7,switchSign
DA:7,7
LF:1
LH:1
BRF:0
BRH:0
end_of_record
TN:
SF:/home/node/app/src/09-bit-manipulation/updateBit.js
FN:7,updateBit
FNF:1
FNH:1
FNDA:10,updateBit
DA:9,10
DA:12,10
DA:15,10
LF:3
LH:3
BRDA:9,0,0,6
BRDA:9,0,1,4
BRF:2
BRH:2
end_of_record
TN:
SF:/home/node/app/src/10-factorial/factorial.js
FN:5,factorial
FNF:1
FNH:1
FNDA:14,factorial
DA:6,14
DA:8,14
DA:9,62
DA:12,14
LF:4
LH:4
BRF:0
BRH:0
end_of_record
TN:
SF:/home/node/app/src/10-factorial/factorialRecursive.js
FN:5,factorialRecursive
FNF:1
FNH:1
FNDA:25,factorialRecursive
DA:6,25
LF:1
LH:1
BRDA:6,0,0,20
BRDA:6,0,1,5
BRF:2
BRH:2
end_of_record
TN:
SF:/home/node/app/src/11-fibonacci/fibonacci.js
FN:7,fibonacci
FNF:1
FNH:1
FNDA:10,fibonacci
DA:8,10
DA:10,10
DA:11,10
DA:13,10
DA:14,1
DA:17,9
DA:19,9
DA:20,45
DA:21,45
DA:23,45
DA:25,45
DA:28,9
LF:12
LH:12
BRDA:13,0,0,1
BRDA:13,0,1,9
BRF:2
BRH:2
end_of_record
TN:
SF:/home/node/app/src/11-fibonacci/fibonacciNth.js
FN:7,fibonacciNth
FNF:1
FNH:1
FNDA:19,fibonacciNth
DA:8,19
DA:9,19
DA:11,19
DA:12,1
DA:15,18
DA:17,18
DA:18,722
DA:19,722
DA:21,722
DA:24,18
LF:10
LH:10
BRDA:11,0,0,1
BRDA:11,0,1,18
BRF:2
BRH:2
end_of_record
TN:
SF:/home/node/app/src/11-fibonacci/fibonacciNthClosedForm.js
FN:8,fibonacciClosedForm
FNF:1
FNH:1
FNDA:14,fibonacciClosedForm
DA:9,14
DA:12,14
DA:13,1
DA:17,13
DA:19,13
DA:22,13
LF:6
LH:6
BRDA:12,0,0,1
BRDA:12,0,1,13
BRDA:12,1,0,14
BRDA:12,1,1,14
BRF:4
BRH:4
end_of_record
TN:
SF:/home/node/app/src/12-primality-test/trialDivision.js
FN:5,trialDivision
FNF:1
FNH:1
FNDA:21,trialDivision
DA:7,21
DA:8,3
DA:11,18
DA:13,3
DA:16,15
DA:18,2
DA:22,13
DA:23,7
DA:27,6
DA:28,6
DA:29,21
DA:30,1
DA:34,5
LF:13
LH:13
BRDA:7,0,0,3
BRDA:7,0,1,18
BRDA:11,1,0,3
BRDA:11,1,1,15
BRDA:16,2,0,2
BRDA:16,2,1,13
BRDA:22,3,0,7
BRDA:22,3,1,6
BRDA:29,4,0,1
BRDA:29,4,1,20
BRF:10
BRH:10
end_of_record
TN:
SF:/home/node/app/src/14-is-power-of-two/isPowerOfTwo.js
FN:5,isPowerOfTwo
FNF:1
FNH:1
FNDA:17,isPowerOfTwo
DA:7,17
DA:8,2
DA:13,15
DA:14,15
DA:15,38
DA:18,8
DA:21,30
DA:24,7
LF:8
LH:8
BRDA:7,0,0,2
BRDA:7,0,1,15
BRDA:15,1,0,8
BRDA:15,1,1,30
BRF:4
BRH:4
end_of_record
TN:
SF:/home/node/app/src/14-is-power-of-two/isPowerOfTwoBitwise.js
FN:5,isPowerOfTwoBitwise
FNF:1
FNH:1
FNDA:17,isPowerOfTwoBitwise
DA:7,17
DA:8,2
DA:25,15
LF:3
LH:3
BRDA:7,0,0,2
BRDA:7,0,1,15
BRF:2
BRH:2
end_of_record
TN:
SF:/home/node/app/src/15-linear-search/linearSearch.js
FN:11,linearSearch
FN:15,(anonymous_1)
FNF:2
FNH:2
FNDA:11,linearSearch
FNDA:44,(anonymous_1)
DA:12,11
DA:13,11
DA:15,11
DA:16,44
DA:17,11
DA:21,11
LF:6
LH:6
BRDA:16,0,0,11
BRDA:16,0,1,33
BRF:2
BRH:2
end_of_record
TN:
SF:/home/node/app/src/16-binary-search/binarySearch.js
FN:12,binarySearch
FNF:1
FNH:1
FNDA:18,binarySearch
DA:15,18
DA:18,18
DA:19,18
DA:23,18
DA:25,36
DA:28,36
DA:29,13
DA:33,23
DA:35,11
DA:38,12
DA:43,5
LF:11
LH:11
BRDA:28,0,0,13
BRDA:28,0,1,23
BRDA:33,1,0,11
BRDA:33,1,1,12
BRF:4
BRH:4
end_of_record
TN:
SF:/home/node/app/src/17-cartesian-product/cartesianProduct.js
FN:7,cartesianProduct
FNF:1
FNH:1
FNDA:5,cartesianProduct
DA:10,5
DA:11,2
DA:15,3
DA:18,3
DA:19,16
DA:21,57
DA:26,3
LF:7
LH:7
BRDA:10,0,0,2
BRDA:10,0,1,3
BRDA:10,1,0,5
BRDA:10,1,1,5
BRDA:10,1,2,3
BRDA:10,1,3,3
BRF:6
BRH:6
end_of_record
TN:
SF:/home/node/app/src/18-power-set/btPowerSet.js
FN:11,btPowerSet
FNF:1
FNH:1
FNDA:10,btPowerSet
DA:19,10
DA:21,8
DA:27,8
DA:31,8
DA:34,8
DA:38,10
LF:6
LH:6
BRDA:13,0,0,2
BRDA:14,1,0,2
BRDA:15,2,0,2
BRF:3
BRH:3
end_of_record
TN:
SF:/home/node/app/src/18-power-set/bwPowerSet.js
FN:7,bwPowerSet
FNF:1
FNH:1
FNDA:3,bwPowerSet
DA:8,3
DA:13,3
DA:19,3
DA:20,18
DA:22,18
DA:24,50
DA:25,25
DA:30,18
DA:33,3
LF:9
LH:9
BRDA:24,0,0,25
BRDA:24,0,1,25
BRF:2
BRH:2
end_of_record
TN:
SF:/home/node/app/src/19-permutations/permutateWithRepetitions.js
FN:6,permutateWithRepetitions
FN:13,(anonymous_1)
FN:26,(anonymous_2)
FN:28,(anonymous_3)
FNF:4
FNH:4
FNDA:13,permutateWithRepetitions
FNDA:13,(anonymous_1)
FNDA:26,(anonymous_2)
FNDA:412,(anonymous_3)
DA:12,13
DA:13,13
DA:17,8
DA:20,8
DA:26,8
DA:28,26
DA:29,412
DA:34,8
LF:8
LH:8
BRDA:8,0,0,4
BRDA:12,1,0,5
BRDA:12,1,1,8
BRF:3
BRH:3
end_of_record
TN:
SF:/home/node/app/src/19-permutations/permutateWithoutRepetitions.js
FN:5,permutateWithoutRepetitions
FNF:1
FNH:1
FNDA:21,permutateWithoutRepetitions
DA:7,21
DA:8,7
DA:12,14
DA:16,14
DA:19,14
DA:20,14
DA:21,170
DA:24,170
DA:25,924
DA:26,924
DA:27,924
DA:32,14
LF:12
LH:12
BRDA:7,0,0,7
BRDA:7,0,1,14
BRF:2
BRH:2
end_of_record
TN:
SF:/home/node/app/src/20-combinations/combineWithRepetitions.js
FN:6,combineWithRepetitions
FN:9,(anonymous_1)
FN:17,(anonymous_2)
FN:25,(anonymous_3)
FNF:4
FNH:4
FNDA:205,combineWithRepetitions
FNDA:376,(anonymous_1)
FNDA:197,(anonymous_2)
FNDA:1067,(anonymous_3)
DA:8,205
DA:9,376
DA:13,59
DA:17,59
DA:19,197
DA:25,197
DA:26,1067
DA:31,59
LF:8
LH:8
BRDA:8,0,0,146
BRDA:8,0,1,59
BRF:2
BRH:2
end_of_record
TN:
SF:/home/node/app/src/20-combinations/combineWithoutRepetitions.js
FN:6,combineWithoutRepetitions
FN:9,(anonymous_1)
FN:17,(anonymous_2)
FN:25,(anonymous_3)
FNF:4
FNH:4
FNDA:156,combineWithoutRepetitions
FNDA:102,(anonymous_1)
FNDA:146,(anonymous_2)
FNDA:264,(anonymous_3)
DA:8,156
DA:9,102
DA:13,63
DA:17,63
DA:19,146
DA:25,146
DA:26,264
DA:31,63
LF:8
LH:8
BRDA:8,0,0,93
BRDA:8,0,1,63
BRF:2
BRH:2
end_of_record
TN:
SF:/home/node/app/src/21-quicksort/quickSort.js
FN:9,quickSort
FNF:1
FNH:1
FNDA:164,quickSort
DA:12,164
DA:16,164
DA:20,164
DA:21,90
DA:25,74
DA:26,74
DA:29,74
DA:30,74
DA:34,74
DA:36,529
DA:40,529
DA:41,26
DA:42,503
DA:43,249
DA:45,254
DA:50,74
DA:51,74
DA:54,74
LF:18
LH:18
BRDA:9,0,0,10
BRDA:20,1,0,90
BRDA:20,1,1,74
BRDA:40,2,0,26
BRDA:40,2,1,503
BRDA:42,3,0,249
BRDA:42,3,1,254
BRF:7
BRH:7
end_of_record
TN:
SF:/home/node/app/src/22-tree-depth-first-search/depthFirstSearch.js
FN:7,depthFirstSearch
FN:7,(anonymous_1)
FNF:2
FNH:2
FNDA:19,depthFirstSearch
FNDA:7,(anonymous_1)
DA:9,19
DA:12,19
DA:13,8
DA:17,19
DA:18,8
LF:5
LH:5
BRDA:7,0,0,1
BRDA:12,1,0,8
BRDA:12,1,1,11
BRDA:17,2,0,8
BRDA:17,2,1,11
BRF:5
BRH:5
end_of_record
TN:
SF:/home/node/app/src/23-tree-breadth-first-search/breadthFirstSearch.js
FN:10,breadthFirstSearch
FN:10,(anonymous_1)
FNF:2
FNH:2
FNDA:3,breadthFirstSearch
FNDA:7,(anonymous_1)
DA:14,3
DA:15,3
DA:18,3
DA:20,19
DA:23,19
DA:26,19
DA:27,8
DA:31,19
DA:32,8
LF:9
LH:9
BRDA:10,0,0,1
BRDA:26,1,0,8
BRDA:26,1,1,11
BRDA:31,2,0,8
BRDA:31,2,1,11
BRF:5
BRH:5
end_of_record
TN:
SF:/home/node/app/src/24-graph-depth-first-search/depthFirstSearch.js
FN:8,depthFirstSearch
FN:21,(anonymous_1)
FN:28,(anonymous_2)
FNF:3
FNH:3
FNDA:2,depthFirstSearch
FNDA:14,(anonymous_1)
FNDA:22,(anonymous_2)
DA:11,2
DA:14,2
DA:21,2
DA:23,14
DA:26,14
DA:30,22
DA:32,12
DA:34,12
DA:40,2
LF:9
LH:9
BRDA:30,0,0,12
BRDA:30,0,1,10
BRF:2
BRH:2
end_of_record
TN:
SF:/home/node/app/src/25-graph-breadth-first-search/breadthFirstSearch.js
FN:11,breadthFirstSearch
FN:35,(anonymous_1)
FNF:2
FNH:2
FNDA:2,breadthFirstSearch
FNDA:23,(anonymous_1)
DA:14,2
DA:17,2
DA:21,2
DA:24,2
DA:27,2
DA:29,15
DA:32,15
DA:35,15
DA:36,23
DA:38,13
DA:41,13
LF:11
LH:11
BRDA:36,0,0,13
BRDA:36,0,1,10
BRF:2
BRH:2
end_of_record
TN:
SF:/home/node/app/src/26-dijkstra/dijkstra.js
FN:16,dijkstra
FN:25,(anonymous_1)
FN:42,(anonymous_2)
FNF:3
FNH:3
FNDA:3,dijkstra
FNDA:22,(anonymous_1)
FNDA:52,(anonymous_2)
DA:18,3
DA:19,3
DA:20,3
DA:21,3
DA:25,3
DA:26,22
DA:27,22
DA:31,3
DA:34,3
DA:37,3
DA:39,20
DA:42,20
DA:43,52
DA:44,29
DA:45,29
DA:46,29
DA:49,29
DA:50,22
DA:53,22
DA:54,5
DA:58,22
DA:62,29
DA:63,17
DA:69,20
DA:73,3
LF:25
LH:25
BRDA:43,0,0,29
BRDA:43,0,1,23
BRDA:49,1,0,22
BRDA:49,1,1,7
BRDA:53,2,0,5
BRDA:53,2,1,17
BRDA:62,3,0,17
BRDA:62,3,1,12
BRF:8
BRH:8
end_of_record
TN:
SF:/home/node/app/src/utils/comparator/Comparator.js
FN:8,(anonymous_0)
FN:20,(anonymous_1)
FN:30,(anonymous_2)
FN:40,(anonymous_3)
FN:50,(anonymous_4)
FN:60,(anonymous_5)
FN:70,(anonymous_6)
FNF:7
FNH:7
FNDA:1351,(anonymous_0)
FNDA:242,(anonymous_1)
FNDA:912,(anonymous_2)
FNDA:588,(anonymous_3)
FNDA:128,(anonymous_4)
FNDA:56,(anonymous_5)
FNDA:6,(anonymous_6)
DA:9,1351
DA:10,86
DA:13,1265
DA:21,242
DA:31,912
DA:41,588
DA:51,128
DA:61,56
DA:71,6
LF:9
LH:9
BRDA:9,0,0,86
BRDA:9,0,1,1265
BRDA:13,1,0,638
BRDA:13,1,1,627
BRDA:21,2,0,242
BRDA:21,2,1,180
BRDA:61,3,0,56
BRDA:61,3,1,41
BRDA:71,4,0,6
BRDA:71,4,1,4
BRF:10
BRH:10
end_of_record
