{"/home/node/app/src/01-algorithms-and-their-complexities/factorial.js": {"path":"/home/node/app/src/01-algorithms-and-their-complexities/factorial.js","statementMap":{"0":{"start":{"line":12,"column":2},"end":{"line":14,"column":3}},"1":{"start":{"line":13,"column":4},"end":{"line":13,"column":13}},"2":{"start":{"line":16,"column":2},"end":{"line":16,"column":40}}},"fnMap":{"0":{"name":"factorial","decl":{"start":{"line":11,"column":16},"end":{"line":11,"column":25}},"loc":{"start":{"line":11,"column":34},"end":{"line":17,"column":1}},"line":11}},"branchMap":{"0":{"loc":{"start":{"line":12,"column":2},"end":{"line":14,"column":3}},"type":"if","locations":[{"start":{"line":12,"column":2},"end":{"line":14,"column":3}},{"start":{"line":12,"column":2},"end":{"line":14,"column":3}}],"line":12}},"s":{"0":21,"1":6,"2":15},"f":{"0":21},"b":{"0":[6,15]},"_coverageSchema":"332fd63041d2c1bcb487cc26dd0d5f7d97098a6c","hash":"5b268fafb71997bb223256a2f7505fe7c356aed4"}
,"/home/node/app/src/01-algorithms-and-their-complexities/fastPower.js": {"path":"/home/node/app/src/01-algorithms-and-their-complexities/fastPower.js","statementMap":{"0":{"start":{"line":14,"column":2},"end":{"line":14,"column":25}}},"fnMap":{"0":{"name":"fastPower","decl":{"start":{"line":13,"column":16},"end":{"line":13,"column":25}},"loc":{"start":{"line":13,"column":41},"end":{"line":15,"column":1}},"line":13}},"branchMap":{},"s":{"0":9},"f":{"0":9},"b":{},"_coverageSchema":"332fd63041d2c1bcb487cc26dd0d5f7d97098a6c","hash":"8f32adc6d25b6f8fd935bb5b246f292c035ae62f"}
,"/home/node/app/src/01-algorithms-and-their-complexities/iterativePower.js": {"path":"/home/node/app/src/01-algorithms-and-their-complexities/iterativePower.js","statementMap":{"0":{"start":{"line":14,"column":15},"end":{"line":14,"column":16}},"1":{"start":{"line":16,"column":2},"end":{"line":18,"column":3}},"2":{"start":{"line":17,"column":4},"end":{"line":17,"column":21}},"3":{"start":{"line":20,"column":2},"end":{"line":20,"column":16}}},"fnMap":{"0":{"name":"iterativePower","decl":{"start":{"line":13,"column":16},"end":{"line":13,"column":30}},"loc":{"start":{"line":13,"column":46},"end":{"line":21,"column":1}},"line":13}},"branchMap":{},"s":{"0":9,"1":9,"2":16,"3":9},"f":{"0":9},"b":{},"_coverageSchema":"332fd63041d2c1bcb487cc26dd0d5f7d97098a6c","hash":"7157398104c70af24c74d11799b05025d8631ad5"}
,"/home/node/app/src/01-algorithms-and-their-complexities/multiplyArray.js": {"path":"/home/node/app/src/01-algorithms-and-their-complexities/multiplyArray.js","statementMap":{"0":{"start":{"line":15,"column":26},"end":{"line":15,"column":36}},"1":{"start":{"line":17,"column":2},"end":{"line":19,"column":3}},"2":{"start":{"line":18,"column":4},"end":{"line":18,"column":37}},"3":{"start":{"line":21,"column":2},"end":{"line":21,"column":25}}},"fnMap":{"0":{"name":"multiplyArray","decl":{"start":{"line":14,"column":16},"end":{"line":14,"column":29}},"loc":{"start":{"line":14,"column":49},"end":{"line":22,"column":1}},"line":14}},"branchMap":{},"s":{"0":3,"1":3,"2":12,"3":3},"f":{"0":3},"b":{},"_coverageSchema":"332fd63041d2c1bcb487cc26dd0d5f7d97098a6c","hash":"620379fdd6f0bdae130b36d9b43242dfff81e4ba"}
,"/home/node/app/src/01-algorithms-and-their-complexities/multiplyArrayInPlace.js": {"path":"/home/node/app/src/01-algorithms-and-their-complexities/multiplyArrayInPlace.js","statementMap":{"0":{"start":{"line":14,"column":2},"end":{"line":16,"column":3}},"1":{"start":{"line":15,"column":4},"end":{"line":15,"column":27}},"2":{"start":{"line":18,"column":2},"end":{"line":18,"column":15}}},"fnMap":{"0":{"name":"multiplyArrayInPlace","decl":{"start":{"line":13,"column":16},"end":{"line":13,"column":36}},"loc":{"start":{"line":13,"column":56},"end":{"line":19,"column":1}},"line":13}},"branchMap":{},"s":{"0":3,"1":12,"2":3},"f":{"0":3},"b":{},"_coverageSchema":"332fd63041d2c1bcb487cc26dd0d5f7d97098a6c","hash":"86a677e7659dc26c48e4b15c2339b37188ca2125"}
,"/home/node/app/src/01-algorithms-and-their-complexities/pairs.js": {"path":"/home/node/app/src/01-algorithms-and-their-complexities/pairs.js","statementMap":{"0":{"start":{"line":12,"column":17},"end":{"line":12,"column":19}},"1":{"start":{"line":14,"column":2},"end":{"line":18,"column":3}},"2":{"start":{"line":15,"column":4},"end":{"line":17,"column":5}},"3":{"start":{"line":16,"column":6},"end":{"line":16,"column":48}},"4":{"start":{"line":20,"column":2},"end":{"line":20,"column":16}}},"fnMap":{"0":{"name":"pairs","decl":{"start":{"line":11,"column":16},"end":{"line":11,"column":21}},"loc":{"start":{"line":11,"column":31},"end":{"line":21,"column":1}},"line":11}},"branchMap":{},"s":{"0":2,"1":2,"2":5,"3":13,"4":2},"f":{"0":2},"b":{},"_coverageSchema":"332fd63041d2c1bcb487cc26dd0d5f7d97098a6c","hash":"8cbb5f45322560edd71d41bfb689b9fca6da3e3d"}
,"/home/node/app/src/02-linked-list/LinkedList.js": {"path":"/home/node/app/src/02-linked-list/LinkedList.js","statementMap":{"0":{"start":{"line":6,"column":4},"end":{"line":6,"column":21}},"1":{"start":{"line":9,"column":4},"end":{"line":9,"column":21}},"2":{"start":{"line":18,"column":20},"end":{"line":18,"column":56}},"3":{"start":{"line":19,"column":4},"end":{"line":19,"column":24}},"4":{"start":{"line":22,"column":4},"end":{"line":24,"column":5}},"5":{"start":{"line":23,"column":6},"end":{"line":23,"column":26}},"6":{"start":{"line":26,"column":4},"end":{"line":26,"column":16}},"7":{"start":{"line":34,"column":20},"end":{"line":34,"column":45}},"8":{"start":{"line":37,"column":4},"end":{"line":42,"column":5}},"9":{"start":{"line":38,"column":6},"end":{"line":38,"column":26}},"10":{"start":{"line":39,"column":6},"end":{"line":39,"column":26}},"11":{"start":{"line":41,"column":6},"end":{"line":41,"column":18}},"12":{"start":{"line":44,"column":24},"end":{"line":44,"column":33}},"13":{"start":{"line":45,"column":4},"end":{"line":45,"column":31}},"14":{"start":{"line":47,"column":4},"end":{"line":47,"column":24}},"15":{"start":{"line":49,"column":4},"end":{"line":49,"column":16}},"16":{"start":{"line":57,"column":4},"end":{"line":59,"column":5}},"17":{"start":{"line":58,"column":6},"end":{"line":58,"column":18}},"18":{"start":{"line":61,"column":22},"end":{"line":61,"column":26}},"19":{"start":{"line":65,"column":4},"end":{"line":68,"column":5}},"20":{"start":{"line":66,"column":6},"end":{"line":66,"column":30}},"21":{"start":{"line":67,"column":6},"end":{"line":67,"column":33}},"22":{"start":{"line":70,"column":22},"end":{"line":70,"column":31}},"23":{"start":{"line":72,"column":4},"end":{"line":82,"column":5}},"24":{"start":{"line":73,"column":6},"end":{"line":81,"column":7}},"25":{"start":{"line":74,"column":8},"end":{"line":80,"column":9}},"26":{"start":{"line":76,"column":10},"end":{"line":76,"column":41}},"27":{"start":{"line":77,"column":10},"end":{"line":77,"column":51}},"28":{"start":{"line":79,"column":10},"end":{"line":79,"column":41}},"29":{"start":{"line":85,"column":4},"end":{"line":87,"column":5}},"30":{"start":{"line":86,"column":6},"end":{"line":86,"column":30}},"31":{"start":{"line":89,"column":4},"end":{"line":89,"column":23}},"32":{"start":{"line":96,"column":24},"end":{"line":96,"column":33}},"33":{"start":{"line":98,"column":4},"end":{"line":104,"column":5}},"34":{"start":{"line":100,"column":6},"end":{"line":100,"column":23}},"35":{"start":{"line":101,"column":6},"end":{"line":101,"column":23}},"36":{"start":{"line":103,"column":6},"end":{"line":103,"column":25}},"37":{"start":{"line":108,"column":22},"end":{"line":108,"column":31}},"38":{"start":{"line":109,"column":4},"end":{"line":115,"column":5}},"39":{"start":{"line":110,"column":6},"end":{"line":114,"column":7}},"40":{"start":{"line":111,"column":8},"end":{"line":111,"column":32}},"41":{"start":{"line":113,"column":8},"end":{"line":113,"column":39}},"42":{"start":{"line":117,"column":4},"end":{"line":117,"column":28}},"43":{"start":{"line":119,"column":4},"end":{"line":119,"column":23}},"44":{"start":{"line":126,"column":4},"end":{"line":128,"column":5}},"45":{"start":{"line":127,"column":6},"end":{"line":127,"column":18}},"46":{"start":{"line":130,"column":24},"end":{"line":130,"column":33}},"47":{"start":{"line":132,"column":4},"end":{"line":137,"column":5}},"48":{"start":{"line":133,"column":6},"end":{"line":133,"column":33}},"49":{"start":{"line":135,"column":6},"end":{"line":135,"column":23}},"50":{"start":{"line":136,"column":6},"end":{"line":136,"column":23}},"51":{"start":{"line":139,"column":4},"end":{"line":139,"column":23}},"52":{"start":{"line":149,"column":4},"end":{"line":151,"column":5}},"53":{"start":{"line":150,"column":6},"end":{"line":150,"column":18}},"54":{"start":{"line":153,"column":22},"end":{"line":153,"column":31}},"55":{"start":{"line":155,"column":4},"end":{"line":167,"column":5}},"56":{"start":{"line":157,"column":6},"end":{"line":159,"column":7}},"57":{"start":{"line":158,"column":8},"end":{"line":158,"column":27}},"58":{"start":{"line":162,"column":6},"end":{"line":164,"column":7}},"59":{"start":{"line":163,"column":8},"end":{"line":163,"column":27}},"60":{"start":{"line":166,"column":6},"end":{"line":166,"column":37}},"61":{"start":{"line":169,"column":4},"end":{"line":169,"column":16}},"62":{"start":{"line":176,"column":18},"end":{"line":176,"column":20}},"63":{"start":{"line":178,"column":22},"end":{"line":178,"column":31}},"64":{"start":{"line":179,"column":4},"end":{"line":182,"column":5}},"65":{"start":{"line":180,"column":6},"end":{"line":180,"column":30}},"66":{"start":{"line":181,"column":6},"end":{"line":181,"column":37}},"67":{"start":{"line":184,"column":4},"end":{"line":184,"column":17}},"68":{"start":{"line":192,"column":4},"end":{"line":192,"column":74}},"69":{"start":{"line":192,"column":38},"end":{"line":192,"column":61}}},"fnMap":{"0":{"name":"(anonymous_0)","decl":{"start":{"line":4,"column":2},"end":{"line":4,"column":3}},"loc":{"start":{"line":4,"column":16},"end":{"line":10,"column":3}},"line":4},"1":{"name":"(anonymous_1)","decl":{"start":{"line":16,"column":2},"end":{"line":16,"column":3}},"loc":{"start":{"line":16,"column":17},"end":{"line":27,"column":3}},"line":16},"2":{"name":"(anonymous_2)","decl":{"start":{"line":33,"column":2},"end":{"line":33,"column":3}},"loc":{"start":{"line":33,"column":16},"end":{"line":50,"column":3}},"line":33},"3":{"name":"(anonymous_3)","decl":{"start":{"line":56,"column":2},"end":{"line":56,"column":3}},"loc":{"start":{"line":56,"column":16},"end":{"line":90,"column":3}},"line":56},"4":{"name":"(anonymous_4)","decl":{"start":{"line":95,"column":2},"end":{"line":95,"column":3}},"loc":{"start":{"line":95,"column":15},"end":{"line":120,"column":3}},"line":95},"5":{"name":"(anonymous_5)","decl":{"start":{"line":125,"column":2},"end":{"line":125,"column":3}},"loc":{"start":{"line":125,"column":15},"end":{"line":140,"column":3}},"line":125},"6":{"name":"(anonymous_6)","decl":{"start":{"line":148,"column":2},"end":{"line":148,"column":3}},"loc":{"start":{"line":148,"column":52},"end":{"line":170,"column":3}},"line":148},"7":{"name":"(anonymous_7)","decl":{"start":{"line":175,"column":2},"end":{"line":175,"column":3}},"loc":{"start":{"line":175,"column":12},"end":{"line":185,"column":3}},"line":175},"8":{"name":"(anonymous_8)","decl":{"start":{"line":191,"column":2},"end":{"line":191,"column":3}},"loc":{"start":{"line":191,"column":21},"end":{"line":193,"column":3}},"line":191},"9":{"name":"(anonymous_9)","decl":{"start":{"line":192,"column":30},"end":{"line":192,"column":31}},"loc":{"start":{"line":192,"column":38},"end":{"line":192,"column":61}},"line":192}},"branchMap":{"0":{"loc":{"start":{"line":22,"column":4},"end":{"line":24,"column":5}},"type":"if","locations":[{"start":{"line":22,"column":4},"end":{"line":24,"column":5}},{"start":{"line":22,"column":4},"end":{"line":24,"column":5}}],"line":22},"1":{"loc":{"start":{"line":37,"column":4},"end":{"line":42,"column":5}},"type":"if","locations":[{"start":{"line":37,"column":4},"end":{"line":42,"column":5}},{"start":{"line":37,"column":4},"end":{"line":42,"column":5}}],"line":37},"2":{"loc":{"start":{"line":57,"column":4},"end":{"line":59,"column":5}},"type":"if","locations":[{"start":{"line":57,"column":4},"end":{"line":59,"column":5}},{"start":{"line":57,"column":4},"end":{"line":59,"column":5}}],"line":57},"3":{"loc":{"start":{"line":65,"column":11},"end":{"line":65,"column":49}},"type":"binary-expr","locations":[{"start":{"line":65,"column":11},"end":{"line":65,"column":20}},{"start":{"line":65,"column":24},"end":{"line":65,"column":49}}],"line":65},"4":{"loc":{"start":{"line":72,"column":4},"end":{"line":82,"column":5}},"type":"if","locations":[{"start":{"line":72,"column":4},"end":{"line":82,"column":5}},{"start":{"line":72,"column":4},"end":{"line":82,"column":5}}],"line":72},"5":{"loc":{"start":{"line":74,"column":8},"end":{"line":80,"column":9}},"type":"if","locations":[{"start":{"line":74,"column":8},"end":{"line":80,"column":9}},{"start":{"line":74,"column":8},"end":{"line":80,"column":9}}],"line":74},"6":{"loc":{"start":{"line":85,"column":4},"end":{"line":87,"column":5}},"type":"if","locations":[{"start":{"line":85,"column":4},"end":{"line":87,"column":5}},{"start":{"line":85,"column":4},"end":{"line":87,"column":5}}],"line":85},"7":{"loc":{"start":{"line":98,"column":4},"end":{"line":104,"column":5}},"type":"if","locations":[{"start":{"line":98,"column":4},"end":{"line":104,"column":5}},{"start":{"line":98,"column":4},"end":{"line":104,"column":5}}],"line":98},"8":{"loc":{"start":{"line":110,"column":6},"end":{"line":114,"column":7}},"type":"if","locations":[{"start":{"line":110,"column":6},"end":{"line":114,"column":7}},{"start":{"line":110,"column":6},"end":{"line":114,"column":7}}],"line":110},"9":{"loc":{"start":{"line":126,"column":4},"end":{"line":128,"column":5}},"type":"if","locations":[{"start":{"line":126,"column":4},"end":{"line":128,"column":5}},{"start":{"line":126,"column":4},"end":{"line":128,"column":5}}],"line":126},"10":{"loc":{"start":{"line":132,"column":4},"end":{"line":137,"column":5}},"type":"if","locations":[{"start":{"line":132,"column":4},"end":{"line":137,"column":5}},{"start":{"line":132,"column":4},"end":{"line":137,"column":5}}],"line":132},"11":{"loc":{"start":{"line":148,"column":9},"end":{"line":148,"column":26}},"type":"default-arg","locations":[{"start":{"line":148,"column":17},"end":{"line":148,"column":26}}],"line":148},"12":{"loc":{"start":{"line":148,"column":28},"end":{"line":148,"column":48}},"type":"default-arg","locations":[{"start":{"line":148,"column":39},"end":{"line":148,"column":48}}],"line":148},"13":{"loc":{"start":{"line":149,"column":4},"end":{"line":151,"column":5}},"type":"if","locations":[{"start":{"line":149,"column":4},"end":{"line":151,"column":5}},{"start":{"line":149,"column":4},"end":{"line":151,"column":5}}],"line":149},"14":{"loc":{"start":{"line":157,"column":6},"end":{"line":159,"column":7}},"type":"if","locations":[{"start":{"line":157,"column":6},"end":{"line":159,"column":7}},{"start":{"line":157,"column":6},"end":{"line":159,"column":7}}],"line":157},"15":{"loc":{"start":{"line":157,"column":10},"end":{"line":157,"column":49}},"type":"binary-expr","locations":[{"start":{"line":157,"column":10},"end":{"line":157,"column":18}},{"start":{"line":157,"column":22},"end":{"line":157,"column":49}}],"line":157},"16":{"loc":{"start":{"line":162,"column":6},"end":{"line":164,"column":7}},"type":"if","locations":[{"start":{"line":162,"column":6},"end":{"line":164,"column":7}},{"start":{"line":162,"column":6},"end":{"line":164,"column":7}}],"line":162},"17":{"loc":{"start":{"line":162,"column":10},"end":{"line":162,"column":60}},"type":"binary-expr","locations":[{"start":{"line":162,"column":10},"end":{"line":162,"column":29}},{"start":{"line":162,"column":33},"end":{"line":162,"column":60}}],"line":162}},"s":{"0":297,"1":297,"2":15,"3":15,"4":15,"5":7,"6":15,"7":208,"8":208,"9":102,"10":102,"11":102,"12":106,"13":106,"14":106,"15":106,"16":15,"17":1,"18":14,"19":14,"20":11,"21":11,"22":14,"23":14,"24":11,"25":16,"26":5,"27":5,"28":11,"29":14,"30":5,"31":14,"32":3,"33":3,"34":1,"35":1,"36":1,"37":2,"38":2,"39":3,"40":2,"41":1,"42":2,"43":2,"44":49,"45":3,"46":46,"47":46,"48":30,"49":16,"50":16,"51":46,"52":67,"53":20,"54":47,"55":47,"56":56,"57":28,"58":28,"59":2,"60":26,"61":17,"62":104,"63":104,"64":104,"65":174,"66":174,"67":104,"68":26,"69":42},"f":{"0":297,"1":15,"2":208,"3":15,"4":3,"5":49,"6":67,"7":104,"8":26,"9":42},"b":{"0":[7,8],"1":[102,106],"2":[1,14],"3":[25,22],"4":[11,3],"5":[5,11],"6":[5,9],"7":[1,2],"8":[2,1],"9":[3,46],"10":[30,16],"11":[63],"12":[4],"13":[20,47],"14":[28,28],"15":[56,50],"16":[2,26],"17":[28,6]},"_coverageSchema":"332fd63041d2c1bcb487cc26dd0d5f7d97098a6c","hash":"5487bb7bff07654f84d6eda701c89c2dcdb12f6c"}
,"/home/node/app/src/02-linked-list/LinkedListNode.js": {"path":"/home/node/app/src/02-linked-list/LinkedListNode.js","statementMap":{"0":{"start":{"line":3,"column":4},"end":{"line":3,"column":23}},"1":{"start":{"line":4,"column":4},"end":{"line":4,"column":21}},"2":{"start":{"line":8,"column":4},"end":{"line":8,"column":61}}},"fnMap":{"0":{"name":"(anonymous_0)","decl":{"start":{"line":2,"column":2},"end":{"line":2,"column":3}},"loc":{"start":{"line":2,"column":34},"end":{"line":5,"column":3}},"line":2},"1":{"name":"(anonymous_1)","decl":{"start":{"line":7,"column":2},"end":{"line":7,"column":3}},"loc":{"start":{"line":7,"column":21},"end":{"line":9,"column":3}},"line":7}},"branchMap":{"0":{"loc":{"start":{"line":2,"column":21},"end":{"line":2,"column":32}},"type":"default-arg","locations":[{"start":{"line":2,"column":28},"end":{"line":2,"column":32}}],"line":2},"1":{"loc":{"start":{"line":8,"column":11},"end":{"line":8,"column":60}},"type":"cond-expr","locations":[{"start":{"line":8,"column":22},"end":{"line":8,"column":42}},{"start":{"line":8,"column":45},"end":{"line":8,"column":60}}],"line":8}},"s":{"0":229,"1":229,"2":65},"f":{"0":229,"1":65},"b":{"0":[213],"1":[11,54]},"_coverageSchema":"332fd63041d2c1bcb487cc26dd0d5f7d97098a6c","hash":"66df1b55050407c277e86784db03e7cd68f96a8c"}
,"/home/node/app/src/03-queue/Queue.js": {"path":"/home/node/app/src/03-queue/Queue.js","statementMap":{"0":{"start":{"line":6,"column":4},"end":{"line":6,"column":39}},"1":{"start":{"line":14,"column":4},"end":{"line":14,"column":33}},"2":{"start":{"line":21,"column":4},"end":{"line":24,"column":5}},"3":{"start":{"line":23,"column":6},"end":{"line":23,"column":18}},"4":{"start":{"line":27,"column":4},"end":{"line":27,"column":38}},"5":{"start":{"line":37,"column":4},"end":{"line":37,"column":34}},"6":{"start":{"line":46,"column":24},"end":{"line":46,"column":52}},"7":{"start":{"line":47,"column":4},"end":{"line":47,"column":50}},"8":{"start":{"line":56,"column":4},"end":{"line":56,"column":46}}},"fnMap":{"0":{"name":"(anonymous_0)","decl":{"start":{"line":4,"column":2},"end":{"line":4,"column":3}},"loc":{"start":{"line":4,"column":16},"end":{"line":7,"column":3}},"line":4},"1":{"name":"(anonymous_1)","decl":{"start":{"line":12,"column":2},"end":{"line":12,"column":3}},"loc":{"start":{"line":12,"column":12},"end":{"line":15,"column":3}},"line":12},"2":{"name":"(anonymous_2)","decl":{"start":{"line":20,"column":2},"end":{"line":20,"column":3}},"loc":{"start":{"line":20,"column":9},"end":{"line":28,"column":3}},"line":20},"3":{"name":"(anonymous_3)","decl":{"start":{"line":33,"column":2},"end":{"line":33,"column":3}},"loc":{"start":{"line":33,"column":17},"end":{"line":38,"column":3}},"line":33},"4":{"name":"(anonymous_4)","decl":{"start":{"line":43,"column":2},"end":{"line":43,"column":3}},"loc":{"start":{"line":43,"column":12},"end":{"line":48,"column":3}},"line":43},"5":{"name":"(anonymous_5)","decl":{"start":{"line":54,"column":2},"end":{"line":54,"column":3}},"loc":{"start":{"line":54,"column":21},"end":{"line":57,"column":3}},"line":54}},"branchMap":{"0":{"loc":{"start":{"line":21,"column":4},"end":{"line":24,"column":5}},"type":"if","locations":[{"start":{"line":21,"column":4},"end":{"line":24,"column":5}},{"start":{"line":21,"column":4},"end":{"line":24,"column":5}}],"line":21},"1":{"loc":{"start":{"line":47,"column":11},"end":{"line":47,"column":49}},"type":"cond-expr","locations":[{"start":{"line":47,"column":25},"end":{"line":47,"column":42}},{"start":{"line":47,"column":45},"end":{"line":47,"column":49}}],"line":47}},"s":{"0":12,"1":44,"2":5,"3":1,"4":4,"5":45,"6":41,"7":41,"8":5},"f":{"0":12,"1":44,"2":5,"3":45,"4":41,"5":5},"b":{"0":[1,4],"1":[40,1]},"_coverageSchema":"332fd63041d2c1bcb487cc26dd0d5f7d97098a6c","hash":"0990910fabd527988dace4300ea3f3d380894711"}
,"/home/node/app/src/04-stack/Stack.js": {"path":"/home/node/app/src/04-stack/Stack.js","statementMap":{"0":{"start":{"line":8,"column":4},"end":{"line":8,"column":39}},"1":{"start":{"line":16,"column":4},"end":{"line":16,"column":33}},"2":{"start":{"line":23,"column":4},"end":{"line":26,"column":5}},"3":{"start":{"line":25,"column":6},"end":{"line":25,"column":18}},"4":{"start":{"line":29,"column":4},"end":{"line":29,"column":38}},"5":{"start":{"line":38,"column":4},"end":{"line":38,"column":35}},"6":{"start":{"line":47,"column":24},"end":{"line":47,"column":52}},"7":{"start":{"line":48,"column":4},"end":{"line":48,"column":50}},"8":{"start":{"line":55,"column":4},"end":{"line":57,"column":51}},"9":{"start":{"line":57,"column":29},"end":{"line":57,"column":49}},"10":{"start":{"line":65,"column":4},"end":{"line":65,"column":46}}},"fnMap":{"0":{"name":"(anonymous_0)","decl":{"start":{"line":4,"column":2},"end":{"line":4,"column":3}},"loc":{"start":{"line":4,"column":16},"end":{"line":9,"column":3}},"line":4},"1":{"name":"(anonymous_1)","decl":{"start":{"line":14,"column":2},"end":{"line":14,"column":3}},"loc":{"start":{"line":14,"column":12},"end":{"line":17,"column":3}},"line":14},"2":{"name":"(anonymous_2)","decl":{"start":{"line":22,"column":2},"end":{"line":22,"column":3}},"loc":{"start":{"line":22,"column":9},"end":{"line":30,"column":3}},"line":22},"3":{"name":"(anonymous_3)","decl":{"start":{"line":35,"column":2},"end":{"line":35,"column":3}},"loc":{"start":{"line":35,"column":14},"end":{"line":39,"column":3}},"line":35},"4":{"name":"(anonymous_4)","decl":{"start":{"line":44,"column":2},"end":{"line":44,"column":3}},"loc":{"start":{"line":44,"column":8},"end":{"line":49,"column":3}},"line":44},"5":{"name":"(anonymous_5)","decl":{"start":{"line":54,"column":2},"end":{"line":54,"column":3}},"loc":{"start":{"line":54,"column":12},"end":{"line":58,"column":3}},"line":54},"6":{"name":"(anonymous_6)","decl":{"start":{"line":57,"column":11},"end":{"line":57,"column":12}},"loc":{"start":{"line":57,"column":29},"end":{"line":57,"column":49}},"line":57},"7":{"name":"(anonymous_7)","decl":{"start":{"line":64,"column":2},"end":{"line":64,"column":3}},"loc":{"start":{"line":64,"column":21},"end":{"line":66,"column":3}},"line":64}},"branchMap":{"0":{"loc":{"start":{"line":23,"column":4},"end":{"line":26,"column":5}},"type":"if","locations":[{"start":{"line":23,"column":4},"end":{"line":26,"column":5}},{"start":{"line":23,"column":4},"end":{"line":26,"column":5}}],"line":23},"1":{"loc":{"start":{"line":48,"column":11},"end":{"line":48,"column":49}},"type":"cond-expr","locations":[{"start":{"line":48,"column":25},"end":{"line":48,"column":42}},{"start":{"line":48,"column":45},"end":{"line":48,"column":49}}],"line":48}},"s":{"0":7,"1":7,"2":4,"3":2,"4":2,"5":12,"6":5,"7":5,"8":1,"9":3,"10":2},"f":{"0":7,"1":7,"2":4,"3":12,"4":5,"5":1,"6":3,"7":2},"b":{"0":[2,2],"1":[4,1]},"_coverageSchema":"332fd63041d2c1bcb487cc26dd0d5f7d97098a6c","hash":"6aa0dc6f24b2ae783f1ff20cceb1fc0888b8e812"}
,"/home/node/app/src/05-hash-table/HashTable.js": {"path":"/home/node/app/src/05-hash-table/HashTable.js","statementMap":{"0":{"start":{"line":7,"column":29},"end":{"line":7,"column":31}},"1":{"start":{"line":15,"column":4},"end":{"line":15,"column":79}},"2":{"start":{"line":15,"column":61},"end":{"line":15,"column":77}},"3":{"start":{"line":25,"column":19},"end":{"line":25,"column":20}},"4":{"start":{"line":28,"column":4},"end":{"line":30,"column":5}},"5":{"start":{"line":29,"column":6},"end":{"line":29,"column":49}},"6":{"start":{"line":33,"column":4},"end":{"line":33,"column":42}},"7":{"start":{"line":44,"column":20},"end":{"line":44,"column":34}},"8":{"start":{"line":46,"column":29},"end":{"line":46,"column":50}},"9":{"start":{"line":48,"column":17},"end":{"line":48,"column":88}},"10":{"start":{"line":48,"column":64},"end":{"line":48,"column":85}},"11":{"start":{"line":51,"column":4},"end":{"line":57,"column":5}},"12":{"start":{"line":53,"column":6},"end":{"line":53,"column":46}},"13":{"start":{"line":56,"column":6},"end":{"line":56,"column":31}},"14":{"start":{"line":68,"column":20},"end":{"line":68,"column":34}},"15":{"start":{"line":70,"column":29},"end":{"line":70,"column":50}},"16":{"start":{"line":72,"column":17},"end":{"line":72,"column":88}},"17":{"start":{"line":72,"column":64},"end":{"line":72,"column":85}},"18":{"start":{"line":75,"column":4},"end":{"line":75,"column":47}},"19":{"start":{"line":86,"column":20},"end":{"line":86,"column":34}},"20":{"start":{"line":88,"column":29},"end":{"line":88,"column":50}},"21":{"start":{"line":90,"column":17},"end":{"line":90,"column":88}},"22":{"start":{"line":90,"column":64},"end":{"line":90,"column":85}},"23":{"start":{"line":93,"column":4},"end":{"line":97,"column":5}},"24":{"start":{"line":94,"column":6},"end":{"line":94,"column":42}},"25":{"start":{"line":96,"column":6},"end":{"line":96,"column":18}},"26":{"start":{"line":99,"column":4},"end":{"line":99,"column":17}}},"fnMap":{"0":{"name":"(anonymous_0)","decl":{"start":{"line":13,"column":2},"end":{"line":13,"column":3}},"loc":{"start":{"line":13,"column":52},"end":{"line":16,"column":3}},"line":13},"1":{"name":"(anonymous_1)","decl":{"start":{"line":15,"column":55},"end":{"line":15,"column":56}},"loc":{"start":{"line":15,"column":61},"end":{"line":15,"column":77}},"line":15},"2":{"name":"(anonymous_2)","decl":{"start":{"line":24,"column":2},"end":{"line":24,"column":3}},"loc":{"start":{"line":24,"column":12},"end":{"line":34,"column":3}},"line":24},"3":{"name":"(anonymous_3)","decl":{"start":{"line":42,"column":2},"end":{"line":42,"column":3}},"loc":{"start":{"line":42,"column":18},"end":{"line":58,"column":3}},"line":42},"4":{"name":"(anonymous_4)","decl":{"start":{"line":48,"column":51},"end":{"line":48,"column":52}},"loc":{"start":{"line":48,"column":64},"end":{"line":48,"column":85}},"line":48},"5":{"name":"(anonymous_5)","decl":{"start":{"line":66,"column":2},"end":{"line":66,"column":3}},"loc":{"start":{"line":66,"column":11},"end":{"line":76,"column":3}},"line":66},"6":{"name":"(anonymous_6)","decl":{"start":{"line":72,"column":51},"end":{"line":72,"column":52}},"loc":{"start":{"line":72,"column":64},"end":{"line":72,"column":85}},"line":72},"7":{"name":"(anonymous_7)","decl":{"start":{"line":84,"column":2},"end":{"line":84,"column":3}},"loc":{"start":{"line":84,"column":14},"end":{"line":100,"column":3}},"line":84},"8":{"name":"(anonymous_8)","decl":{"start":{"line":90,"column":51},"end":{"line":90,"column":52}},"loc":{"start":{"line":90,"column":64},"end":{"line":90,"column":85}},"line":90}},"branchMap":{"0":{"loc":{"start":{"line":13,"column":14},"end":{"line":13,"column":50}},"type":"default-arg","locations":[{"start":{"line":13,"column":30},"end":{"line":13,"column":50}}],"line":13},"1":{"loc":{"start":{"line":51,"column":4},"end":{"line":57,"column":5}},"type":"if","locations":[{"start":{"line":51,"column":4},"end":{"line":57,"column":5}},{"start":{"line":51,"column":4},"end":{"line":57,"column":5}}],"line":51},"2":{"loc":{"start":{"line":75,"column":11},"end":{"line":75,"column":46}},"type":"cond-expr","locations":[{"start":{"line":75,"column":18},"end":{"line":75,"column":34}},{"start":{"line":75,"column":37},"end":{"line":75,"column":46}}],"line":75},"3":{"loc":{"start":{"line":93,"column":4},"end":{"line":97,"column":5}},"type":"if","locations":[{"start":{"line":93,"column":4},"end":{"line":97,"column":5}},{"start":{"line":93,"column":4},"end":{"line":97,"column":5}}],"line":93}},"s":{"0":1,"1":6,"2":166,"3":37,"4":37,"5":66,"6":37,"7":12,"8":12,"9":12,"10":5,"11":12,"12":9,"13":3,"14":15,"15":15,"16":15,"17":16,"18":15,"19":3,"20":3,"21":3,"22":3,"23":3,"24":2,"25":2,"26":1},"f":{"0":6,"1":166,"2":37,"3":12,"4":5,"5":15,"6":16,"7":3,"8":3},"b":{"0":[3],"1":[9,3],"2":[9,6],"3":[2,1]},"_coverageSchema":"332fd63041d2c1bcb487cc26dd0d5f7d97098a6c","hash":"156c6c0d5cc41a752d2c62a4db9f57603b3bd564"}
,"/home/node/app/src/05-hash-table/hash.js": {"path":"/home/node/app/src/05-hash-table/hash.js","statementMap":{"0":{"start":{"line":14,"column":17},"end":{"line":14,"column":18}},"1":{"start":{"line":16,"column":2},"end":{"line":18,"column":3}},"2":{"start":{"line":17,"column":4},"end":{"line":17,"column":47}},"3":{"start":{"line":21,"column":2},"end":{"line":21,"column":34}}},"fnMap":{"0":{"name":"hash","decl":{"start":{"line":13,"column":16},"end":{"line":13,"column":20}},"loc":{"start":{"line":13,"column":41},"end":{"line":22,"column":1}},"line":13}},"branchMap":{},"s":{"0":3,"1":3,"2":4,"3":3},"f":{"0":3},"b":{},"_coverageSchema":"332fd63041d2c1bcb487cc26dd0d5f7d97098a6c","hash":"d3a9a5b7e28f451b3139f76f48e97c47ebdd78d5"}
,"/home/node/app/src/06-binary-search-tree/BinarySearchTree.js": {"path":"/home/node/app/src/06-binary-search-tree/BinarySearchTree.js","statementMap":{"0":{"start":{"line":5,"column":4},"end":{"line":5,"column":47}},"1":{"start":{"line":14,"column":4},"end":{"line":14,"column":33}},"2":{"start":{"line":22,"column":4},"end":{"line":22,"column":31}},"3":{"start":{"line":30,"column":4},"end":{"line":30,"column":31}},"4":{"start":{"line":40,"column":4},"end":{"line":40,"column":41}},"5":{"start":{"line":49,"column":4},"end":{"line":49,"column":37}},"6":{"start":{"line":58,"column":4},"end":{"line":58,"column":35}},"7":{"start":{"line":66,"column":4},"end":{"line":66,"column":32}}},"fnMap":{"0":{"name":"(anonymous_0)","decl":{"start":{"line":4,"column":2},"end":{"line":4,"column":3}},"loc":{"start":{"line":4,"column":16},"end":{"line":6,"column":3}},"line":4},"1":{"name":"(anonymous_1)","decl":{"start":{"line":13,"column":2},"end":{"line":13,"column":3}},"loc":{"start":{"line":13,"column":14},"end":{"line":15,"column":3}},"line":13},"2":{"name":"(anonymous_2)","decl":{"start":{"line":21,"column":2},"end":{"line":21,"column":3}},"loc":{"start":{"line":21,"column":12},"end":{"line":23,"column":3}},"line":21},"3":{"name":"(anonymous_3)","decl":{"start":{"line":29,"column":2},"end":{"line":29,"column":3}},"loc":{"start":{"line":29,"column":12},"end":{"line":31,"column":3}},"line":29},"4":{"name":"(anonymous_4)","decl":{"start":{"line":39,"column":2},"end":{"line":39,"column":3}},"loc":{"start":{"line":39,"column":29},"end":{"line":41,"column":3}},"line":39},"5":{"name":"(anonymous_5)","decl":{"start":{"line":48,"column":2},"end":{"line":48,"column":3}},"loc":{"start":{"line":48,"column":18},"end":{"line":50,"column":3}},"line":48},"6":{"name":"(anonymous_6)","decl":{"start":{"line":57,"column":2},"end":{"line":57,"column":3}},"loc":{"start":{"line":57,"column":16},"end":{"line":59,"column":3}},"line":57},"7":{"name":"(anonymous_7)","decl":{"start":{"line":65,"column":2},"end":{"line":65,"column":3}},"loc":{"start":{"line":65,"column":13},"end":{"line":67,"column":3}},"line":65}},"branchMap":{"0":{"loc":{"start":{"line":39,"column":16},"end":{"line":39,"column":27}},"type":"default-arg","locations":[{"start":{"line":39,"column":23},"end":{"line":39,"column":27}}],"line":39}},"s":{"0":8,"1":5,"2":4,"3":3,"4":28,"5":2,"6":3,"7":6},"f":{"0":8,"1":5,"2":4,"3":3,"4":28,"5":2,"6":3,"7":6},"b":{"0":[20]},"_coverageSchema":"332fd63041d2c1bcb487cc26dd0d5f7d97098a6c","hash":"9f8beda56cae29e6f4590c93fc0e6bcb6c09bfdd"}
,"/home/node/app/src/06-binary-search-tree/BinarySearchTreeNode.js": {"path":"/home/node/app/src/06-binary-search-tree/BinarySearchTreeNode.js","statementMap":{"0":{"start":{"line":7,"column":4},"end":{"line":7,"column":21}},"1":{"start":{"line":8,"column":4},"end":{"line":8,"column":22}},"2":{"start":{"line":9,"column":4},"end":{"line":9,"column":23}},"3":{"start":{"line":10,"column":4},"end":{"line":10,"column":23}},"4":{"start":{"line":11,"column":4},"end":{"line":11,"column":21}},"5":{"start":{"line":19,"column":4},"end":{"line":19,"column":23}},"6":{"start":{"line":21,"column":4},"end":{"line":21,"column":16}},"7":{"start":{"line":29,"column":4},"end":{"line":29,"column":21}},"8":{"start":{"line":31,"column":4},"end":{"line":31,"column":16}},"9":{"start":{"line":40,"column":4},"end":{"line":42,"column":5}},"10":{"start":{"line":41,"column":6},"end":{"line":41,"column":30}},"11":{"start":{"line":45,"column":4},"end":{"line":45,"column":21}},"12":{"start":{"line":48,"column":4},"end":{"line":50,"column":5}},"13":{"start":{"line":49,"column":6},"end":{"line":49,"column":30}},"14":{"start":{"line":52,"column":4},"end":{"line":52,"column":16}},"15":{"start":{"line":61,"column":4},"end":{"line":63,"column":5}},"16":{"start":{"line":62,"column":6},"end":{"line":62,"column":31}},"17":{"start":{"line":66,"column":4},"end":{"line":66,"column":22}},"18":{"start":{"line":69,"column":4},"end":{"line":71,"column":5}},"19":{"start":{"line":70,"column":6},"end":{"line":70,"column":31}},"20":{"start":{"line":73,"column":4},"end":{"line":73,"column":16}},"21":{"start":{"line":81,"column":4},"end":{"line":84,"column":5}},"22":{"start":{"line":82,"column":6},"end":{"line":82,"column":23}},"23":{"start":{"line":83,"column":6},"end":{"line":83,"column":18}},"24":{"start":{"line":86,"column":4},"end":{"line":89,"column":5}},"25":{"start":{"line":87,"column":6},"end":{"line":87,"column":24}},"26":{"start":{"line":88,"column":6},"end":{"line":88,"column":18}},"27":{"start":{"line":91,"column":4},"end":{"line":91,"column":17}},"28":{"start":{"line":100,"column":4},"end":{"line":102,"column":5}},"29":{"start":{"line":101,"column":6},"end":{"line":101,"column":19}},"30":{"start":{"line":104,"column":4},"end":{"line":107,"column":5}},"31":{"start":{"line":105,"column":6},"end":{"line":105,"column":34}},"32":{"start":{"line":106,"column":6},"end":{"line":106,"column":18}},"33":{"start":{"line":109,"column":4},"end":{"line":112,"column":5}},"34":{"start":{"line":110,"column":6},"end":{"line":110,"column":35}},"35":{"start":{"line":111,"column":6},"end":{"line":111,"column":18}},"36":{"start":{"line":114,"column":4},"end":{"line":114,"column":17}},"37":{"start":{"line":122,"column":4},"end":{"line":122,"column":42}},"38":{"start":{"line":123,"column":4},"end":{"line":123,"column":40}},"39":{"start":{"line":124,"column":4},"end":{"line":124,"column":40}},"40":{"start":{"line":125,"column":4},"end":{"line":125,"column":42}},"41":{"start":{"line":134,"column":4},"end":{"line":139,"column":5}},"42":{"start":{"line":135,"column":6},"end":{"line":135,"column":25}},"43":{"start":{"line":136,"column":6},"end":{"line":136,"column":23}},"44":{"start":{"line":138,"column":6},"end":{"line":138,"column":18}},"45":{"start":{"line":141,"column":4},"end":{"line":151,"column":5}},"46":{"start":{"line":143,"column":6},"end":{"line":145,"column":7}},"47":{"start":{"line":144,"column":8},"end":{"line":144,"column":45}},"48":{"start":{"line":147,"column":22},"end":{"line":147,"column":59}},"49":{"start":{"line":148,"column":6},"end":{"line":148,"column":28}},"50":{"start":{"line":150,"column":6},"end":{"line":150,"column":21}},"51":{"start":{"line":153,"column":4},"end":{"line":163,"column":5}},"52":{"start":{"line":155,"column":6},"end":{"line":157,"column":7}},"53":{"start":{"line":156,"column":8},"end":{"line":156,"column":46}},"54":{"start":{"line":159,"column":22},"end":{"line":159,"column":59}},"55":{"start":{"line":160,"column":6},"end":{"line":160,"column":29}},"56":{"start":{"line":162,"column":6},"end":{"line":162,"column":21}},"57":{"start":{"line":165,"column":4},"end":{"line":165,"column":16}},"58":{"start":{"line":174,"column":4},"end":{"line":176,"column":5}},"59":{"start":{"line":175,"column":6},"end":{"line":175,"column":18}},"60":{"start":{"line":178,"column":4},"end":{"line":181,"column":5}},"61":{"start":{"line":180,"column":6},"end":{"line":180,"column":35}},"62":{"start":{"line":183,"column":4},"end":{"line":186,"column":5}},"63":{"start":{"line":185,"column":6},"end":{"line":185,"column":36}},"64":{"start":{"line":188,"column":4},"end":{"line":188,"column":16}},"65":{"start":{"line":196,"column":4},"end":{"line":196,"column":30}},"66":{"start":{"line":203,"column":4},"end":{"line":205,"column":5}},"67":{"start":{"line":204,"column":6},"end":{"line":204,"column":18}},"68":{"start":{"line":207,"column":4},"end":{"line":207,"column":31}},"69":{"start":{"line":214,"column":4},"end":{"line":216,"column":5}},"70":{"start":{"line":215,"column":6},"end":{"line":215,"column":18}},"71":{"start":{"line":218,"column":4},"end":{"line":218,"column":32}},"72":{"start":{"line":226,"column":25},"end":{"line":226,"column":41}},"73":{"start":{"line":228,"column":4},"end":{"line":230,"column":5}},"74":{"start":{"line":229,"column":6},"end":{"line":229,"column":52}},"75":{"start":{"line":232,"column":23},"end":{"line":232,"column":35}},"76":{"start":{"line":234,"column":4},"end":{"line":268,"column":5}},"77":{"start":{"line":236,"column":6},"end":{"line":242,"column":7}},"78":{"start":{"line":238,"column":8},"end":{"line":238,"column":41}},"79":{"start":{"line":241,"column":8},"end":{"line":241,"column":41}},"80":{"start":{"line":243,"column":11},"end":{"line":268,"column":5}},"81":{"start":{"line":247,"column":29},"end":{"line":247,"column":57}},"82":{"start":{"line":248,"column":6},"end":{"line":256,"column":7}},"83":{"start":{"line":249,"column":8},"end":{"line":249,"column":42}},"84":{"start":{"line":250,"column":8},"end":{"line":250,"column":52}},"85":{"start":{"line":254,"column":8},"end":{"line":254,"column":56}},"86":{"start":{"line":255,"column":8},"end":{"line":255,"column":56}},"87":{"start":{"line":261,"column":24},"end":{"line":261,"column":63}},"88":{"start":{"line":263,"column":6},"end":{"line":267,"column":7}},"89":{"start":{"line":264,"column":8},"end":{"line":264,"column":53}},"90":{"start":{"line":266,"column":8},"end":{"line":266,"column":63}},"91":{"start":{"line":271,"column":4},"end":{"line":271,"column":31}},"92":{"start":{"line":273,"column":4},"end":{"line":273,"column":16}},"93":{"start":{"line":280,"column":19},"end":{"line":280,"column":21}},"94":{"start":{"line":283,"column":4},"end":{"line":285,"column":5}},"95":{"start":{"line":284,"column":6},"end":{"line":284,"column":62}},"96":{"start":{"line":288,"column":4},"end":{"line":288,"column":30}},"97":{"start":{"line":291,"column":4},"end":{"line":293,"column":5}},"98":{"start":{"line":292,"column":6},"end":{"line":292,"column":63}},"99":{"start":{"line":295,"column":4},"end":{"line":295,"column":20}},"100":{"start":{"line":302,"column":4},"end":{"line":302,"column":45}}},"fnMap":{"0":{"name":"(anonymous_0)","decl":{"start":{"line":6,"column":2},"end":{"line":6,"column":3}},"loc":{"start":{"line":6,"column":41},"end":{"line":12,"column":3}},"line":6},"1":{"name":"(anonymous_1)","decl":{"start":{"line":18,"column":2},"end":{"line":18,"column":3}},"loc":{"start":{"line":18,"column":18},"end":{"line":22,"column":3}},"line":18},"2":{"name":"(anonymous_2)","decl":{"start":{"line":28,"column":2},"end":{"line":28,"column":3}},"loc":{"start":{"line":28,"column":16},"end":{"line":32,"column":3}},"line":28},"3":{"name":"(anonymous_3)","decl":{"start":{"line":38,"column":2},"end":{"line":38,"column":3}},"loc":{"start":{"line":38,"column":16},"end":{"line":53,"column":3}},"line":38},"4":{"name":"(anonymous_4)","decl":{"start":{"line":59,"column":2},"end":{"line":59,"column":3}},"loc":{"start":{"line":59,"column":17},"end":{"line":74,"column":3}},"line":59},"5":{"name":"(anonymous_5)","decl":{"start":{"line":80,"column":2},"end":{"line":80,"column":3}},"loc":{"start":{"line":80,"column":28},"end":{"line":92,"column":3}},"line":80},"6":{"name":"(anonymous_6)","decl":{"start":{"line":99,"column":2},"end":{"line":99,"column":3}},"loc":{"start":{"line":99,"column":47},"end":{"line":115,"column":3}},"line":99},"7":{"name":"(anonymous_7)","decl":{"start":{"line":121,"column":2},"end":{"line":121,"column":3}},"loc":{"start":{"line":121,"column":42},"end":{"line":126,"column":3}},"line":121},"8":{"name":"(anonymous_8)","decl":{"start":{"line":133,"column":2},"end":{"line":133,"column":3}},"loc":{"start":{"line":133,"column":22},"end":{"line":166,"column":3}},"line":133},"9":{"name":"(anonymous_9)","decl":{"start":{"line":172,"column":2},"end":{"line":172,"column":3}},"loc":{"start":{"line":172,"column":14},"end":{"line":189,"column":3}},"line":172},"10":{"name":"(anonymous_10)","decl":{"start":{"line":195,"column":2},"end":{"line":195,"column":3}},"loc":{"start":{"line":195,"column":18},"end":{"line":197,"column":3}},"line":195},"11":{"name":"(anonymous_11)","decl":{"start":{"line":202,"column":2},"end":{"line":202,"column":3}},"loc":{"start":{"line":202,"column":12},"end":{"line":208,"column":3}},"line":202},"12":{"name":"(anonymous_12)","decl":{"start":{"line":213,"column":2},"end":{"line":213,"column":3}},"loc":{"start":{"line":213,"column":12},"end":{"line":219,"column":3}},"line":213},"13":{"name":"(anonymous_13)","decl":{"start":{"line":225,"column":2},"end":{"line":225,"column":3}},"loc":{"start":{"line":225,"column":16},"end":{"line":274,"column":3}},"line":225},"14":{"name":"(anonymous_14)","decl":{"start":{"line":279,"column":2},"end":{"line":279,"column":3}},"loc":{"start":{"line":279,"column":20},"end":{"line":296,"column":3}},"line":279},"15":{"name":"(anonymous_15)","decl":{"start":{"line":301,"column":2},"end":{"line":301,"column":3}},"loc":{"start":{"line":301,"column":13},"end":{"line":303,"column":3}},"line":301}},"branchMap":{"0":{"loc":{"start":{"line":6,"column":14},"end":{"line":6,"column":26}},"type":"default-arg","locations":[{"start":{"line":6,"column":22},"end":{"line":6,"column":26}}],"line":6},"1":{"loc":{"start":{"line":6,"column":28},"end":{"line":6,"column":39}},"type":"default-arg","locations":[{"start":{"line":6,"column":35},"end":{"line":6,"column":39}}],"line":6},"2":{"loc":{"start":{"line":40,"column":4},"end":{"line":42,"column":5}},"type":"if","locations":[{"start":{"line":40,"column":4},"end":{"line":42,"column":5}},{"start":{"line":40,"column":4},"end":{"line":42,"column":5}}],"line":40},"3":{"loc":{"start":{"line":48,"column":4},"end":{"line":50,"column":5}},"type":"if","locations":[{"start":{"line":48,"column":4},"end":{"line":50,"column":5}},{"start":{"line":48,"column":4},"end":{"line":50,"column":5}}],"line":48},"4":{"loc":{"start":{"line":61,"column":4},"end":{"line":63,"column":5}},"type":"if","locations":[{"start":{"line":61,"column":4},"end":{"line":63,"column":5}},{"start":{"line":61,"column":4},"end":{"line":63,"column":5}}],"line":61},"5":{"loc":{"start":{"line":69,"column":4},"end":{"line":71,"column":5}},"type":"if","locations":[{"start":{"line":69,"column":4},"end":{"line":71,"column":5}},{"start":{"line":69,"column":4},"end":{"line":71,"column":5}}],"line":69},"6":{"loc":{"start":{"line":81,"column":4},"end":{"line":84,"column":5}},"type":"if","locations":[{"start":{"line":81,"column":4},"end":{"line":84,"column":5}},{"start":{"line":81,"column":4},"end":{"line":84,"column":5}}],"line":81},"7":{"loc":{"start":{"line":81,"column":8},"end":{"line":81,"column":47}},"type":"binary-expr","locations":[{"start":{"line":81,"column":8},"end":{"line":81,"column":17}},{"start":{"line":81,"column":21},"end":{"line":81,"column":47}}],"line":81},"8":{"loc":{"start":{"line":86,"column":4},"end":{"line":89,"column":5}},"type":"if","locations":[{"start":{"line":86,"column":4},"end":{"line":89,"column":5}},{"start":{"line":86,"column":4},"end":{"line":89,"column":5}}],"line":86},"9":{"loc":{"start":{"line":86,"column":8},"end":{"line":86,"column":49}},"type":"binary-expr","locations":[{"start":{"line":86,"column":8},"end":{"line":86,"column":18}},{"start":{"line":86,"column":22},"end":{"line":86,"column":49}}],"line":86},"10":{"loc":{"start":{"line":100,"column":4},"end":{"line":102,"column":5}},"type":"if","locations":[{"start":{"line":100,"column":4},"end":{"line":102,"column":5}},{"start":{"line":100,"column":4},"end":{"line":102,"column":5}}],"line":100},"11":{"loc":{"start":{"line":100,"column":8},"end":{"line":100,"column":42}},"type":"binary-expr","locations":[{"start":{"line":100,"column":8},"end":{"line":100,"column":22}},{"start":{"line":100,"column":26},"end":{"line":100,"column":42}}],"line":100},"12":{"loc":{"start":{"line":104,"column":4},"end":{"line":107,"column":5}},"type":"if","locations":[{"start":{"line":104,"column":4},"end":{"line":107,"column":5}},{"start":{"line":104,"column":4},"end":{"line":107,"column":5}}],"line":104},"13":{"loc":{"start":{"line":104,"column":8},"end":{"line":104,"column":48}},"type":"binary-expr","locations":[{"start":{"line":104,"column":8},"end":{"line":104,"column":17}},{"start":{"line":104,"column":21},"end":{"line":104,"column":48}}],"line":104},"14":{"loc":{"start":{"line":109,"column":4},"end":{"line":112,"column":5}},"type":"if","locations":[{"start":{"line":109,"column":4},"end":{"line":112,"column":5}},{"start":{"line":109,"column":4},"end":{"line":112,"column":5}}],"line":109},"15":{"loc":{"start":{"line":109,"column":8},"end":{"line":109,"column":50}},"type":"binary-expr","locations":[{"start":{"line":109,"column":8},"end":{"line":109,"column":18}},{"start":{"line":109,"column":22},"end":{"line":109,"column":50}}],"line":109},"16":{"loc":{"start":{"line":134,"column":4},"end":{"line":139,"column":5}},"type":"if","locations":[{"start":{"line":134,"column":4},"end":{"line":139,"column":5}},{"start":{"line":134,"column":4},"end":{"line":139,"column":5}}],"line":134},"17":{"loc":{"start":{"line":141,"column":4},"end":{"line":151,"column":5}},"type":"if","locations":[{"start":{"line":141,"column":4},"end":{"line":151,"column":5}},{"start":{"line":141,"column":4},"end":{"line":151,"column":5}}],"line":141},"18":{"loc":{"start":{"line":143,"column":6},"end":{"line":145,"column":7}},"type":"if","locations":[{"start":{"line":143,"column":6},"end":{"line":145,"column":7}},{"start":{"line":143,"column":6},"end":{"line":145,"column":7}}],"line":143},"19":{"loc":{"start":{"line":153,"column":4},"end":{"line":163,"column":5}},"type":"if","locations":[{"start":{"line":153,"column":4},"end":{"line":163,"column":5}},{"start":{"line":153,"column":4},"end":{"line":163,"column":5}}],"line":153},"20":{"loc":{"start":{"line":155,"column":6},"end":{"line":157,"column":7}},"type":"if","locations":[{"start":{"line":155,"column":6},"end":{"line":157,"column":7}},{"start":{"line":155,"column":6},"end":{"line":157,"column":7}}],"line":155},"21":{"loc":{"start":{"line":174,"column":4},"end":{"line":176,"column":5}},"type":"if","locations":[{"start":{"line":174,"column":4},"end":{"line":176,"column":5}},{"start":{"line":174,"column":4},"end":{"line":176,"column":5}}],"line":174},"22":{"loc":{"start":{"line":178,"column":4},"end":{"line":181,"column":5}},"type":"if","locations":[{"start":{"line":178,"column":4},"end":{"line":181,"column":5}},{"start":{"line":178,"column":4},"end":{"line":181,"column":5}}],"line":178},"23":{"loc":{"start":{"line":178,"column":8},"end":{"line":178,"column":39}},"type":"binary-expr","locations":[{"start":{"line":178,"column":8},"end":{"line":178,"column":26}},{"start":{"line":178,"column":30},"end":{"line":178,"column":39}}],"line":178},"24":{"loc":{"start":{"line":183,"column":4},"end":{"line":186,"column":5}},"type":"if","locations":[{"start":{"line":183,"column":4},"end":{"line":186,"column":5}},{"start":{"line":183,"column":4},"end":{"line":186,"column":5}}],"line":183},"25":{"loc":{"start":{"line":183,"column":8},"end":{"line":183,"column":40}},"type":"binary-expr","locations":[{"start":{"line":183,"column":8},"end":{"line":183,"column":26}},{"start":{"line":183,"column":30},"end":{"line":183,"column":40}}],"line":183},"26":{"loc":{"start":{"line":203,"column":4},"end":{"line":205,"column":5}},"type":"if","locations":[{"start":{"line":203,"column":4},"end":{"line":205,"column":5}},{"start":{"line":203,"column":4},"end":{"line":205,"column":5}}],"line":203},"27":{"loc":{"start":{"line":214,"column":4},"end":{"line":216,"column":5}},"type":"if","locations":[{"start":{"line":214,"column":4},"end":{"line":216,"column":5}},{"start":{"line":214,"column":4},"end":{"line":216,"column":5}}],"line":214},"28":{"loc":{"start":{"line":228,"column":4},"end":{"line":230,"column":5}},"type":"if","locations":[{"start":{"line":228,"column":4},"end":{"line":230,"column":5}},{"start":{"line":228,"column":4},"end":{"line":230,"column":5}}],"line":228},"29":{"loc":{"start":{"line":234,"column":4},"end":{"line":268,"column":5}},"type":"if","locations":[{"start":{"line":234,"column":4},"end":{"line":268,"column":5}},{"start":{"line":234,"column":4},"end":{"line":268,"column":5}}],"line":234},"30":{"loc":{"start":{"line":234,"column":8},"end":{"line":234,"column":49}},"type":"binary-expr","locations":[{"start":{"line":234,"column":8},"end":{"line":234,"column":26}},{"start":{"line":234,"column":30},"end":{"line":234,"column":49}}],"line":234},"31":{"loc":{"start":{"line":236,"column":6},"end":{"line":242,"column":7}},"type":"if","locations":[{"start":{"line":236,"column":6},"end":{"line":242,"column":7}},{"start":{"line":236,"column":6},"end":{"line":242,"column":7}}],"line":236},"32":{"loc":{"start":{"line":243,"column":11},"end":{"line":268,"column":5}},"type":"if","locations":[{"start":{"line":243,"column":11},"end":{"line":268,"column":5}},{"start":{"line":243,"column":11},"end":{"line":268,"column":5}}],"line":243},"33":{"loc":{"start":{"line":243,"column":15},"end":{"line":243,"column":54}},"type":"binary-expr","locations":[{"start":{"line":243,"column":15},"end":{"line":243,"column":32}},{"start":{"line":243,"column":36},"end":{"line":243,"column":54}}],"line":243},"34":{"loc":{"start":{"line":248,"column":6},"end":{"line":256,"column":7}},"type":"if","locations":[{"start":{"line":248,"column":6},"end":{"line":256,"column":7}},{"start":{"line":248,"column":6},"end":{"line":256,"column":7}}],"line":248},"35":{"loc":{"start":{"line":261,"column":24},"end":{"line":261,"column":63}},"type":"binary-expr","locations":[{"start":{"line":261,"column":24},"end":{"line":261,"column":41}},{"start":{"line":261,"column":45},"end":{"line":261,"column":63}}],"line":261},"36":{"loc":{"start":{"line":263,"column":6},"end":{"line":267,"column":7}},"type":"if","locations":[{"start":{"line":263,"column":6},"end":{"line":267,"column":7}},{"start":{"line":263,"column":6},"end":{"line":267,"column":7}}],"line":263},"37":{"loc":{"start":{"line":283,"column":4},"end":{"line":285,"column":5}},"type":"if","locations":[{"start":{"line":283,"column":4},"end":{"line":285,"column":5}},{"start":{"line":283,"column":4},"end":{"line":285,"column":5}}],"line":283},"38":{"loc":{"start":{"line":291,"column":4},"end":{"line":293,"column":5}},"type":"if","locations":[{"start":{"line":291,"column":4},"end":{"line":293,"column":5}},{"start":{"line":291,"column":4},"end":{"line":293,"column":5}}],"line":291}},"s":{"0":100,"1":100,"2":100,"3":100,"4":100,"5":7,"6":7,"7":2,"8":2,"9":35,"10":2,"11":35,"12":35,"13":33,"14":35,"15":41,"16":5,"17":41,"18":41,"19":38,"20":41,"21":12,"22":8,"23":8,"24":4,"25":3,"26":3,"27":1,"28":7,"29":1,"30":6,"31":2,"32":2,"33":4,"34":3,"35":3,"36":1,"37":2,"38":2,"39":2,"40":2,"41":94,"42":13,"43":13,"44":13,"45":81,"46":33,"47":9,"48":24,"49":24,"50":24,"51":48,"52":47,"53":20,"54":27,"55":27,"56":27,"57":1,"58":92,"59":33,"60":59,"61":17,"62":42,"63":31,"64":11,"65":16,"66":18,"67":9,"68":9,"69":8,"70":3,"71":5,"72":17,"73":17,"74":1,"75":16,"76":16,"77":10,"78":9,"79":1,"80":6,"81":3,"82":3,"83":1,"84":1,"85":2,"86":2,"87":3,"88":3,"89":2,"90":1,"91":16,"92":16,"93":136,"94":136,"95":43,"96":136,"97":136,"98":47,"99":136,"100":35},"f":{"0":100,"1":7,"2":2,"3":35,"4":41,"5":12,"6":7,"7":2,"8":94,"9":92,"10":16,"11":18,"12":8,"13":17,"14":136,"15":35},"b":{"0":[9],"1":[79],"2":[2,33],"3":[33,2],"4":[5,36],"5":[38,3],"6":[8,4],"7":[12,8],"8":[3,1],"9":[4,3],"10":[1,6],"11":[7,7],"12":[2,4],"13":[6,6],"14":[3,1],"15":[4,4],"16":[13,81],"17":[33,48],"18":[9,24],"19":[47,1],"20":[20,27],"21":[33,59],"22":[17,42],"23":[59,17],"24":[31,11],"25":[42,42],"26":[9,9],"27":[3,5],"28":[1,16],"29":[10,6],"30":[16,12],"31":[9,1],"32":[3,3],"33":[6,4],"34":[1,2],"35":[3,2],"36":[2,1],"37":[43,93],"38":[47,89]},"_coverageSchema":"332fd63041d2c1bcb487cc26dd0d5f7d97098a6c","hash":"b2c0ed847887e269a4f1e56de2c805fcdcc4a3db"}
,"/home/node/app/src/06-binary-search-tree/BinaryTreeNode.js": {"path":"/home/node/app/src/06-binary-search-tree/BinaryTreeNode.js","statementMap":{"0":{"start":{"line":6,"column":4},"end":{"line":6,"column":21}},"1":{"start":{"line":7,"column":4},"end":{"line":7,"column":22}},"2":{"start":{"line":8,"column":4},"end":{"line":8,"column":23}},"3":{"start":{"line":15,"column":4},"end":{"line":15,"column":21}},"4":{"start":{"line":16,"column":4},"end":{"line":16,"column":16}},"5":{"start":{"line":23,"column":4},"end":{"line":23,"column":22}},"6":{"start":{"line":24,"column":4},"end":{"line":24,"column":16}}},"fnMap":{"0":{"name":"(anonymous_0)","decl":{"start":{"line":5,"column":2},"end":{"line":5,"column":3}},"loc":{"start":{"line":5,"column":28},"end":{"line":9,"column":3}},"line":5},"1":{"name":"(anonymous_1)","decl":{"start":{"line":14,"column":2},"end":{"line":14,"column":3}},"loc":{"start":{"line":14,"column":16},"end":{"line":17,"column":3}},"line":14},"2":{"name":"(anonymous_2)","decl":{"start":{"line":22,"column":2},"end":{"line":22,"column":3}},"loc":{"start":{"line":22,"column":17},"end":{"line":25,"column":3}},"line":22}},"branchMap":{"0":{"loc":{"start":{"line":5,"column":14},"end":{"line":5,"column":26}},"type":"default-arg","locations":[{"start":{"line":5,"column":22},"end":{"line":5,"column":26}}],"line":5}},"s":{"0":31,"1":31,"2":31,"3":11,"4":11,"5":11,"6":11},"f":{"0":31,"1":11,"2":11},"b":{"0":[1]},"_coverageSchema":"332fd63041d2c1bcb487cc26dd0d5f7d97098a6c","hash":"7a4032e1b1b9b922e9d8867f73942940aadca5c5"}
,"/home/node/app/src/07-heap/MinHeap.js": {"path":"/home/node/app/src/07-heap/MinHeap.js","statementMap":{"0":{"start":{"line":14,"column":4},"end":{"line":14,"column":28}},"1":{"start":{"line":17,"column":4},"end":{"line":17,"column":34}},"2":{"start":{"line":21,"column":4},"end":{"line":21,"column":54}},"3":{"start":{"line":29,"column":4},"end":{"line":29,"column":33}},"4":{"start":{"line":37,"column":4},"end":{"line":37,"column":33}},"5":{"start":{"line":45,"column":4},"end":{"line":45,"column":44}},"6":{"start":{"line":53,"column":4},"end":{"line":53,"column":48}},"7":{"start":{"line":61,"column":4},"end":{"line":61,"column":75}},"8":{"start":{"line":69,"column":4},"end":{"line":69,"column":76}},"9":{"start":{"line":77,"column":4},"end":{"line":77,"column":67}},"10":{"start":{"line":85,"column":4},"end":{"line":85,"column":68}},"11":{"start":{"line":93,"column":4},"end":{"line":93,"column":63}},"12":{"start":{"line":101,"column":16},"end":{"line":101,"column":44}},"13":{"start":{"line":102,"column":4},"end":{"line":102,"column":64}},"14":{"start":{"line":103,"column":4},"end":{"line":103,"column":39}},"15":{"start":{"line":112,"column":29},"end":{"line":112,"column":31}},"16":{"start":{"line":114,"column":4},"end":{"line":118,"column":5}},"17":{"start":{"line":115,"column":6},"end":{"line":117,"column":7}},"18":{"start":{"line":116,"column":8},"end":{"line":116,"column":41}},"19":{"start":{"line":120,"column":4},"end":{"line":120,"column":28}},"20":{"start":{"line":128,"column":4},"end":{"line":128,"column":41}},"21":{"start":{"line":138,"column":23},"end":{"line":138,"column":72}},"22":{"start":{"line":140,"column":4},"end":{"line":146,"column":5}},"23":{"start":{"line":144,"column":6},"end":{"line":144,"column":65}},"24":{"start":{"line":145,"column":6},"end":{"line":145,"column":55}},"25":{"start":{"line":156,"column":23},"end":{"line":156,"column":39}},"26":{"start":{"line":157,"column":20},"end":{"line":157,"column":24}},"27":{"start":{"line":159,"column":4},"end":{"line":178,"column":5}},"28":{"start":{"line":160,"column":6},"end":{"line":167,"column":7}},"29":{"start":{"line":164,"column":8},"end":{"line":164,"column":58}},"30":{"start":{"line":166,"column":8},"end":{"line":166,"column":57}},"31":{"start":{"line":169,"column":6},"end":{"line":174,"column":7}},"32":{"start":{"line":173,"column":8},"end":{"line":173,"column":14}},"33":{"start":{"line":176,"column":6},"end":{"line":176,"column":41}},"34":{"start":{"line":177,"column":6},"end":{"line":177,"column":31}},"35":{"start":{"line":186,"column":4},"end":{"line":189,"column":5}},"36":{"start":{"line":188,"column":6},"end":{"line":188,"column":18}},"37":{"start":{"line":192,"column":4},"end":{"line":192,"column":33}},"38":{"start":{"line":199,"column":4},"end":{"line":202,"column":5}},"39":{"start":{"line":201,"column":6},"end":{"line":201,"column":18}},"40":{"start":{"line":204,"column":4},"end":{"line":207,"column":5}},"41":{"start":{"line":206,"column":6},"end":{"line":206,"column":38}},"42":{"start":{"line":210,"column":17},"end":{"line":210,"column":38}},"43":{"start":{"line":213,"column":4},"end":{"line":213,"column":53}},"44":{"start":{"line":216,"column":4},"end":{"line":216,"column":23}},"45":{"start":{"line":218,"column":4},"end":{"line":218,"column":16}},"46":{"start":{"line":227,"column":4},"end":{"line":227,"column":34}},"47":{"start":{"line":230,"column":4},"end":{"line":230,"column":38}},"48":{"start":{"line":234,"column":4},"end":{"line":234,"column":21}},"49":{"start":{"line":236,"column":4},"end":{"line":236,"column":16}},"50":{"start":{"line":246,"column":34},"end":{"line":246,"column":68}},"51":{"start":{"line":249,"column":4},"end":{"line":249,"column":35}},"52":{"start":{"line":251,"column":4},"end":{"line":281,"column":5}},"53":{"start":{"line":254,"column":28},"end":{"line":254,"column":61}},"54":{"start":{"line":258,"column":6},"end":{"line":280,"column":7}},"55":{"start":{"line":259,"column":8},"end":{"line":259,"column":33}},"56":{"start":{"line":262,"column":8},"end":{"line":262,"column":69}},"57":{"start":{"line":265,"column":27},"end":{"line":265,"column":53}},"58":{"start":{"line":269,"column":8},"end":{"line":279,"column":9}},"59":{"start":{"line":276,"column":10},"end":{"line":276,"column":42}},"60":{"start":{"line":278,"column":10},"end":{"line":278,"column":40}},"61":{"start":{"line":283,"column":4},"end":{"line":283,"column":16}},"62":{"start":{"line":290,"column":4},"end":{"line":290,"column":38}},"63":{"start":{"line":297,"column":4},"end":{"line":297,"column":41}}},"fnMap":{"0":{"name":"(anonymous_0)","decl":{"start":{"line":12,"column":2},"end":{"line":12,"column":3}},"loc":{"start":{"line":12,"column":34},"end":{"line":22,"column":3}},"line":12},"1":{"name":"(anonymous_1)","decl":{"start":{"line":28,"column":2},"end":{"line":28,"column":3}},"loc":{"start":{"line":28,"column":33},"end":{"line":30,"column":3}},"line":28},"2":{"name":"(anonymous_2)","decl":{"start":{"line":36,"column":2},"end":{"line":36,"column":3}},"loc":{"start":{"line":36,"column":34},"end":{"line":38,"column":3}},"line":36},"3":{"name":"(anonymous_3)","decl":{"start":{"line":44,"column":2},"end":{"line":44,"column":3}},"loc":{"start":{"line":44,"column":29},"end":{"line":46,"column":3}},"line":44},"4":{"name":"(anonymous_4)","decl":{"start":{"line":52,"column":2},"end":{"line":52,"column":3}},"loc":{"start":{"line":52,"column":24},"end":{"line":54,"column":3}},"line":52},"5":{"name":"(anonymous_5)","decl":{"start":{"line":60,"column":2},"end":{"line":60,"column":3}},"loc":{"start":{"line":60,"column":28},"end":{"line":62,"column":3}},"line":60},"6":{"name":"(anonymous_6)","decl":{"start":{"line":68,"column":2},"end":{"line":68,"column":3}},"loc":{"start":{"line":68,"column":29},"end":{"line":70,"column":3}},"line":68},"7":{"name":"(anonymous_7)","decl":{"start":{"line":76,"column":2},"end":{"line":76,"column":3}},"loc":{"start":{"line":76,"column":25},"end":{"line":78,"column":3}},"line":76},"8":{"name":"(anonymous_8)","decl":{"start":{"line":84,"column":2},"end":{"line":84,"column":3}},"loc":{"start":{"line":84,"column":26},"end":{"line":86,"column":3}},"line":84},"9":{"name":"(anonymous_9)","decl":{"start":{"line":92,"column":2},"end":{"line":92,"column":3}},"loc":{"start":{"line":92,"column":21},"end":{"line":94,"column":3}},"line":92},"10":{"name":"(anonymous_10)","decl":{"start":{"line":100,"column":2},"end":{"line":100,"column":3}},"loc":{"start":{"line":100,"column":27},"end":{"line":104,"column":3}},"line":100},"11":{"name":"(anonymous_11)","decl":{"start":{"line":111,"column":2},"end":{"line":111,"column":3}},"loc":{"start":{"line":111,"column":40},"end":{"line":121,"column":3}},"line":111},"12":{"name":"(anonymous_12)","decl":{"start":{"line":127,"column":2},"end":{"line":127,"column":3}},"loc":{"start":{"line":127,"column":12},"end":{"line":129,"column":3}},"line":127},"13":{"name":"(anonymous_13)","decl":{"start":{"line":134,"column":2},"end":{"line":134,"column":3}},"loc":{"start":{"line":134,"column":30},"end":{"line":147,"column":3}},"line":134},"14":{"name":"(anonymous_14)","decl":{"start":{"line":152,"column":2},"end":{"line":152,"column":3}},"loc":{"start":{"line":152,"column":36},"end":{"line":179,"column":3}},"line":152},"15":{"name":"(anonymous_15)","decl":{"start":{"line":184,"column":2},"end":{"line":184,"column":3}},"loc":{"start":{"line":184,"column":9},"end":{"line":193,"column":3}},"line":184},"16":{"name":"(anonymous_16)","decl":{"start":{"line":198,"column":2},"end":{"line":198,"column":3}},"loc":{"start":{"line":198,"column":9},"end":{"line":219,"column":3}},"line":198},"17":{"name":"(anonymous_17)","decl":{"start":{"line":225,"column":2},"end":{"line":225,"column":3}},"loc":{"start":{"line":225,"column":12},"end":{"line":237,"column":3}},"line":225},"18":{"name":"(anonymous_18)","decl":{"start":{"line":244,"column":2},"end":{"line":244,"column":3}},"loc":{"start":{"line":244,"column":42},"end":{"line":284,"column":3}},"line":244},"19":{"name":"(anonymous_19)","decl":{"start":{"line":289,"column":2},"end":{"line":289,"column":3}},"loc":{"start":{"line":289,"column":12},"end":{"line":291,"column":3}},"line":289},"20":{"name":"(anonymous_20)","decl":{"start":{"line":296,"column":2},"end":{"line":296,"column":3}},"loc":{"start":{"line":296,"column":13},"end":{"line":298,"column":3}},"line":296}},"branchMap":{"0":{"loc":{"start":{"line":111,"column":13},"end":{"line":111,"column":38}},"type":"default-arg","locations":[{"start":{"line":111,"column":26},"end":{"line":111,"column":38}}],"line":111},"1":{"loc":{"start":{"line":115,"column":6},"end":{"line":117,"column":7}},"type":"if","locations":[{"start":{"line":115,"column":6},"end":{"line":117,"column":7}},{"start":{"line":115,"column":6},"end":{"line":117,"column":7}}],"line":115},"2":{"loc":{"start":{"line":138,"column":23},"end":{"line":138,"column":72}},"type":"binary-expr","locations":[{"start":{"line":138,"column":23},"end":{"line":138,"column":39}},{"start":{"line":138,"column":43},"end":{"line":138,"column":72}}],"line":138},"3":{"loc":{"start":{"line":141,"column":6},"end":{"line":142,"column":94}},"type":"binary-expr","locations":[{"start":{"line":141,"column":6},"end":{"line":141,"column":34}},{"start":{"line":142,"column":9},"end":{"line":142,"column":94}}],"line":141},"4":{"loc":{"start":{"line":152,"column":14},"end":{"line":152,"column":34}},"type":"default-arg","locations":[{"start":{"line":152,"column":33},"end":{"line":152,"column":34}}],"line":152},"5":{"loc":{"start":{"line":160,"column":6},"end":{"line":167,"column":7}},"type":"if","locations":[{"start":{"line":160,"column":6},"end":{"line":167,"column":7}},{"start":{"line":160,"column":6},"end":{"line":167,"column":7}}],"line":160},"6":{"loc":{"start":{"line":161,"column":8},"end":{"line":162,"column":100}},"type":"binary-expr","locations":[{"start":{"line":161,"column":8},"end":{"line":161,"column":40}},{"start":{"line":162,"column":11},"end":{"line":162,"column":100}}],"line":161},"7":{"loc":{"start":{"line":169,"column":6},"end":{"line":174,"column":7}},"type":"if","locations":[{"start":{"line":169,"column":6},"end":{"line":174,"column":7}},{"start":{"line":169,"column":6},"end":{"line":174,"column":7}}],"line":169},"8":{"loc":{"start":{"line":186,"column":4},"end":{"line":189,"column":5}},"type":"if","locations":[{"start":{"line":186,"column":4},"end":{"line":189,"column":5}},{"start":{"line":186,"column":4},"end":{"line":189,"column":5}}],"line":186},"9":{"loc":{"start":{"line":199,"column":4},"end":{"line":202,"column":5}},"type":"if","locations":[{"start":{"line":199,"column":4},"end":{"line":202,"column":5}},{"start":{"line":199,"column":4},"end":{"line":202,"column":5}}],"line":199},"10":{"loc":{"start":{"line":204,"column":4},"end":{"line":207,"column":5}},"type":"if","locations":[{"start":{"line":204,"column":4},"end":{"line":207,"column":5}},{"start":{"line":204,"column":4},"end":{"line":207,"column":5}}],"line":204},"11":{"loc":{"start":{"line":244,"column":15},"end":{"line":244,"column":40}},"type":"default-arg","locations":[{"start":{"line":244,"column":28},"end":{"line":244,"column":40}}],"line":244},"12":{"loc":{"start":{"line":258,"column":6},"end":{"line":280,"column":7}},"type":"if","locations":[{"start":{"line":258,"column":6},"end":{"line":280,"column":7}},{"start":{"line":258,"column":6},"end":{"line":280,"column":7}}],"line":258},"13":{"loc":{"start":{"line":269,"column":8},"end":{"line":279,"column":9}},"type":"if","locations":[{"start":{"line":269,"column":8},"end":{"line":279,"column":9}},{"start":{"line":269,"column":8},"end":{"line":279,"column":9}}],"line":269},"14":{"loc":{"start":{"line":270,"column":10},"end":{"line":274,"column":11}},"type":"binary-expr","locations":[{"start":{"line":270,"column":10},"end":{"line":270,"column":42}},{"start":{"line":272,"column":12},"end":{"line":272,"column":23}},{"start":{"line":273,"column":15},"end":{"line":273,"column":62}}],"line":270}},"s":{"0":22,"1":22,"2":22,"3":132,"4":58,"5":397,"6":170,"7":84,"8":34,"9":19,"10":19,"11":139,"12":66,"13":66,"14":66,"15":57,"16":57,"17":253,"18":59,"19":57,"20":57,"21":126,"22":126,"23":44,"24":44,"25":43,"26":43,"27":43,"28":34,"29":5,"30":29,"31":34,"32":12,"33":22,"34":22,"35":22,"36":2,"37":20,"38":51,"39":1,"40":50,"41":13,"42":37,"43":37,"44":37,"45":37,"46":113,"47":113,"48":113,"49":113,"50":27,"51":27,"52":27,"53":27,"54":27,"55":8,"56":19,"57":19,"58":19,"59":6,"60":13,"61":27,"62":25,"63":37},"f":{"0":22,"1":132,"2":58,"3":397,"4":170,"5":84,"6":34,"7":19,"8":19,"9":139,"10":66,"11":57,"12":57,"13":126,"14":43,"15":22,"16":51,"17":113,"18":27,"19":25,"20":37},"b":{"0":[3],"1":[59,194],"2":[126,114],"3":[170,120],"4":[37],"5":[5,29],"6":[34,19],"7":[12,22],"8":[2,20],"9":[1,50],"10":[13,37],"11":[15],"12":[8,19],"13":[6,13],"14":[19,6,2]},"_coverageSchema":"332fd63041d2c1bcb487cc26dd0d5f7d97098a6c","hash":"c42cb02b3e53e224bd66d527795f5ad90f705419"}
,"/home/node/app/src/07-priority-queue/PriorityQueue.js": {"path":"/home/node/app/src/07-priority-queue/PriorityQueue.js","statementMap":{"0":{"start":{"line":15,"column":4},"end":{"line":17,"column":5}},"1":{"start":{"line":16,"column":6},"end":{"line":16,"column":15}},"2":{"start":{"line":18,"column":4},"end":{"line":18,"column":68}},"3":{"start":{"line":28,"column":4},"end":{"line":30,"column":5}},"4":{"start":{"line":29,"column":6},"end":{"line":29,"column":15}},"5":{"start":{"line":31,"column":4},"end":{"line":31,"column":26}},"6":{"start":{"line":36,"column":4},"end":{"line":36,"column":12}},"7":{"start":{"line":39,"column":4},"end":{"line":39,"column":32}},"8":{"start":{"line":43,"column":4},"end":{"line":43,"column":67}},"9":{"start":{"line":53,"column":4},"end":{"line":53,"column":40}},"10":{"start":{"line":54,"column":4},"end":{"line":54,"column":20}},"11":{"start":{"line":55,"column":4},"end":{"line":55,"column":16}},"12":{"start":{"line":65,"column":4},"end":{"line":65,"column":48}},"13":{"start":{"line":66,"column":4},"end":{"line":66,"column":33}},"14":{"start":{"line":67,"column":4},"end":{"line":67,"column":16}},"15":{"start":{"line":77,"column":4},"end":{"line":77,"column":57}},"16":{"start":{"line":78,"column":4},"end":{"line":78,"column":29}},"17":{"start":{"line":79,"column":4},"end":{"line":79,"column":16}}},"fnMap":{"0":{"name":"(anonymous_0)","decl":{"start":{"line":14,"column":2},"end":{"line":14,"column":3}},"loc":{"start":{"line":14,"column":24},"end":{"line":19,"column":3}},"line":14},"1":{"name":"(anonymous_1)","decl":{"start":{"line":27,"column":2},"end":{"line":27,"column":3}},"loc":{"start":{"line":27,"column":21},"end":{"line":32,"column":3}},"line":27},"2":{"name":"(anonymous_2)","decl":{"start":{"line":34,"column":2},"end":{"line":34,"column":3}},"loc":{"start":{"line":34,"column":16},"end":{"line":44,"column":3}},"line":34},"3":{"name":"(anonymous_3)","decl":{"start":{"line":52,"column":2},"end":{"line":52,"column":3}},"loc":{"start":{"line":52,"column":26},"end":{"line":56,"column":3}},"line":52},"4":{"name":"(anonymous_4)","decl":{"start":{"line":64,"column":2},"end":{"line":64,"column":3}},"loc":{"start":{"line":64,"column":40},"end":{"line":68,"column":3}},"line":64},"5":{"name":"(anonymous_5)","decl":{"start":{"line":76,"column":2},"end":{"line":76,"column":3}},"loc":{"start":{"line":76,"column":33},"end":{"line":80,"column":3}},"line":76}},"branchMap":{"0":{"loc":{"start":{"line":15,"column":4},"end":{"line":17,"column":5}},"type":"if","locations":[{"start":{"line":15,"column":4},"end":{"line":17,"column":5}},{"start":{"line":15,"column":4},"end":{"line":17,"column":5}}],"line":15},"1":{"loc":{"start":{"line":18,"column":11},"end":{"line":18,"column":67}},"type":"cond-expr","locations":[{"start":{"line":18,"column":61},"end":{"line":18,"column":63}},{"start":{"line":18,"column":66},"end":{"line":18,"column":67}}],"line":18},"2":{"loc":{"start":{"line":28,"column":4},"end":{"line":30,"column":5}},"type":"if","locations":[{"start":{"line":28,"column":4},"end":{"line":30,"column":5}},{"start":{"line":28,"column":4},"end":{"line":30,"column":5}}],"line":28},"3":{"loc":{"start":{"line":31,"column":11},"end":{"line":31,"column":25}},"type":"cond-expr","locations":[{"start":{"line":31,"column":19},"end":{"line":31,"column":21}},{"start":{"line":31,"column":24},"end":{"line":31,"column":25}}],"line":31},"4":{"loc":{"start":{"line":52,"column":12},"end":{"line":52,"column":24}},"type":"default-arg","locations":[{"start":{"line":52,"column":23},"end":{"line":52,"column":24}}],"line":52}},"s":{"0":99,"1":10,"2":89,"3":64,"4":22,"5":42,"6":13,"7":13,"8":13,"9":66,"10":66,"11":66,"12":11,"13":11,"14":11,"15":11,"16":11,"17":11},"f":{"0":99,"1":64,"2":13,"3":66,"4":11,"5":11},"b":{"0":[10,89],"1":[39,50],"2":[22,42],"3":[18,24],"4":[3]},"_coverageSchema":"332fd63041d2c1bcb487cc26dd0d5f7d97098a6c","hash":"e981336c596af842b38714c0cba825be382f3bc3"}
,"/home/node/app/src/08-graph/Graph.js": {"path":"/home/node/app/src/08-graph/Graph.js","statementMap":{"0":{"start":{"line":7,"column":4},"end":{"line":7,"column":23}},"1":{"start":{"line":8,"column":4},"end":{"line":8,"column":20}},"2":{"start":{"line":9,"column":4},"end":{"line":9,"column":33}},"3":{"start":{"line":18,"column":4},"end":{"line":18,"column":50}},"4":{"start":{"line":20,"column":4},"end":{"line":20,"column":16}},"5":{"start":{"line":29,"column":4},"end":{"line":29,"column":36}},"6":{"start":{"line":37,"column":4},"end":{"line":37,"column":40}},"7":{"start":{"line":45,"column":4},"end":{"line":45,"column":37}},"8":{"start":{"line":55,"column":22},"end":{"line":55,"column":68}},"9":{"start":{"line":56,"column":20},"end":{"line":56,"column":64}},"10":{"start":{"line":59,"column":4},"end":{"line":62,"column":5}},"11":{"start":{"line":60,"column":6},"end":{"line":60,"column":39}},"12":{"start":{"line":61,"column":6},"end":{"line":61,"column":67}},"13":{"start":{"line":65,"column":4},"end":{"line":68,"column":5}},"14":{"start":{"line":66,"column":6},"end":{"line":66,"column":37}},"15":{"start":{"line":67,"column":6},"end":{"line":67,"column":63}},"16":{"start":{"line":71,"column":4},"end":{"line":75,"column":5}},"17":{"start":{"line":72,"column":6},"end":{"line":72,"column":60}},"18":{"start":{"line":74,"column":6},"end":{"line":74,"column":39}},"19":{"start":{"line":78,"column":4},"end":{"line":85,"column":5}},"20":{"start":{"line":80,"column":6},"end":{"line":80,"column":32}},"21":{"start":{"line":83,"column":6},"end":{"line":83,"column":32}},"22":{"start":{"line":84,"column":6},"end":{"line":84,"column":30}},"23":{"start":{"line":87,"column":4},"end":{"line":87,"column":16}},"24":{"start":{"line":96,"column":4},"end":{"line":100,"column":5}},"25":{"start":{"line":97,"column":6},"end":{"line":97,"column":39}},"26":{"start":{"line":99,"column":6},"end":{"line":99,"column":49}},"27":{"start":{"line":103,"column":24},"end":{"line":103,"column":70}},"28":{"start":{"line":104,"column":22},"end":{"line":104,"column":66}},"29":{"start":{"line":106,"column":4},"end":{"line":106,"column":33}},"30":{"start":{"line":107,"column":4},"end":{"line":107,"column":31}},"31":{"start":{"line":117,"column":19},"end":{"line":117,"column":60}},"32":{"start":{"line":119,"column":4},"end":{"line":121,"column":5}},"33":{"start":{"line":120,"column":6},"end":{"line":120,"column":18}},"34":{"start":{"line":123,"column":4},"end":{"line":123,"column":38}},"35":{"start":{"line":131,"column":4},"end":{"line":131,"column":49}}},"fnMap":{"0":{"name":"(anonymous_0)","decl":{"start":{"line":6,"column":2},"end":{"line":6,"column":3}},"loc":{"start":{"line":6,"column":34},"end":{"line":10,"column":3}},"line":6},"1":{"name":"(anonymous_1)","decl":{"start":{"line":17,"column":2},"end":{"line":17,"column":3}},"loc":{"start":{"line":17,"column":23},"end":{"line":21,"column":3}},"line":17},"2":{"name":"(anonymous_2)","decl":{"start":{"line":28,"column":2},"end":{"line":28,"column":3}},"loc":{"start":{"line":28,"column":28},"end":{"line":30,"column":3}},"line":28},"3":{"name":"(anonymous_3)","decl":{"start":{"line":36,"column":2},"end":{"line":36,"column":3}},"loc":{"start":{"line":36,"column":19},"end":{"line":38,"column":3}},"line":36},"4":{"name":"(anonymous_4)","decl":{"start":{"line":44,"column":2},"end":{"line":44,"column":3}},"loc":{"start":{"line":44,"column":16},"end":{"line":46,"column":3}},"line":44},"5":{"name":"(anonymous_5)","decl":{"start":{"line":53,"column":2},"end":{"line":53,"column":3}},"loc":{"start":{"line":53,"column":16},"end":{"line":88,"column":3}},"line":53},"6":{"name":"(anonymous_6)","decl":{"start":{"line":94,"column":2},"end":{"line":94,"column":3}},"loc":{"start":{"line":94,"column":19},"end":{"line":108,"column":3}},"line":94},"7":{"name":"(anonymous_7)","decl":{"start":{"line":116,"column":2},"end":{"line":116,"column":3}},"loc":{"start":{"line":116,"column":35},"end":{"line":124,"column":3}},"line":116},"8":{"name":"(anonymous_8)","decl":{"start":{"line":130,"column":2},"end":{"line":130,"column":3}},"loc":{"start":{"line":130,"column":13},"end":{"line":132,"column":3}},"line":130}},"branchMap":{"0":{"loc":{"start":{"line":6,"column":14},"end":{"line":6,"column":32}},"type":"default-arg","locations":[{"start":{"line":6,"column":27},"end":{"line":6,"column":32}}],"line":6},"1":{"loc":{"start":{"line":59,"column":4},"end":{"line":62,"column":5}},"type":"if","locations":[{"start":{"line":59,"column":4},"end":{"line":62,"column":5}},{"start":{"line":59,"column":4},"end":{"line":62,"column":5}}],"line":59},"2":{"loc":{"start":{"line":65,"column":4},"end":{"line":68,"column":5}},"type":"if","locations":[{"start":{"line":65,"column":4},"end":{"line":68,"column":5}},{"start":{"line":65,"column":4},"end":{"line":68,"column":5}}],"line":65},"3":{"loc":{"start":{"line":71,"column":4},"end":{"line":75,"column":5}},"type":"if","locations":[{"start":{"line":71,"column":4},"end":{"line":75,"column":5}},{"start":{"line":71,"column":4},"end":{"line":75,"column":5}}],"line":71},"4":{"loc":{"start":{"line":78,"column":4},"end":{"line":85,"column":5}},"type":"if","locations":[{"start":{"line":78,"column":4},"end":{"line":85,"column":5}},{"start":{"line":78,"column":4},"end":{"line":85,"column":5}}],"line":78},"5":{"loc":{"start":{"line":96,"column":4},"end":{"line":100,"column":5}},"type":"if","locations":[{"start":{"line":96,"column":4},"end":{"line":100,"column":5}},{"start":{"line":96,"column":4},"end":{"line":100,"column":5}}],"line":96},"6":{"loc":{"start":{"line":119,"column":4},"end":{"line":121,"column":5}},"type":"if","locations":[{"start":{"line":119,"column":4},"end":{"line":121,"column":5}},{"start":{"line":119,"column":4},"end":{"line":121,"column":5}}],"line":119}},"s":{"0":17,"1":17,"2":17,"3":75,"4":75,"5":241,"6":24,"7":5,"8":76,"9":76,"10":76,"11":16,"12":16,"13":76,"14":51,"15":51,"16":76,"17":1,"18":75,"19":75,"20":30,"21":45,"22":45,"23":75,"24":2,"25":1,"26":1,"27":1,"28":1,"29":1,"30":1,"31":11,"32":11,"33":2,"34":9,"35":5},"f":{"0":17,"1":75,"2":241,"3":24,"4":5,"5":76,"6":2,"7":11,"8":5},"b":{"0":[9],"1":[16,60],"2":[51,25],"3":[1,75],"4":[30,45],"5":[1,1],"6":[2,9]},"_coverageSchema":"332fd63041d2c1bcb487cc26dd0d5f7d97098a6c","hash":"23c6c16a4099fa8b3c3ab285e707d5006ccdb2ac"}
,"/home/node/app/src/08-graph/GraphEdge.js": {"path":"/home/node/app/src/08-graph/GraphEdge.js","statementMap":{"0":{"start":{"line":9,"column":4},"end":{"line":9,"column":35}},"1":{"start":{"line":10,"column":4},"end":{"line":10,"column":31}},"2":{"start":{"line":11,"column":4},"end":{"line":11,"column":25}},"3":{"start":{"line":19,"column":27},"end":{"line":19,"column":52}},"4":{"start":{"line":20,"column":25},"end":{"line":20,"column":48}},"5":{"start":{"line":22,"column":4},"end":{"line":22,"column":47}},"6":{"start":{"line":30,"column":4},"end":{"line":30,"column":25}}},"fnMap":{"0":{"name":"(anonymous_0)","decl":{"start":{"line":8,"column":2},"end":{"line":8,"column":3}},"loc":{"start":{"line":8,"column":50},"end":{"line":12,"column":3}},"line":8},"1":{"name":"(anonymous_1)","decl":{"start":{"line":18,"column":2},"end":{"line":18,"column":3}},"loc":{"start":{"line":18,"column":11},"end":{"line":23,"column":3}},"line":18},"2":{"name":"(anonymous_2)","decl":{"start":{"line":29,"column":2},"end":{"line":29,"column":3}},"loc":{"start":{"line":29,"column":13},"end":{"line":31,"column":3}},"line":29}},"branchMap":{"0":{"loc":{"start":{"line":8,"column":38},"end":{"line":8,"column":48}},"type":"default-arg","locations":[{"start":{"line":8,"column":47},"end":{"line":8,"column":48}}],"line":8}},"s":{"0":89,"1":89,"2":89,"3":164,"4":164,"5":164,"6":5},"f":{"0":89,"1":164,"2":5},"b":{"0":[56]},"_coverageSchema":"332fd63041d2c1bcb487cc26dd0d5f7d97098a6c","hash":"c9591a775e0d8e8000226b9c62b34ce1dcfaefe5"}
[...]
,"/home/node/app/src/20-combinations/combineWithoutRepetitions.js": {"path":"/home/node/app/src/20-combinations/combineWithoutRepetitions.js","statementMap":{"0":{"start":{"line":8,"column":2},"end":{"line":10,"column":3}},"1":{"start":{"line":9,"column":4},"end":{"line":9,"column":58}},"2":{"start":{"line":9,"column":43},"end":{"line":9,"column":56}},"3":{"start":{"line":13,"column":17},"end":{"line":13,"column":19}},"4":{"start":{"line":17,"column":2},"end":{"line":28,"column":5}},"5":{"start":{"line":19,"column":26},"end":{"line":22,"column":5}},"6":{"start":{"line":25,"column":4},"end":{"line":27,"column":7}},"7":{"start":{"line":26,"column":6},"end":{"line":26,"column":56}},"8":{"start":{"line":31,"column":2},"end":{"line":31,"column":16}}},"fnMap":{"0":{"name":"combineWithoutRepetitions","decl":{"start":{"line":6,"column":24},"end":{"line":6,"column":49}},"loc":{"start":{"line":6,"column":77},"end":{"line":32,"column":1}},"line":6},"1":{"name":"(anonymous_1)","decl":{"start":{"line":9,"column":28},"end":{"line":9,"column":29}},"loc":{"start":{"line":9,"column":43},"end":{"line":9,"column":56}},"line":9},"2":{"name":"(anonymous_2)","decl":{"start":{"line":17,"column":23},"end":{"line":17,"column":24}},"loc":{"start":{"line":17,"column":55},"end":{"line":28,"column":3}},"line":17},"3":{"name":"(anonymous_3)","decl":{"start":{"line":25,"column":26},"end":{"line":25,"column":27}},"loc":{"start":{"line":25,"column":44},"end":{"line":27,"column":5}},"line":25}},"branchMap":{"0":{"loc":{"start":{"line":8,"column":2},"end":{"line":10,"column":3}},"type":"if","locations":[{"start":{"line":8,"column":2},"end":{"line":10,"column":3}},{"start":{"line":8,"column":2},"end":{"line":10,"column":3}}],"line":8}},"s":{"0":156,"1":93,"2":102,"3":63,"4":63,"5":146,"6":146,"7":264,"8":63},"f":{"0":156,"1":102,"2":146,"3":264},"b":{"0":[93,63]},"_coverageSchema":"332fd63041d2c1bcb487cc26dd0d5f7d97098a6c","hash":"917cebe964d414ac92b288665212f556bea73f0b"}
,"/home/node/app/src/21-quicksort/quickSort.js": {"path":"/home/node/app/src/21-quicksort/quickSort.js","statementMap":{"0":{"start":{"line":12,"column":21},"end":{"line":12,"column":55}},"1":{"start":{"line":16,"column":16},"end":{"line":16,"column":34}},"2":{"start":{"line":20,"column":2},"end":{"line":22,"column":3}},"3":{"start":{"line":21,"column":4},"end":{"line":21,"column":17}},"4":{"start":{"line":25,"column":20},"end":{"line":25,"column":22}},"5":{"start":{"line":26,"column":21},"end":{"line":26,"column":23}},"6":{"start":{"line":29,"column":23},"end":{"line":29,"column":36}},"7":{"start":{"line":30,"column":22},"end":{"line":30,"column":36}},"8":{"start":{"line":34,"column":2},"end":{"line":47,"column":3}},"9":{"start":{"line":36,"column":27},"end":{"line":36,"column":40}},"10":{"start":{"line":40,"column":4},"end":{"line":46,"column":5}},"11":{"start":{"line":41,"column":6},"end":{"line":41,"column":39}},"12":{"start":{"line":42,"column":11},"end":{"line":46,"column":5}},"13":{"start":{"line":43,"column":6},"end":{"line":43,"column":37}},"14":{"start":{"line":45,"column":6},"end":{"line":45,"column":38}},"15":{"start":{"line":50,"column":26},"end":{"line":50,"column":66}},"16":{"start":{"line":51,"column":27},"end":{"line":51,"column":68}},"17":{"start":{"line":54,"column":2},"end":{"line":54,"column":63}}},"fnMap":{"0":{"name":"quickSort","decl":{"start":{"line":9,"column":24},"end":{"line":9,"column":33}},"loc":{"start":{"line":9,"column":76},"end":{"line":55,"column":1}},"line":9}},"branchMap":{"0":{"loc":{"start":{"line":9,"column":49},"end":{"line":9,"column":74}},"type":"default-arg","locations":[{"start":{"line":9,"column":70},"end":{"line":9,"column":74}}],"line":9},"1":{"loc":{"start":{"line":20,"column":2},"end":{"line":22,"column":3}},"type":"if","locations":[{"start":{"line":20,"column":2},"end":{"line":22,"column":3}},{"start":{"line":20,"column":2},"end":{"line":22,"column":3}}],"line":20},"2":{"loc":{"start":{"line":40,"column":4},"end":{"line":46,"column":5}},"type":"if","locations":[{"start":{"line":40,"column":4},"end":{"line":46,"column":5}},{"start":{"line":40,"column":4},"end":{"line":46,"column":5}}],"line":40},"3":{"loc":{"start":{"line":42,"column":11},"end":{"line":46,"column":5}},"type":"if","locations":[{"start":{"line":42,"column":11},"end":{"line":46,"column":5}},{"start":{"line":42,"column":11},"end":{"line":46,"column":5}}],"line":42}},"s":{"0":164,"1":164,"2":164,"3":90,"4":74,"5":74,"6":74,"7":74,"8":74,"9":529,"10":529,"11":26,"12":503,"13":249,"14":254,"15":74,"16":74,"17":74},"f":{"0":164},"b":{"0":[10],"1":[90,74],"2":[26,503],"3":[249,254]},"_coverageSchema":"332fd63041d2c1bcb487cc26dd0d5f7d97098a6c","hash":"c08635bbfb8f16ec0aff74a1f2ce59796f507489"}
,"/home/node/app/src/22-tree-depth-first-search/depthFirstSearch.js": {"path":"/home/node/app/src/22-tree-depth-first-search/depthFirstSearch.js","statementMap":{"0":{"start":{"line":9,"column":2},"end":{"line":9,"column":26}},"1":{"start":{"line":12,"column":2},"end":{"line":14,"column":3}},"2":{"start":{"line":13,"column":4},"end":{"line":13,"column":51}},"3":{"start":{"line":17,"column":2},"end":{"line":19,"column":3}},"4":{"start":{"line":18,"column":4},"end":{"line":18,"column":52}}},"fnMap":{"0":{"name":"depthFirstSearch","decl":{"start":{"line":7,"column":16},"end":{"line":7,"column":32}},"loc":{"start":{"line":7,"column":69},"end":{"line":20,"column":1}},"line":7},"1":{"name":"(anonymous_1)","decl":{"start":{"line":7,"column":59},"end":{"line":7,"column":60}},"loc":{"start":{"line":7,"column":65},"end":{"line":7,"column":67}},"line":7}},"branchMap":{"0":{"loc":{"start":{"line":7,"column":39},"end":{"line":7,"column":67}},"type":"default-arg","locations":[{"start":{"line":7,"column":59},"end":{"line":7,"column":67}}],"line":7},"1":{"loc":{"start":{"line":12,"column":2},"end":{"line":14,"column":3}},"type":"if","locations":[{"start":{"line":12,"column":2},"end":{"line":14,"column":3}},{"start":{"line":12,"column":2},"end":{"line":14,"column":3}}],"line":12},"2":{"loc":{"start":{"line":17,"column":2},"end":{"line":19,"column":3}},"type":"if","locations":[{"start":{"line":17,"column":2},"end":{"line":19,"column":3}},{"start":{"line":17,"column":2},"end":{"line":19,"column":3}}],"line":17}},"s":{"0":19,"1":19,"2":8,"3":19,"4":8},"f":{"0":19,"1":7},"b":{"0":[1],"1":[8,11],"2":[8,11]},"_coverageSchema":"332fd63041d2c1bcb487cc26dd0d5f7d97098a6c","hash":"3cb6d6a786646355ed45ef21585009051890f9d4"}
,"/home/node/app/src/23-tree-breadth-first-search/breadthFirstSearch.js": {"path":"/home/node/app/src/23-tree-breadth-first-search/breadthFirstSearch.js","statementMap":{"0":{"start":{"line":14,"column":20},"end":{"line":14,"column":31}},"1":{"start":{"line":15,"column":2},"end":{"line":15,"column":30}},"2":{"start":{"line":18,"column":2},"end":{"line":34,"column":3}},"3":{"start":{"line":20,"column":24},"end":{"line":20,"column":43}},"4":{"start":{"line":23,"column":4},"end":{"line":23,"column":35}},"5":{"start":{"line":26,"column":4},"end":{"line":28,"column":5}},"6":{"start":{"line":27,"column":6},"end":{"line":27,"column":42}},"7":{"start":{"line":31,"column":4},"end":{"line":33,"column":5}},"8":{"start":{"line":32,"column":6},"end":{"line":32,"column":43}}},"fnMap":{"0":{"name":"breadthFirstSearch","decl":{"start":{"line":10,"column":16},"end":{"line":10,"column":34}},"loc":{"start":{"line":10,"column":75},"end":{"line":35,"column":1}},"line":10},"1":{"name":"(anonymous_1)","decl":{"start":{"line":10,"column":65},"end":{"line":10,"column":66}},"loc":{"start":{"line":10,"column":71},"end":{"line":10,"column":73}},"line":10}},"branchMap":{"0":{"loc":{"start":{"line":10,"column":45},"end":{"line":10,"column":73}},"type":"default-arg","locations":[{"start":{"line":10,"column":65},"end":{"line":10,"column":73}}],"line":10},"1":{"loc":{"start":{"line":26,"column":4},"end":{"line":28,"column":5}},"type":"if","locations":[{"start":{"line":26,"column":4},"end":{"line":28,"column":5}},{"start":{"line":26,"column":4},"end":{"line":28,"column":5}}],"line":26},"2":{"loc":{"start":{"line":31,"column":4},"end":{"line":33,"column":5}},"type":"if","locations":[{"start":{"line":31,"column":4},"end":{"line":33,"column":5}},{"start":{"line":31,"column":4},"end":{"line":33,"column":5}}],"line":31}},"s":{"0":3,"1":3,"2":3,"3":19,"4":19,"5":19,"6":8,"7":19,"8":8},"f":{"0":3,"1":7},"b":{"0":[1],"1":[8,11],"2":[8,11]},"_coverageSchema":"332fd63041d2c1bcb487cc26dd0d5f7d97098a6c","hash":"88bce8b50105d163bf1cea067abf2c571f9125c7"}
,"/home/node/app/src/24-graph-depth-first-search/depthFirstSearch.js": {"path":"/home/node/app/src/24-graph-depth-first-search/depthFirstSearch.js","statementMap":{"0":{"start":{"line":11,"column":26},"end":{"line":11,"column":28}},"1":{"start":{"line":14,"column":2},"end":{"line":14,"column":47}},"2":{"start":{"line":21,"column":36},"end":{"line":37,"column":3}},"3":{"start":{"line":23,"column":4},"end":{"line":23,"column":39}},"4":{"start":{"line":26,"column":4},"end":{"line":36,"column":9}},"5":{"start":{"line":30,"column":8},"end":{"line":35,"column":9}},"6":{"start":{"line":32,"column":10},"end":{"line":32,"column":54}},"7":{"start":{"line":34,"column":10},"end":{"line":34,"column":48}},"8":{"start":{"line":40,"column":2},"end":{"line":40,"column":41}}},"fnMap":{"0":{"name":"depthFirstSearch","decl":{"start":{"line":8,"column":16},"end":{"line":8,"column":32}},"loc":{"start":{"line":8,"column":74},"end":{"line":41,"column":1}},"line":8},"1":{"name":"(anonymous_1)","decl":{"start":{"line":21,"column":36},"end":{"line":21,"column":37}},"loc":{"start":{"line":21,"column":55},"end":{"line":37,"column":3}},"line":21},"2":{"name":"(anonymous_2)","decl":{"start":{"line":28,"column":15},"end":{"line":28,"column":16}},"loc":{"start":{"line":28,"column":31},"end":{"line":36,"column":7}},"line":28}},"branchMap":{"0":{"loc":{"start":{"line":30,"column":8},"end":{"line":35,"column":9}},"type":"if","locations":[{"start":{"line":30,"column":8},"end":{"line":35,"column":9}},{"start":{"line":30,"column":8},"end":{"line":35,"column":9}}],"line":30}},"s":{"0":2,"1":2,"2":2,"3":14,"4":14,"5":22,"6":12,"7":12,"8":2},"f":{"0":2,"1":14,"2":22},"b":{"0":[12,10]},"_coverageSchema":"332fd63041d2c1bcb487cc26dd0d5f7d97098a6c","hash":"0c8e7aa33793c3b0b05df522360a71b792cc2895"}
,"/home/node/app/src/25-graph-breadth-first-search/breadthFirstSearch.js": {"path":"/home/node/app/src/25-graph-breadth-first-search/breadthFirstSearch.js","statementMap":{"0":{"start":{"line":14,"column":22},"end":{"line":14,"column":33}},"1":{"start":{"line":17,"column":2},"end":{"line":17,"column":35}},"2":{"start":{"line":21,"column":26},"end":{"line":21,"column":28}},"3":{"start":{"line":24,"column":2},"end":{"line":24,"column":47}},"4":{"start":{"line":27,"column":2},"end":{"line":44,"column":3}},"5":{"start":{"line":29,"column":26},"end":{"line":29,"column":47}},"6":{"start":{"line":32,"column":4},"end":{"line":32,"column":39}},"7":{"start":{"line":35,"column":4},"end":{"line":43,"column":7}},"8":{"start":{"line":36,"column":6},"end":{"line":42,"column":7}},"9":{"start":{"line":38,"column":8},"end":{"line":38,"column":52}},"10":{"start":{"line":41,"column":8},"end":{"line":41,"column":40}}},"fnMap":{"0":{"name":"breadthFirstSearch","decl":{"start":{"line":11,"column":16},"end":{"line":11,"column":34}},"loc":{"start":{"line":11,"column":76},"end":{"line":45,"column":1}},"line":11},"1":{"name":"(anonymous_1)","decl":{"start":{"line":35,"column":41},"end":{"line":35,"column":42}},"loc":{"start":{"line":35,"column":57},"end":{"line":43,"column":5}},"line":35}},"branchMap":{"0":{"loc":{"start":{"line":36,"column":6},"end":{"line":42,"column":7}},"type":"if","locations":[{"start":{"line":36,"column":6},"end":{"line":42,"column":7}},{"start":{"line":36,"column":6},"end":{"line":42,"column":7}}],"line":36}},"s":{"0":2,"1":2,"2":2,"3":2,"4":2,"5":15,"6":15,"7":15,"8":23,"9":13,"10":13},"f":{"0":2,"1":23},"b":{"0":[13,10]},"_coverageSchema":"332fd63041d2c1bcb487cc26dd0d5f7d97098a6c","hash":"f258a9341de418b72d67f366560de941d252c673"}
,"/home/node/app/src/26-dijkstra/dijkstra.js": {"path":"/home/node/app/src/26-dijkstra/dijkstra.js","statementMap":{"0":{"start":{"line":18,"column":20},"end":{"line":18,"column":22}},"1":{"start":{"line":19,"column":26},"end":{"line":19,"column":28}},"2":{"start":{"line":20,"column":27},"end":{"line":20,"column":29}},"3":{"start":{"line":21,"column":16},"end":{"line":21,"column":35}},"4":{"start":{"line":25,"column":2},"end":{"line":28,"column":5}},"5":{"start":{"line":26,"column":4},"end":{"line":26,"column":42}},"6":{"start":{"line":27,"column":4},"end":{"line":27,"column":45}},"7":{"start":{"line":31,"column":2},"end":{"line":31,"column":38}},"8":{"start":{"line":34,"column":2},"end":{"line":34,"column":58}},"9":{"start":{"line":37,"column":2},"end":{"line":70,"column":3}},"10":{"start":{"line":39,"column":26},"end":{"line":39,"column":38}},"11":{"start":{"line":42,"column":4},"end":{"line":66,"column":7}},"12":{"start":{"line":43,"column":6},"end":{"line":65,"column":7}},"13":{"start":{"line":44,"column":26},"end":{"line":44,"column":46}},"14":{"start":{"line":45,"column":43},"end":{"line":45,"column":71}},"15":{"start":{"line":46,"column":46},"end":{"line":46,"column":91}},"16":{"start":{"line":49,"column":8},"end":{"line":59,"column":9}},"17":{"start":{"line":50,"column":10},"end":{"line":50,"column":71}},"18":{"start":{"line":53,"column":10},"end":{"line":55,"column":11}},"19":{"start":{"line":54,"column":12},"end":{"line":54,"column":73}},"20":{"start":{"line":58,"column":10},"end":{"line":58,"column":62}},"21":{"start":{"line":62,"column":8},"end":{"line":64,"column":9}},"22":{"start":{"line":63,"column":10},"end":{"line":63,"column":60}},"23":{"start":{"line":69,"column":4},"end":{"line":69,"column":51}},"24":{"start":{"line":73,"column":2},"end":{"line":73,"column":41}}},"fnMap":{"0":{"name":"dijkstra","decl":{"start":{"line":16,"column":24},"end":{"line":16,"column":32}},"loc":{"start":{"line":16,"column":53},"end":{"line":74,"column":1}},"line":16},"1":{"name":"(anonymous_1)","decl":{"start":{"line":25,"column":33},"end":{"line":25,"column":34}},"loc":{"start":{"line":25,"column":45},"end":{"line":28,"column":3}},"line":25},"2":{"name":"(anonymous_2)","decl":{"start":{"line":42,"column":41},"end":{"line":42,"column":42}},"loc":{"start":{"line":42,"column":55},"end":{"line":66,"column":5}},"line":42}},"branchMap":{"0":{"loc":{"start":{"line":43,"column":6},"end":{"line":65,"column":7}},"type":"if","locations":[{"start":{"line":43,"column":6},"end":{"line":65,"column":7}},{"start":{"line":43,"column":6},"end":{"line":65,"column":7}}],"line":43},"1":{"loc":{"start":{"line":49,"column":8},"end":{"line":59,"column":9}},"type":"if","locations":[{"start":{"line":49,"column":8},"end":{"line":59,"column":9}},{"start":{"line":49,"column":8},"end":{"line":59,"column":9}}],"line":49},"2":{"loc":{"start":{"line":53,"column":10},"end":{"line":55,"column":11}},"type":"if","locations":[{"start":{"line":53,"column":10},"end":{"line":55,"column":11}},{"start":{"line":53,"column":10},"end":{"line":55,"column":11}}],"line":53},"3":{"loc":{"start":{"line":62,"column":8},"end":{"line":64,"column":9}},"type":"if","locations":[{"start":{"line":62,"column":8},"end":{"line":64,"column":9}},{"start":{"line":62,"column":8},"end":{"line":64,"column":9}}],"line":62}},"s":{"0":3,"1":3,"2":3,"3":3,"4":3,"5":22,"6":22,"7":3,"8":3,"9":3,"10":20,"11":20,"12":52,"13":29,"14":29,"15":29,"16":29,"17":22,"18":22,"19":5,"20":22,"21":29,"22":17,"23":20,"24":3},"f":{"0":3,"1":22,"2":52},"b":{"0":[29,23],"1":[22,7],"2":[5,17],"3":[17,12]},"_coverageSchema":"332fd63041d2c1bcb487cc26dd0d5f7d97098a6c","hash":"46d412bbdda0ae883f2f909e0f06ac6b05f58708"}
,"/home/node/app/src/utils/comparator/Comparator.js": {"path":"/home/node/app/src/utils/comparator/Comparator.js","statementMap":{"0":{"start":{"line":9,"column":4},"end":{"line":11,"column":5}},"1":{"start":{"line":10,"column":6},"end":{"line":10,"column":15}},"2":{"start":{"line":13,"column":4},"end":{"line":13,"column":26}},"3":{"start":{"line":21,"column":4},"end":{"line":21,"column":72}},"4":{"start":{"line":31,"column":4},"end":{"line":31,"column":36}},"5":{"start":{"line":41,"column":4},"end":{"line":41,"column":34}},"6":{"start":{"line":51,"column":4},"end":{"line":51,"column":34}},"7":{"start":{"line":61,"column":4},"end":{"line":61,"column":51}},"8":{"start":{"line":71,"column":4},"end":{"line":71,"column":54}}},"fnMap":{"0":{"name":"(anonymous_0)","decl":{"start":{"line":8,"column":2},"end":{"line":8,"column":3}},"loc":{"start":{"line":8,"column":38},"end":{"line":14,"column":3}},"line":8},"1":{"name":"(anonymous_1)","decl":{"start":{"line":20,"column":2},"end":{"line":20,"column":3}},"loc":{"start":{"line":20,"column":31},"end":{"line":22,"column":3}},"line":20},"2":{"name":"(anonymous_2)","decl":{"start":{"line":30,"column":2},"end":{"line":30,"column":3}},"loc":{"start":{"line":30,"column":14},"end":{"line":32,"column":3}},"line":30},"3":{"name":"(anonymous_3)","decl":{"start":{"line":40,"column":2},"end":{"line":40,"column":3}},"loc":{"start":{"line":40,"column":17},"end":{"line":42,"column":3}},"line":40},"4":{"name":"(anonymous_4)","decl":{"start":{"line":50,"column":2},"end":{"line":50,"column":3}},"loc":{"start":{"line":50,"column":20},"end":{"line":52,"column":3}},"line":50},"5":{"name":"(anonymous_5)","decl":{"start":{"line":60,"column":2},"end":{"line":60,"column":3}},"loc":{"start":{"line":60,"column":24},"end":{"line":62,"column":3}},"line":60},"6":{"name":"(anonymous_6)","decl":{"start":{"line":70,"column":2},"end":{"line":70,"column":3}},"loc":{"start":{"line":70,"column":27},"end":{"line":72,"column":3}},"line":70}},"branchMap":{"0":{"loc":{"start":{"line":9,"column":4},"end":{"line":11,"column":5}},"type":"if","locations":[{"start":{"line":9,"column":4},"end":{"line":11,"column":5}},{"start":{"line":9,"column":4},"end":{"line":11,"column":5}}],"line":9},"1":{"loc":{"start":{"line":13,"column":11},"end":{"line":13,"column":25}},"type":"cond-expr","locations":[{"start":{"line":13,"column":19},"end":{"line":13,"column":21}},{"start":{"line":13,"column":24},"end":{"line":13,"column":25}}],"line":13},"2":{"loc":{"start":{"line":21,"column":19},"end":{"line":21,"column":71}},"type":"binary-expr","locations":[{"start":{"line":21,"column":19},"end":{"line":21,"column":34}},{"start":{"line":21,"column":38},"end":{"line":21,"column":71}}],"line":21},"3":{"loc":{"start":{"line":61,"column":11},"end":{"line":61,"column":50}},"type":"binary-expr","locations":[{"start":{"line":61,"column":11},"end":{"line":61,"column":30}},{"start":{"line":61,"column":34},"end":{"line":61,"column":50}}],"line":61},"4":{"loc":{"start":{"line":71,"column":11},"end":{"line":71,"column":53}},"type":"binary-expr","locations":[{"start":{"line":71,"column":11},"end":{"line":71,"column":33}},{"start":{"line":71,"column":37},"end":{"line":71,"column":53}}],"line":71}},"s":{"0":1351,"1":86,"2":1265,"3":242,"4":912,"5":588,"6":128,"7":56,"8":6},"f":{"0":1351,"1":242,"2":912,"3":588,"4":128,"5":56,"6":6},"b":{"0":[86,1265],"1":[638,627],"2":[242,180],"3":[56,41],"4":[6,4]},"_coverageSchema":"332fd63041d2c1bcb487cc26dd0d5f7d97098a6c","hash":"b8bf240ee511072a575f408ebb1d32594d5e554d"}
}
